#
# There is insufficient memory for the Java Runtime Environment to continue.
# Native memory allocation (malloc) failed to allocate 32744 bytes. Error detail: Chunk::new
# Possible reasons:
#   The system is out of physical RAM or swap space
#   This process is running with CompressedOops enabled, and the Java Heap may be blocking the growth of the native heap
# Possible solutions:
#   Reduce memory load on the system
#   Increase physical memory or swap space
#   Check if swap backing store is full
#   Decrease Java heap size (-Xmx/-Xms)
#   Decrease number of Java threads
#   Decrease Java thread stack sizes (-Xss)
#   Set larger code cache with -XX:ReservedCodeCacheSize=
#   JVM is running with Unscaled Compressed Oops mode in which the Java heap is
#     placed in the first 4GB address space. The Java Heap base address is the
#     maximum limit for the native heap growth. Please use -XX:HeapBaseMinAddress
#     to set the Java Heap base and to place the Java Heap above 4GB virtual address.
# This output file may be truncated or incomplete.
#
#  Out of Memory Error (arena.cpp:168), pid=11908, tid=23128
#
# JRE version: OpenJDK Runtime Environment Temurin-21.0.8+9 (21.0.8+9) (build 21.0.8+9-LTS)
# Java VM: OpenJDK 64-Bit Server VM Temurin-21.0.8+9 (21.0.8+9-LTS, mixed mode, sharing, tiered, compressed oops, compressed class ptrs, parallel gc, windows-amd64)
# No core dump will be written. Minidumps are not enabled by default on client versions of Windows
#

---------------  S U M M A R Y ------------

Command Line: --add-modules=ALL-SYSTEM --add-opens=java.base/java.util=ALL-UNNAMED --add-opens=java.base/java.lang=ALL-UNNAMED --add-opens=java.base/sun.nio.fs=ALL-UNNAMED -Declipse.application=org.eclipse.jdt.ls.core.id1 -Dosgi.bundles.defaultStartLevel=4 -Declipse.product=org.eclipse.jdt.ls.core.product -Djava.import.generatesMetadataFilesAtProjectRoot=false -DDetectVMInstallationsJob.disabled=true -Dfile.encoding=utf8 -XX:+UseParallelGC -XX:GCTimeRatio=4 -XX:AdaptiveSizePolicyWeight=90 -Dsun.zip.disableMemoryMapping=true -Xmx2G -Xms100m -Xlog:disable -javaagent:c:\Users\ANKIT\.vscode\extensions\redhat.java-1.46.0-win32-x64\lombok\lombok-1.18.39-4050.jar -XX:+HeapDumpOnOutOfMemoryError -XX:HeapDumpPath=c:\Users\ANKIT\AppData\Roaming\Code\User\workspaceStorage\d4ce133bf22aadc5d977554e0ce369fd\redhat.java -Daether.dependencyCollector.impl=bf c:\Users\ANKIT\.vscode\extensions\redhat.java-1.46.0-win32-x64\server\plugins\org.eclipse.equinox.launcher_1.7.0.v20250519-0528.jar -configuration c:\Users\ANKIT\AppData\Roaming\Code\User\globalStorage\redhat.java\1.46.0\config_win -data c:\Users\ANKIT\AppData\Roaming\Code\User\workspaceStorage\d4ce133bf22aadc5d977554e0ce369fd\redhat.java\jdt_ws --pipe=\\.\pipe\lsp-11ef30b5093d09a41a289101c7a201c2-sock

Host: AMD Ryzen 5 5600U with Radeon Graphics         , 12 cores, 15G,  Windows 10 , 64 bit Build 19041 (10.0.19041.5915)
Time: Fri Oct 31 21:58:50 2025 India Standard Time elapsed time: 3.608440 seconds (0d 0h 0m 3s)

---------------  T H R E A D  ---------------

Current thread (0x000001dbec667000):  JavaThread "C2 CompilerThread1" daemon [_thread_in_native, id=23128, stack(0x0000008e5f400000,0x0000008e5f500000) (1024K)]


Current CompileTask:
C2:3608 5059       4       java.io.WinNTFileSystem::normalize (143 bytes)

Stack: [0x0000008e5f400000,0x0000008e5f500000]
Native frames: (J=compiled Java code, j=interpreted, Vv=VM code, C=native code)
V  [jvm.dll+0x6d2449]
V  [jvm.dll+0x8ae341]
V  [jvm.dll+0x8b08be]
V  [jvm.dll+0x8b0fa3]
V  [jvm.dll+0x280c96]
V  [jvm.dll+0xc581d]
V  [jvm.dll+0xc5d53]
V  [jvm.dll+0x71bee8]
V  [jvm.dll+0x1e1146]
V  [jvm.dll+0x249022]
V  [jvm.dll+0x2484af]
V  [jvm.dll+0x1c89ee]
V  [jvm.dll+0x257d4d]
V  [jvm.dll+0x2562ea]
V  [jvm.dll+0x3f2d16]
V  [jvm.dll+0x857e6b]
V  [jvm.dll+0x6d0b0d]
C  [ucrtbase.dll+0x21bb2]
C  [KERNEL32.DLL+0x17374]
C  [ntdll.dll+0x4cc91]


---------------  P R O C E S S  ---------------

Threads class SMR info:
_java_thread_list=0x000001dbf31e2800, length=44, elements={
0x000001db92a54020, 0x000001dba94f1fd0, 0x000001dba94f3610, 0x000001dba94f6c60,
0x000001dba94f7b30, 0x000001dbec459f00, 0x000001dbec45a950, 0x000001dbec45d2e0,
0x000001dbec45fa40, 0x000001db92abf1b0, 0x000001dbec667000, 0x000001dbec79ec20,
0x000001dbf11ce360, 0x000001dbf17aaaa0, 0x000001dbf1a37500, 0x000001dbf188aac0,
0x000001dbf188b120, 0x000001dbf1b61600, 0x000001dbf1f9ce60, 0x000001dbf1bb3af0,
0x000001dbf1bb4180, 0x000001dbf1bb4810, 0x000001dbf1bb4ea0, 0x000001dbf1bb5530,
0x000001dbf1bb5bc0, 0x000001dbf1bb3460, 0x000001dbf44c6fb0, 0x000001dbf44c9710,
0x000001dbf44ce5d0, 0x000001dbf44cb7e0, 0x000001dbf44c7cd0, 0x000001dbf44ca430,
0x000001dbf44c8360, 0x000001dbf44c7640, 0x000001dbf44cbe70, 0x000001dbf44cc500,
0x000001dbf44c89f0, 0x000001dbf44ccb90, 0x000001dbf44c9080, 0x000001dbf44cd220,
0x000001dbf44c9da0, 0x000001dbf44cd8b0, 0x000001dbf44caac0, 0x000001dbf44cb150
}

Java Threads: ( => current thread )
  0x000001db92a54020 JavaThread "main"                              [_thread_in_Java, id=13340, stack(0x0000008e5e700000,0x0000008e5e800000) (1024K)]
  0x000001dba94f1fd0 JavaThread "Reference Handler"          daemon [_thread_blocked, id=19632, stack(0x0000008e5eb00000,0x0000008e5ec00000) (1024K)]
  0x000001dba94f3610 JavaThread "Finalizer"                  daemon [_thread_blocked, id=18768, stack(0x0000008e5ec00000,0x0000008e5ed00000) (1024K)]
  0x000001dba94f6c60 JavaThread "Signal Dispatcher"          daemon [_thread_blocked, id=18924, stack(0x0000008e5ed00000,0x0000008e5ee00000) (1024K)]
  0x000001dba94f7b30 JavaThread "Attach Listener"            daemon [_thread_blocked, id=21520, stack(0x0000008e5ee00000,0x0000008e5ef00000) (1024K)]
  0x000001dbec459f00 JavaThread "Service Thread"             daemon [_thread_blocked, id=13908, stack(0x0000008e5ef00000,0x0000008e5f000000) (1024K)]
  0x000001dbec45a950 JavaThread "Monitor Deflation Thread"   daemon [_thread_blocked, id=23968, stack(0x0000008e5f000000,0x0000008e5f100000) (1024K)]
  0x000001dbec45d2e0 JavaThread "C2 CompilerThread0"         daemon [_thread_in_native, id=10700, stack(0x0000008e5f100000,0x0000008e5f200000) (1024K)]
  0x000001dbec45fa40 JavaThread "C1 CompilerThread0"         daemon [_thread_in_native, id=20576, stack(0x0000008e5f200000,0x0000008e5f300000) (1024K)]
  0x000001db92abf1b0 JavaThread "Common-Cleaner"             daemon [_thread_blocked, id=19736, stack(0x0000008e5f300000,0x0000008e5f400000) (1024K)]
=>0x000001dbec667000 JavaThread "C2 CompilerThread1"         daemon [_thread_in_native, id=23128, stack(0x0000008e5f400000,0x0000008e5f500000) (1024K)]
  0x000001dbec79ec20 JavaThread "Notification Thread"        daemon [_thread_blocked, id=19056, stack(0x0000008e5f500000,0x0000008e5f600000) (1024K)]
  0x000001dbf11ce360 JavaThread "C2 CompilerThread2"         daemon [_thread_in_native, id=6140, stack(0x0000008e5f600000,0x0000008e5f700000) (1024K)]
  0x000001dbf17aaaa0 JavaThread "Active Thread: Equinox Container: 0c09c4a8-1170-4b0e-8c9e-ba98ed9bdd7c"        [_thread_blocked, id=1264, stack(0x0000008e5fd00000,0x0000008e5fe00000) (1024K)]
  0x000001dbf1a37500 JavaThread "Refresh Thread: Equinox Container: 0c09c4a8-1170-4b0e-8c9e-ba98ed9bdd7c" daemon [_thread_blocked, id=13752, stack(0x0000008e5fe00000,0x0000008e5ff00000) (1024K)]
  0x000001dbf188aac0 JavaThread "Framework Event Dispatcher: Equinox Container: 0c09c4a8-1170-4b0e-8c9e-ba98ed9bdd7c" daemon [_thread_blocked, id=18012, stack(0x0000008e60000000,0x0000008e60100000) (1024K)]
  0x000001dbf188b120 JavaThread "Start Level: Equinox Container: 0c09c4a8-1170-4b0e-8c9e-ba98ed9bdd7c" daemon [_thread_blocked, id=24424, stack(0x0000008e60100000,0x0000008e60200000) (1024K)]
  0x000001dbf1b61600 JavaThread "Bundle File Closer"         daemon [_thread_blocked, id=7216, stack(0x0000008e60400000,0x0000008e60500000) (1024K)]
  0x000001dbf1f9ce60 JavaThread "SCR Component Actor"        daemon [_thread_blocked, id=20412, stack(0x0000008e60500000,0x0000008e60600000) (1024K)]
  0x000001dbf1bb3af0 JavaThread "Worker-JM"                         [_thread_blocked, id=22348, stack(0x0000008e60600000,0x0000008e60700000) (1024K)]
  0x000001dbf1bb4180 JavaThread "JNA Cleaner"                daemon [_thread_blocked, id=10132, stack(0x0000008e60700000,0x0000008e60800000) (1024K)]
  0x000001dbf1bb4810 JavaThread "Worker-0"                          [_thread_blocked, id=14968, stack(0x0000008e60800000,0x0000008e60900000) (1024K)]
  0x000001dbf1bb4ea0 JavaThread "Worker-1: Refreshing workspace"        [_thread_in_native, id=22012, stack(0x0000008e60900000,0x0000008e60a00000) (1024K)]
  0x000001dbf1bb5530 JavaThread "Worker-2: Initialize After Load"        [_thread_blocked, id=3232, stack(0x0000008e60a00000,0x0000008e60b00000) (1024K)]
  0x000001dbf1bb5bc0 JavaThread "Java indexing"              daemon [_thread_blocked, id=20552, stack(0x0000008e60b00000,0x0000008e60c00000) (1024K)]
  0x000001dbf1bb3460 JavaThread "Worker-3: Repository registry initialization"        [_thread_blocked, id=15580, stack(0x0000008e60c00000,0x0000008e60d00000) (1024K)]
  0x000001dbf44c6fb0 JavaThread "Worker-4: Updating Maven Dependencies"        [_thread_in_vm, id=9580, stack(0x0000008e60d00000,0x0000008e60e00000) (1024K)]
  0x000001dbf44c9710 JavaThread "Thread-1"                   daemon [_thread_in_native, id=22128, stack(0x0000008e60e00000,0x0000008e60f00000) (1024K)]
  0x000001dbf44ce5d0 JavaThread "Thread-2"                   daemon [_thread_in_native, id=15284, stack(0x0000008e60f00000,0x0000008e61000000) (1024K)]
  0x000001dbf44cb7e0 JavaThread "Thread-3"                   daemon [_thread_in_native, id=21044, stack(0x0000008e61000000,0x0000008e61100000) (1024K)]
  0x000001dbf44c7cd0 JavaThread "Thread-4"                   daemon [_thread_in_native, id=2676, stack(0x0000008e61100000,0x0000008e61200000) (1024K)]
  0x000001dbf44ca430 JavaThread "Thread-5"                   daemon [_thread_in_native, id=10120, stack(0x0000008e61200000,0x0000008e61300000) (1024K)]
  0x000001dbf44c8360 JavaThread "Thread-6"                   daemon [_thread_in_native, id=21620, stack(0x0000008e61300000,0x0000008e61400000) (1024K)]
  0x000001dbf44c7640 JavaThread "Thread-7"                   daemon [_thread_in_native, id=19544, stack(0x0000008e61400000,0x0000008e61500000) (1024K)]
  0x000001dbf44cbe70 JavaThread "Thread-8"                   daemon [_thread_in_native, id=20088, stack(0x0000008e61500000,0x0000008e61600000) (1024K)]
  0x000001dbf44cc500 JavaThread "Thread-9"                   daemon [_thread_in_native, id=21392, stack(0x0000008e61600000,0x0000008e61700000) (1024K)]
  0x000001dbf44c89f0 JavaThread "Thread-10"                  daemon [_thread_in_native, id=7100, stack(0x0000008e61700000,0x0000008e61800000) (1024K)]
  0x000001dbf44ccb90 JavaThread "Thread-11"                  daemon [_thread_in_native, id=21008, stack(0x0000008e61800000,0x0000008e61900000) (1024K)]
  0x000001dbf44c9080 JavaThread "Thread-12"                  daemon [_thread_in_native, id=18556, stack(0x0000008e61900000,0x0000008e61a00000) (1024K)]
  0x000001dbf44cd220 JavaThread "Thread-13"                  daemon [_thread_in_native, id=23428, stack(0x0000008e61a00000,0x0000008e61b00000) (1024K)]
  0x000001dbf44c9da0 JavaThread "pool-2-thread-1"                   [_thread_blocked, id=17936, stack(0x0000008e61b00000,0x0000008e61c00000) (1024K)]
  0x000001dbf44cd8b0 JavaThread "Worker-5"                          [_thread_blocked, id=9232, stack(0x0000008e61c00000,0x0000008e61d00000) (1024K)]
  0x000001dbf44caac0 JavaThread "WorkspaceEventsHandler"            [_thread_blocked, id=10104, stack(0x0000008e61d00000,0x0000008e61e00000) (1024K)]
  0x000001dbf44cb150 JavaThread "pool-1-thread-1"                   [_thread_in_vm, id=18840, stack(0x0000008e61e00000,0x0000008e61f00000) (1024K)]
Total: 44

Other Threads:
  0x000001db92b13830 VMThread "VM Thread"                           [id=19620, stack(0x0000008e5ea00000,0x0000008e5eb00000) (1024K)]
  0x000001db92abe180 WatcherThread "VM Periodic Task Thread"        [id=4492, stack(0x0000008e5e900000,0x0000008e5ea00000) (1024K)]
  0x000001db92a70a10 WorkerThread "GC Thread#0"                     [id=21880, stack(0x0000008e5e800000,0x0000008e5e900000) (1024K)]
  0x000001dbf114f440 WorkerThread "GC Thread#1"                     [id=15400, stack(0x0000008e5f700000,0x0000008e5f800000) (1024K)]
  0x000001dbf10ea800 WorkerThread "GC Thread#2"                     [id=10436, stack(0x0000008e5f800000,0x0000008e5f900000) (1024K)]
  0x000001dbf181a0c0 WorkerThread "GC Thread#3"                     [id=7808, stack(0x0000008e5f900000,0x0000008e5fa00000) (1024K)]
  0x000001dbf181a460 WorkerThread "GC Thread#4"                     [id=21028, stack(0x0000008e5fa00000,0x0000008e5fb00000) (1024K)]
  0x000001dbf180f330 WorkerThread "GC Thread#5"                     [id=23200, stack(0x0000008e5fb00000,0x0000008e5fc00000) (1024K)]
  0x000001dbf180fae0 WorkerThread "GC Thread#6"                     [id=17692, stack(0x0000008e5fc00000,0x0000008e5fd00000) (1024K)]
  0x000001dbf1a46690 WorkerThread "GC Thread#7"                     [id=19416, stack(0x0000008e5ff00000,0x0000008e60000000) (1024K)]
  0x000001dbf1a462f0 WorkerThread "GC Thread#8"                     [id=1584, stack(0x0000008e60200000,0x0000008e60300000) (1024K)]
  0x000001dbf1a45bb0 WorkerThread "GC Thread#9"                     [id=10856, stack(0x0000008e60300000,0x0000008e60400000) (1024K)]
Total: 12

Threads with active compile tasks:
C2 CompilerThread0  3634 4266       4       org.lombokweb.asm.ClassReader::readMethod (1070 bytes)
C1 CompilerThread0  3634 5097       1       java.time.format.DecimalStyle::getNegativeSign (5 bytes)
C2 CompilerThread1  3634 5059       4       java.io.WinNTFileSystem::normalize (143 bytes)
C2 CompilerThread2  3634 5005   !   4       org.eclipse.osgi.internal.loader.classpath.ClasspathManager::findClassImpl (343 bytes)
Total: 4

VM state: not at safepoint (normal execution)

VM Mutex/Monitor currently owned by a thread: None

Heap address: 0x0000000080000000, size: 2048 MB, Compressed Oops mode: 32-bit

CDS archive(s) mapped at: [0x000001dbaa000000-0x000001dbaaba0000-0x000001dbaaba0000), size 12189696, SharedBaseAddress: 0x000001dbaa000000, ArchiveRelocationMode: 1.
Compressed class space mapped at: 0x000001dbab000000-0x000001dbeb000000, reserved size: 1073741824
Narrow klass base: 0x000001dbaa000000, Narrow klass shift: 0, Narrow klass range: 0x100000000

GC Precious Log:
 CardTable entry size: 512
 CPUs: 12 total, 12 available
 Memory: 15716M
 Large Page Support: Disabled
 NUMA Support: Disabled
 Compressed Oops: Enabled (32-bit)
 Alignments: Space 512K, Generation 512K, Heap 2M
 Heap Min Capacity: 100M
 Heap Initial Capacity: 100M
 Heap Max Capacity: 2G
 Pre-touch: Disabled
 Parallel Workers: 10

Heap:
 PSYoungGen      total 23040K, used 18151K [0x00000000d5580000, 0x00000000d7080000, 0x0000000100000000)
  eden space 22016K, 82% used [0x00000000d5580000,0x00000000d6739e68,0x00000000d6b00000)
  from space 1024K, 0% used [0x00000000d6f80000,0x00000000d6f80000,0x00000000d7080000)
  to   space 1536K, 0% used [0x00000000d6d80000,0x00000000d6d80000,0x00000000d6f00000)
 ParOldGen       total 68608K, used 21258K [0x0000000080000000, 0x0000000084300000, 0x00000000d5580000)
  object space 68608K, 30% used [0x0000000080000000,0x00000000814c2828,0x0000000084300000)
 Metaspace       used 36399K, committed 37504K, reserved 1114112K
  class space    used 3793K, committed 4288K, reserved 1048576K

Card table byte_map: [0x000001db92410000,0x000001db92820000] _byte_map_base: 0x000001db92010000

Marking Bits: (ParMarkBitMap*) 0x00007ffe615fa340
 Begin Bits: [0x000001dba4f00000, 0x000001dba6f00000)
 End Bits:   [0x000001dba6f00000, 0x000001dba8f00000)

Polling page: 0x000001db90a50000

Metaspace:

Usage:
  Non-class:     31.84 MB used.
      Class:      3.70 MB used.
       Both:     35.55 MB used.

Virtual space:
  Non-class space:       64.00 MB reserved,      32.44 MB ( 51%) committed,  1 nodes.
      Class space:        1.00 GB reserved,       4.19 MB ( <1%) committed,  1 nodes.
             Both:        1.06 GB reserved,      36.62 MB (  3%) committed. 

Chunk freelists:
   Non-Class:  15.30 MB
       Class:  11.72 MB
        Both:  27.02 MB

MaxMetaspaceSize: unlimited
CompressedClassSpaceSize: 1.00 GB
Initial GC threshold: 21.00 MB
Current GC threshold: 58.38 MB
CDS: on
 - commit_granule_bytes: 65536.
 - commit_granule_words: 8192.
 - virtual_space_node_default_size: 8388608.
 - enlarge_chunks_in_place: 1.
 - use_allocation_guard: 0.


Internal statistics:

num_allocs_failed_limit: 8.
num_arena_births: 750.
num_arena_deaths: 14.
num_vsnodes_births: 2.
num_vsnodes_deaths: 0.
num_space_committed: 586.
num_space_uncommitted: 0.
num_chunks_returned_to_freelist: 22.
num_chunks_taken_from_freelist: 2324.
num_chunk_merges: 14.
num_chunk_splits: 1459.
num_chunks_enlarged: 866.
num_inconsistent_stats: 0.

CodeHeap 'non-profiled nmethods': size=120000Kb used=2209Kb max_used=2608Kb free=117790Kb
 bounds [0x000001db9d720000, 0x000001db9d9b0000, 0x000001dba4c50000]
CodeHeap 'profiled nmethods': size=120000Kb used=8965Kb max_used=10568Kb free=111034Kb
 bounds [0x000001db95c50000, 0x000001db966b0000, 0x000001db9d180000]
CodeHeap 'non-nmethods': size=5760Kb used=1363Kb max_used=1382Kb free=4396Kb
 bounds [0x000001db9d180000, 0x000001db9d3f0000, 0x000001db9d720000]
CodeCache: size=245760Kb, used=12537Kb, max_used=14558Kb, free=233220Kb
 total_blobs=5101, nmethods=4443, adapters=564, full_count=0
Compilation: enabled, stopped_count=0, restarted_count=0

Compilation events (20 events):
Event: 3.599 Thread 0x000001dbec45fa40 5077       1       com.google.gson.reflect.TypeToken::getType (5 bytes)
Event: 3.599 Thread 0x000001dbec45fa40 nmethod 5077 0x000001db9d86cc90 code [0x000001db9d86ce20, 0x000001db9d86cee8]
Event: 3.600 Thread 0x000001dbec45fa40 5078       3       com.google.gson.internal.bind.TypeAdapters$29::create (20 bytes)
Event: 3.600 Thread 0x000001dbec45fa40 nmethod 5078 0x000001db96006c10 code [0x000001db96006dc0, 0x000001db96006f68]
Event: 3.600 Thread 0x000001dbec45fa40 5079       3       java.lang.reflect.AccessibleObject::setAccessible0 (7 bytes)
Event: 3.601 Thread 0x000001dbec45fa40 nmethod 5079 0x000001db95cd4f90 code [0x000001db95cd5120, 0x000001db95cd5238]
Event: 3.601 Thread 0x000001dbec45fa40 5080       1       com.google.gson.reflect.TypeToken::hashCode (5 bytes)
Event: 3.601 Thread 0x000001dbec45fa40 nmethod 5080 0x000001db9d77bd90 code [0x000001db9d77bf20, 0x000001db9d77bfe8]
Event: 3.601 Thread 0x000001dbec45fa40 5081       3       java.util.Collections$SingletonList::iterator (8 bytes)
Event: 3.602 Thread 0x000001dbec45fa40 nmethod 5081 0x000001db95ca3690 code [0x000001db95ca3840, 0x000001db95ca3ae0]
Event: 3.602 Thread 0x000001dbec45fa40 5082       3       java.lang.Class::isLocalOrAnonymousClass (5 bytes)
Event: 3.602 Thread 0x000001dbec45fa40 nmethod 5082 0x000001db95d49d10 code [0x000001db95d49ee0, 0x000001db95d4a0e0]
Event: 3.602 Thread 0x000001dbec45fa40 5083       3       java.lang.Class::hasEnclosingMethodInfo (17 bytes)
Event: 3.602 Thread 0x000001dbec45fa40 nmethod 5083 0x000001db95c5e410 code [0x000001db95c5e5e0, 0x000001db95c5e7a0]
Event: 3.604 Thread 0x000001dbec45fa40 5085       3       com.google.common.base.Preconditions::checkNotNull (14 bytes)
Event: 3.604 Thread 0x000001dbec45fa40 nmethod 5085 0x000001db95ca7990 code [0x000001db95ca7b40, 0x000001db95ca7d08]
Event: 3.604 Thread 0x000001dbec45fa40 5086       3       org.eclipse.core.runtime.jobs.Job::setSystem (6 bytes)
Event: 3.605 Thread 0x000001dbec45fa40 nmethod 5086 0x000001db95cf0f90 code [0x000001db95cf1140, 0x000001db95cf1280]
Event: 3.605 Thread 0x000001dbec45fa40 5087   !   3       org.eclipse.core.internal.jobs.InternalJob::setSystem (58 bytes)
Event: 3.605 Thread 0x000001dbec45fa40 nmethod 5087 0x000001db95cd0090 code [0x000001db95cd0260, 0x000001db95cd06b8]

GC Heap History (20 events):
Event: 2.541 GC heap before
{Heap before GC invocations=15 (full 0):
 PSYoungGen      total 22528K, used 14499K [0x00000000d5580000, 0x00000000d7300000, 0x0000000100000000)
  eden space 22016K, 63% used [0x00000000d5580000,0x00000000d632aca0,0x00000000d6b00000)
  from space 512K, 98% used [0x00000000d7280000,0x00000000d72fe130,0x00000000d7300000)
  to   space 3584K, 0% used [0x00000000d6c00000,0x00000000d6c00000,0x00000000d6f80000)
 ParOldGen       total 68608K, used 20324K [0x0000000080000000, 0x0000000084300000, 0x00000000d5580000)
  object space 68608K, 29% used [0x0000000080000000,0x00000000813d9238,0x0000000084300000)
 Metaspace       used 20723K, committed 21504K, reserved 1114112K
  class space    used 2196K, committed 2560K, reserved 1048576K
}
Event: 2.542 GC heap after
{Heap after GC invocations=15 (full 0):
 PSYoungGen      total 25600K, used 1330K [0x00000000d5580000, 0x00000000d7300000, 0x0000000100000000)
  eden space 22016K, 0% used [0x00000000d5580000,0x00000000d5580000,0x00000000d6b00000)
  from space 3584K, 37% used [0x00000000d6c00000,0x00000000d6d4cb08,0x00000000d6f80000)
  to   space 2048K, 0% used [0x00000000d7100000,0x00000000d7100000,0x00000000d7300000)
 ParOldGen       total 68608K, used 20818K [0x0000000080000000, 0x0000000084300000, 0x00000000d5580000)
  object space 68608K, 30% used [0x0000000080000000,0x00000000814548e0,0x0000000084300000)
 Metaspace       used 20723K, committed 21504K, reserved 1114112K
  class space    used 2196K, committed 2560K, reserved 1048576K
}
Event: 2.542 GC heap before
{Heap before GC invocations=16 (full 1):
 PSYoungGen      total 25600K, used 1330K [0x00000000d5580000, 0x00000000d7300000, 0x0000000100000000)
  eden space 22016K, 0% used [0x00000000d5580000,0x00000000d5580000,0x00000000d6b00000)
  from space 3584K, 37% used [0x00000000d6c00000,0x00000000d6d4cb08,0x00000000d6f80000)
  to   space 2048K, 0% used [0x00000000d7100000,0x00000000d7100000,0x00000000d7300000)
 ParOldGen       total 68608K, used 20818K [0x0000000080000000, 0x0000000084300000, 0x00000000d5580000)
  object space 68608K, 30% used [0x0000000080000000,0x00000000814548e0,0x0000000084300000)
 Metaspace       used 20723K, committed 21504K, reserved 1114112K
  class space    used 2196K, committed 2560K, reserved 1048576K
}
Event: 2.568 GC heap after
{Heap after GC invocations=16 (full 1):
 PSYoungGen      total 25600K, used 0K [0x00000000d5580000, 0x00000000d7300000, 0x0000000100000000)
  eden space 22016K, 0% used [0x00000000d5580000,0x00000000d5580000,0x00000000d6b00000)
  from space 3584K, 0% used [0x00000000d6c00000,0x00000000d6c00000,0x00000000d6f80000)
  to   space 2048K, 0% used [0x00000000d7100000,0x00000000d7100000,0x00000000d7300000)
 ParOldGen       total 68608K, used 16094K [0x0000000080000000, 0x0000000084300000, 0x00000000d5580000)
  object space 68608K, 23% used [0x0000000080000000,0x0000000080fb7bb0,0x0000000084300000)
 Metaspace       used 20710K, committed 21504K, reserved 1114112K
  class space    used 2192K, committed 2560K, reserved 1048576K
}
Event: 2.678 GC heap before
{Heap before GC invocations=17 (full 1):
 PSYoungGen      total 25600K, used 21992K [0x00000000d5580000, 0x00000000d7300000, 0x0000000100000000)
  eden space 22016K, 99% used [0x00000000d5580000,0x00000000d6afa1d0,0x00000000d6b00000)
  from space 3584K, 0% used [0x00000000d6c00000,0x00000000d6c00000,0x00000000d6f80000)
  to   space 2048K, 0% used [0x00000000d7100000,0x00000000d7100000,0x00000000d7300000)
 ParOldGen       total 68608K, used 16094K [0x0000000080000000, 0x0000000084300000, 0x00000000d5580000)
  object space 68608K, 23% used [0x0000000080000000,0x0000000080fb7bb0,0x0000000084300000)
 Metaspace       used 22460K, committed 23232K, reserved 1114112K
  class space    used 2328K, committed 2688K, reserved 1048576K
}
Event: 2.679 GC heap after
{Heap after GC invocations=17 (full 1):
 PSYoungGen      total 23552K, used 1111K [0x00000000d5580000, 0x00000000d7280000, 0x0000000100000000)
  eden space 22016K, 0% used [0x00000000d5580000,0x00000000d5580000,0x00000000d6b00000)
  from space 1536K, 72% used [0x00000000d7100000,0x00000000d7215ea0,0x00000000d7280000)
  to   space 1536K, 0% used [0x00000000d6f80000,0x00000000d6f80000,0x00000000d7100000)
 ParOldGen       total 68608K, used 16102K [0x0000000080000000, 0x0000000084300000, 0x00000000d5580000)
  object space 68608K, 23% used [0x0000000080000000,0x0000000080fb9bb0,0x0000000084300000)
 Metaspace       used 22460K, committed 23232K, reserved 1114112K
  class space    used 2328K, committed 2688K, reserved 1048576K
}
Event: 2.844 GC heap before
{Heap before GC invocations=18 (full 1):
 PSYoungGen      total 23552K, used 22832K [0x00000000d5580000, 0x00000000d7280000, 0x0000000100000000)
  eden space 22016K, 98% used [0x00000000d5580000,0x00000000d6ab6468,0x00000000d6b00000)
  from space 1536K, 72% used [0x00000000d7100000,0x00000000d7215ea0,0x00000000d7280000)
  to   space 1536K, 0% used [0x00000000d6f80000,0x00000000d6f80000,0x00000000d7100000)
 ParOldGen       total 68608K, used 16102K [0x0000000080000000, 0x0000000084300000, 0x00000000d5580000)
  object space 68608K, 23% used [0x0000000080000000,0x0000000080fb9bb0,0x0000000084300000)
 Metaspace       used 25445K, committed 26240K, reserved 1114112K
  class space    used 2537K, committed 2880K, reserved 1048576K
}
Event: 2.845 GC heap after
{Heap after GC invocations=18 (full 1):
 PSYoungGen      total 23552K, used 1535K [0x00000000d5580000, 0x00000000d7200000, 0x0000000100000000)
  eden space 22016K, 0% used [0x00000000d5580000,0x00000000d5580000,0x00000000d6b00000)
  from space 1536K, 99% used [0x00000000d6f80000,0x00000000d70ffdc0,0x00000000d7100000)
  to   space 1024K, 0% used [0x00000000d7100000,0x00000000d7100000,0x00000000d7200000)
 ParOldGen       total 68608K, used 17372K [0x0000000080000000, 0x0000000084300000, 0x00000000d5580000)
  object space 68608K, 25% used [0x0000000080000000,0x00000000810f72d8,0x0000000084300000)
 Metaspace       used 25445K, committed 26240K, reserved 1114112K
  class space    used 2537K, committed 2880K, reserved 1048576K
}
Event: 2.984 GC heap before
{Heap before GC invocations=19 (full 1):
 PSYoungGen      total 23552K, used 23551K [0x00000000d5580000, 0x00000000d7200000, 0x0000000100000000)
  eden space 22016K, 100% used [0x00000000d5580000,0x00000000d6b00000,0x00000000d6b00000)
  from space 1536K, 99% used [0x00000000d6f80000,0x00000000d70ffdc0,0x00000000d7100000)
  to   space 1024K, 0% used [0x00000000d7100000,0x00000000d7100000,0x00000000d7200000)
 ParOldGen       total 68608K, used 17372K [0x0000000080000000, 0x0000000084300000, 0x00000000d5580000)
  object space 68608K, 25% used [0x0000000080000000,0x00000000810f72d8,0x0000000084300000)
 Metaspace       used 26946K, committed 27776K, reserved 1114112K
  class space    used 2623K, committed 3008K, reserved 1048576K
}
Event: 2.985 GC heap after
{Heap after GC invocations=19 (full 1):
 PSYoungGen      total 22528K, used 430K [0x00000000d5580000, 0x00000000d7180000, 0x0000000100000000)
  eden space 22016K, 0% used [0x00000000d5580000,0x00000000d5580000,0x00000000d6b00000)
  from space 512K, 84% used [0x00000000d7100000,0x00000000d716b890,0x00000000d7180000)
  to   space 1536K, 0% used [0x00000000d6e80000,0x00000000d6e80000,0x00000000d7000000)
 ParOldGen       total 68608K, used 19557K [0x0000000080000000, 0x0000000084300000, 0x00000000d5580000)
  object space 68608K, 28% used [0x0000000080000000,0x0000000081319708,0x0000000084300000)
 Metaspace       used 26946K, committed 27776K, reserved 1114112K
  class space    used 2623K, committed 3008K, reserved 1048576K
}
Event: 3.213 GC heap before
{Heap before GC invocations=20 (full 1):
 PSYoungGen      total 22528K, used 22446K [0x00000000d5580000, 0x00000000d7180000, 0x0000000100000000)
  eden space 22016K, 100% used [0x00000000d5580000,0x00000000d6b00000,0x00000000d6b00000)
  from space 512K, 84% used [0x00000000d7100000,0x00000000d716b890,0x00000000d7180000)
  to   space 1536K, 0% used [0x00000000d6e80000,0x00000000d6e80000,0x00000000d7000000)
 ParOldGen       total 68608K, used 19557K [0x0000000080000000, 0x0000000084300000, 0x00000000d5580000)
  object space 68608K, 28% used [0x0000000080000000,0x0000000081319708,0x0000000084300000)
 Metaspace       used 29433K, committed 30336K, reserved 1114112K
  class space    used 2867K, committed 3264K, reserved 1048576K
}
Event: 3.215 GC heap after
{Heap after GC invocations=20 (full 1):
 PSYoungGen      total 23552K, used 1450K [0x00000000d5580000, 0x00000000d7180000, 0x0000000100000000)
  eden space 22016K, 0% used [0x00000000d5580000,0x00000000d5580000,0x00000000d6b00000)
  from space 1536K, 94% used [0x00000000d6e80000,0x00000000d6feabc8,0x00000000d7000000)
  to   space 1536K, 0% used [0x00000000d7000000,0x00000000d7000000,0x00000000d7180000)
 ParOldGen       total 68608K, used 19851K [0x0000000080000000, 0x0000000084300000, 0x00000000d5580000)
  object space 68608K, 28% used [0x0000000080000000,0x0000000081362f28,0x0000000084300000)
 Metaspace       used 29433K, committed 30336K, reserved 1114112K
  class space    used 2867K, committed 3264K, reserved 1048576K
}
Event: 3.335 GC heap before
{Heap before GC invocations=21 (full 1):
 PSYoungGen      total 23552K, used 23466K [0x00000000d5580000, 0x00000000d7180000, 0x0000000100000000)
  eden space 22016K, 100% used [0x00000000d5580000,0x00000000d6b00000,0x00000000d6b00000)
  from space 1536K, 94% used [0x00000000d6e80000,0x00000000d6feabc8,0x00000000d7000000)
  to   space 1536K, 0% used [0x00000000d7000000,0x00000000d7000000,0x00000000d7180000)
 ParOldGen       total 68608K, used 19851K [0x0000000080000000, 0x0000000084300000, 0x00000000d5580000)
  object space 68608K, 28% used [0x0000000080000000,0x0000000081362f28,0x0000000084300000)
 Metaspace       used 31279K, committed 32192K, reserved 1114112K
  class space    used 3077K, committed 3520K, reserved 1048576K
}
Event: 3.337 GC heap after
{Heap after GC invocations=21 (full 1):
 PSYoungGen      total 23552K, used 1517K [0x00000000d5580000, 0x00000000d7180000, 0x0000000100000000)
  eden space 22016K, 0% used [0x00000000d5580000,0x00000000d5580000,0x00000000d6b00000)
  from space 1536K, 98% used [0x00000000d7000000,0x00000000d717b610,0x00000000d7180000)
  to   space 2048K, 0% used [0x00000000d6d80000,0x00000000d6d80000,0x00000000d6f80000)
 ParOldGen       total 68608K, used 21116K [0x0000000080000000, 0x0000000084300000, 0x00000000d5580000)
  object space 68608K, 30% used [0x0000000080000000,0x000000008149f2e0,0x0000000084300000)
 Metaspace       used 31279K, committed 32192K, reserved 1114112K
  class space    used 3077K, committed 3520K, reserved 1048576K
}
Event: 3.429 GC heap before
{Heap before GC invocations=22 (full 1):
 PSYoungGen      total 23552K, used 23533K [0x00000000d5580000, 0x00000000d7180000, 0x0000000100000000)
  eden space 22016K, 100% used [0x00000000d5580000,0x00000000d6b00000,0x00000000d6b00000)
  from space 1536K, 98% used [0x00000000d7000000,0x00000000d717b610,0x00000000d7180000)
  to   space 2048K, 0% used [0x00000000d6d80000,0x00000000d6d80000,0x00000000d6f80000)
 ParOldGen       total 68608K, used 21116K [0x0000000080000000, 0x0000000084300000, 0x00000000d5580000)
  object space 68608K, 30% used [0x0000000080000000,0x000000008149f2e0,0x0000000084300000)
 Metaspace       used 33299K, committed 34432K, reserved 1114112K
  class space    used 3347K, committed 3904K, reserved 1048576K
}
Event: 3.431 GC heap after
{Heap after GC invocations=22 (full 1):
 PSYoungGen      total 24064K, used 1712K [0x00000000d5580000, 0x00000000d7080000, 0x0000000100000000)
  eden space 22016K, 0% used [0x00000000d5580000,0x00000000d5580000,0x00000000d6b00000)
  from space 2048K, 83% used [0x00000000d6d80000,0x00000000d6f2c010,0x00000000d6f80000)
  to   space 1024K, 0% used [0x00000000d6f80000,0x00000000d6f80000,0x00000000d7080000)
 ParOldGen       total 68608K, used 22058K [0x0000000080000000, 0x0000000084300000, 0x00000000d5580000)
  object space 68608K, 32% used [0x0000000080000000,0x000000008158a8e8,0x0000000084300000)
 Metaspace       used 33299K, committed 34432K, reserved 1114112K
  class space    used 3347K, committed 3904K, reserved 1048576K
}
Event: 3.506 GC heap before
{Heap before GC invocations=23 (full 1):
 PSYoungGen      total 24064K, used 18721K [0x00000000d5580000, 0x00000000d7080000, 0x0000000100000000)
  eden space 22016K, 77% used [0x00000000d5580000,0x00000000d661c7c0,0x00000000d6b00000)
  from space 2048K, 83% used [0x00000000d6d80000,0x00000000d6f2c010,0x00000000d6f80000)
  to   space 1024K, 0% used [0x00000000d6f80000,0x00000000d6f80000,0x00000000d7080000)
 ParOldGen       total 68608K, used 22058K [0x0000000080000000, 0x0000000084300000, 0x00000000d5580000)
  object space 68608K, 32% used [0x0000000080000000,0x000000008158a8e8,0x0000000084300000)
 Metaspace       used 34830K, committed 35840K, reserved 1114112K
  class space    used 3568K, committed 4096K, reserved 1048576K
}
Event: 3.508 GC heap after
{Heap after GC invocations=23 (full 1):
 PSYoungGen      total 23040K, used 704K [0x00000000d5580000, 0x00000000d7080000, 0x0000000100000000)
  eden space 22016K, 0% used [0x00000000d5580000,0x00000000d5580000,0x00000000d6b00000)
  from space 1024K, 68% used [0x00000000d6f80000,0x00000000d7030000,0x00000000d7080000)
  to   space 1536K, 0% used [0x00000000d6d80000,0x00000000d6d80000,0x00000000d6f00000)
 ParOldGen       total 68608K, used 23610K [0x0000000080000000, 0x0000000084300000, 0x00000000d5580000)
  object space 68608K, 34% used [0x0000000080000000,0x000000008170e938,0x0000000084300000)
 Metaspace       used 34830K, committed 35840K, reserved 1114112K
  class space    used 3568K, committed 4096K, reserved 1048576K
}
Event: 3.508 GC heap before
{Heap before GC invocations=24 (full 2):
 PSYoungGen      total 23040K, used 704K [0x00000000d5580000, 0x00000000d7080000, 0x0000000100000000)
  eden space 22016K, 0% used [0x00000000d5580000,0x00000000d5580000,0x00000000d6b00000)
  from space 1024K, 68% used [0x00000000d6f80000,0x00000000d7030000,0x00000000d7080000)
  to   space 1536K, 0% used [0x00000000d6d80000,0x00000000d6d80000,0x00000000d6f00000)
 ParOldGen       total 68608K, used 23610K [0x0000000080000000, 0x0000000084300000, 0x00000000d5580000)
  object space 68608K, 34% used [0x0000000080000000,0x000000008170e938,0x0000000084300000)
 Metaspace       used 34830K, committed 35840K, reserved 1114112K
  class space    used 3568K, committed 4096K, reserved 1048576K
}
Event: 3.548 GC heap after
{Heap after GC invocations=24 (full 2):
 PSYoungGen      total 23040K, used 0K [0x00000000d5580000, 0x00000000d7080000, 0x0000000100000000)
  eden space 22016K, 0% used [0x00000000d5580000,0x00000000d5580000,0x00000000d6b00000)
  from space 1024K, 0% used [0x00000000d6f80000,0x00000000d6f80000,0x00000000d7080000)
  to   space 1536K, 0% used [0x00000000d6d80000,0x00000000d6d80000,0x00000000d6f00000)
 ParOldGen       total 68608K, used 21258K [0x0000000080000000, 0x0000000084300000, 0x00000000d5580000)
  object space 68608K, 30% used [0x0000000080000000,0x00000000814c2828,0x0000000084300000)
 Metaspace       used 34830K, committed 35840K, reserved 1114112K
  class space    used 3568K, committed 4096K, reserved 1048576K
}

Dll operation events (10 events):
Event: 0.007 Loaded shared library c:\Users\ANKIT\.vscode\extensions\redhat.java-1.46.0-win32-x64\jre\21.0.8-win32-x86_64\bin\java.dll
Event: 0.062 Loaded shared library c:\Users\ANKIT\.vscode\extensions\redhat.java-1.46.0-win32-x64\jre\21.0.8-win32-x86_64\bin\zip.dll
Event: 0.078 Loaded shared library C:\Users\ANKIT\.vscode\extensions\redhat.java-1.46.0-win32-x64\jre\21.0.8-win32-x86_64\bin\instrument.dll
Event: 0.083 Loaded shared library C:\Users\ANKIT\.vscode\extensions\redhat.java-1.46.0-win32-x64\jre\21.0.8-win32-x86_64\bin\net.dll
Event: 0.085 Loaded shared library C:\Users\ANKIT\.vscode\extensions\redhat.java-1.46.0-win32-x64\jre\21.0.8-win32-x86_64\bin\nio.dll
Event: 0.087 Loaded shared library C:\Users\ANKIT\.vscode\extensions\redhat.java-1.46.0-win32-x64\jre\21.0.8-win32-x86_64\bin\zip.dll
Event: 0.101 Loaded shared library C:\Users\ANKIT\.vscode\extensions\redhat.java-1.46.0-win32-x64\jre\21.0.8-win32-x86_64\bin\jimage.dll
Event: 0.156 Loaded shared library c:\Users\ANKIT\.vscode\extensions\redhat.java-1.46.0-win32-x64\jre\21.0.8-win32-x86_64\bin\verify.dll
Event: 0.957 Loaded shared library C:\Users\ANKIT\AppData\Roaming\Code\User\globalStorage\redhat.java\1.46.0\config_win\org.eclipse.equinox.launcher\org.eclipse.equinox.launcher.win32.win32.x86_64_1.2.1400.v20250801-0854\eclipse_11916.dll
Event: 2.063 Loaded shared library C:\Users\ANKIT\AppData\Local\Temp\jna-62426985\jna242271908757562997.dll

Deoptimization events (20 events):
Event: 3.576 Thread 0x000001db92a54020 Uncommon trap: trap_request=0xffffff45 fr.pc=0x000001db9d759e48 relative=0x00000000000000a8
Event: 3.576 Thread 0x000001db92a54020 Uncommon trap: reason=unstable_if action=reinterpret pc=0x000001db9d759e48 method=java.lang.CharacterDataLatin1.digit(II)I @ 7 c2
Event: 3.576 Thread 0x000001db92a54020 DEOPT PACKING pc=0x000001db9d759e48 sp=0x0000008e5e7fe450
Event: 3.576 Thread 0x000001db92a54020 DEOPT UNPACKING pc=0x000001db9d1d3aa2 sp=0x0000008e5e7fe3d0 mode 2
Event: 3.578 Thread 0x000001dbf44cb150 Uncommon trap: trap_request=0xffffff45 fr.pc=0x000001db9d9a3df0 relative=0x00000000000001b0
Event: 3.578 Thread 0x000001dbf44cb150 Uncommon trap: reason=unstable_if action=reinterpret pc=0x000001db9d9a3df0 method=com.google.gson.stream.JsonReader.doPeek()I @ 731 c2
Event: 3.578 Thread 0x000001dbf44cb150 DEOPT PACKING pc=0x000001db9d9a3df0 sp=0x0000008e61eff020
Event: 3.578 Thread 0x000001dbf44cb150 DEOPT UNPACKING pc=0x000001db9d1d3aa2 sp=0x0000008e61efefa0 mode 2
Event: 3.578 Thread 0x000001dbf44cb150 Uncommon trap: trap_request=0xffffff45 fr.pc=0x000001db9d9ab2c0 relative=0x00000000000000a0
Event: 3.578 Thread 0x000001dbf44cb150 Uncommon trap: reason=unstable_if action=reinterpret pc=0x000001db9d9ab2c0 method=com.google.gson.stream.JsonReader.peek()Lcom/google/gson/stream/JsonToken; @ 15 c2
Event: 3.578 Thread 0x000001dbf44cb150 DEOPT PACKING pc=0x000001db9d9ab2c0 sp=0x0000008e61eff050
Event: 3.578 Thread 0x000001dbf44cb150 DEOPT UNPACKING pc=0x000001db9d1d3aa2 sp=0x0000008e61efefd8 mode 2
Event: 3.579 Thread 0x000001db92a54020 Uncommon trap: trap_request=0xffffff45 fr.pc=0x000001db9d925538 relative=0x00000000000006f8
Event: 3.579 Thread 0x000001db92a54020 Uncommon trap: reason=unstable_if action=reinterpret pc=0x000001db9d925538 method=java.util.regex.Pattern$BmpCharPropertyGreedy.match(Ljava/util/regex/Matcher;ILjava/lang/CharSequence;)Z @ 12 c2
Event: 3.579 Thread 0x000001db92a54020 DEOPT PACKING pc=0x000001db9d925538 sp=0x0000008e5e7fde50
Event: 3.579 Thread 0x000001db92a54020 DEOPT UNPACKING pc=0x000001db9d1d3aa2 sp=0x0000008e5e7fdd18 mode 2
Event: 3.587 Thread 0x000001dbf44cb150 Uncommon trap: trap_request=0xffffff45 fr.pc=0x000001db9d9a1bdc relative=0x00000000000013fc
Event: 3.587 Thread 0x000001dbf44cb150 Uncommon trap: reason=unstable_if action=reinterpret pc=0x000001db9d9a1bdc method=com.google.gson.stream.JsonReader.nextQuotedValue(C)Ljava/lang/String; @ 121 c2
Event: 3.587 Thread 0x000001dbf44cb150 DEOPT PACKING pc=0x000001db9d9a1bdc sp=0x0000008e61efe970
Event: 3.587 Thread 0x000001dbf44cb150 DEOPT UNPACKING pc=0x000001db9d1d3aa2 sp=0x0000008e61efe968 mode 2

Classes loaded (20 events):
Event: 3.582 Loading class sun/reflect/annotation/TypeAnnotation$TypeAnnotationTarget
Event: 3.582 Loading class sun/reflect/annotation/TypeAnnotation$TypeAnnotationTarget done
Event: 3.582 Loading class sun/reflect/annotation/TypeAnnotation$LocationInfo
Event: 3.583 Loading class sun/reflect/annotation/TypeAnnotation$LocationInfo done
Event: 3.583 Loading class sun/reflect/annotation/TypeAnnotation$LocationInfo$Location
Event: 3.583 Loading class sun/reflect/annotation/TypeAnnotation$LocationInfo$Location done
Event: 3.583 Loading class sun/reflect/annotation/AnnotatedTypeFactory
Event: 3.583 Loading class sun/reflect/annotation/AnnotatedTypeFactory done
Event: 3.583 Loading class sun/reflect/annotation/AnnotatedTypeFactory$AnnotatedTypeBaseImpl
Event: 3.583 Loading class sun/reflect/annotation/AnnotatedTypeFactory$AnnotatedTypeBaseImpl done
Event: 3.594 Loading class sun/reflect/generics/repository/FieldRepository
Event: 3.594 Loading class sun/reflect/generics/repository/FieldRepository done
Event: 3.603 Loading class java/io/PrintWriter$1
Event: 3.603 Loading class jdk/internal/access/JavaIOPrintWriterAccess
Event: 3.603 Loading class jdk/internal/access/JavaIOPrintWriterAccess done
Event: 3.603 Loading class java/io/PrintWriter$1 done
Event: 3.604 Loading class java/time/format/DateTimeParseContext
Event: 3.604 Loading class java/time/format/DateTimeParseContext done
Event: 3.604 Loading class java/time/format/Parsed
Event: 3.605 Loading class java/time/format/Parsed done

Classes unloaded (7 events):
Event: 2.546 Thread 0x000001db92b13830 Unloading class 0x000001dbab1b0c00 'java/lang/invoke/LambdaForm$MH+0x000001dbab1b0c00'
Event: 2.546 Thread 0x000001db92b13830 Unloading class 0x000001dbab1b0800 'java/lang/invoke/LambdaForm$MH+0x000001dbab1b0800'
Event: 2.546 Thread 0x000001db92b13830 Unloading class 0x000001dbab1b0400 'java/lang/invoke/LambdaForm$MH+0x000001dbab1b0400'
Event: 2.546 Thread 0x000001db92b13830 Unloading class 0x000001dbab1b0000 'java/lang/invoke/LambdaForm$MH+0x000001dbab1b0000'
Event: 2.546 Thread 0x000001db92b13830 Unloading class 0x000001dbab1afc00 'java/lang/invoke/LambdaForm$BMH+0x000001dbab1afc00'
Event: 2.546 Thread 0x000001db92b13830 Unloading class 0x000001dbab1af800 'java/lang/invoke/LambdaForm$DMH+0x000001dbab1af800'
Event: 2.546 Thread 0x000001db92b13830 Unloading class 0x000001dbab1ae400 'java/lang/invoke/LambdaForm$DMH+0x000001dbab1ae400'

Classes redefined (0 events):
No events

Internal exceptions (20 events):
Event: 3.362 Thread 0x000001db92a54020 Exception <a 'java/lang/NoSuchMethodError'{0x00000000d5e56928}: 'java.lang.Object java.lang.invoke.DirectMethodHandle$Holder.newInvokeSpecial(java.lang.Object, long)'> (0x00000000d5e56928) 
thrown [s\src\hotspot\share\interpreter\linkResolver.cpp, line 773]
Event: 3.378 Thread 0x000001dbf1bb5530 Exception <a 'java/io/FileNotFoundException'{0x00000000d627d960}> (0x00000000d627d960) 
thrown [s\src\hotspot\share\prims\jni.cpp, line 520]
Event: 3.414 Thread 0x000001dbf44c6fb0 Exception <a 'java/lang/NoSuchMethodError'{0x00000000d6826550}: 'java.lang.Object java.lang.invoke.DirectMethodHandle$Holder.newInvokeSpecial(java.lang.Object, java.lang.Object, java.lang.Object, java.lang.Object, java.lang.Object)'> (0x00000000d6826550) 
thrown [s\src\hotspot\share\interpreter\linkResolver.cpp, line 773]
Event: 3.420 Thread 0x000001dbf44c6fb0 Exception <a 'java/lang/NoSuchMethodError'{0x00000000d6983a58}: 'java.lang.Object java.lang.invoke.DirectMethodHandle$Holder.invokeStaticInit(java.lang.Object, java.lang.Object, java.lang.Object, java.lang.Object, java.lang.Object, java.lang.Object, java.lang.Object)'> (0x00000000d6983a58) 
thrown [s\src\hotspot\share\interpreter\linkResolver.cpp, line 773]
Event: 3.421 Thread 0x000001dbf44c6fb0 Exception <a 'java/lang/NoSuchMethodError'{0x00000000d69bc4f0}: 'java.lang.Object java.lang.invoke.Invokers$Holder.invoke_MT(java.lang.Object, java.lang.Object, java.lang.Object, java.lang.Object, java.lang.Object, java.lang.Object, java.lang.Object, java.lang.Object, java.lang.Object)'> (0x00000000d69bc4f0) 
thrown [s\src\hotspot\share\interpreter\linkResolver.cpp, line 773]
Event: 3.426 Thread 0x000001dbf44c6fb0 Exception <a 'java/lang/NoSuchMethodError'{0x00000000d6a7bd00}: 'int java.lang.invoke.DirectMethodHandle$Holder.invokeVirtual(java.lang.Object, java.lang.Object, java.lang.Object)'> (0x00000000d6a7bd00) 
thrown [s\src\hotspot\share\interpreter\linkResolver.cpp, line 773]
Event: 3.426 Thread 0x000001dbf44c6fb0 Exception <a 'java/lang/NoSuchMethodError'{0x00000000d6a7fd98}: 'int java.lang.invoke.DirectMethodHandle$Holder.invokeStaticInit(java.lang.Object, int, int)'> (0x00000000d6a7fd98) 
thrown [s\src\hotspot\share\interpreter\linkResolver.cpp, line 773]
Event: 3.427 Thread 0x000001dbf44c6fb0 Exception <a 'java/lang/NoSuchMethodError'{0x00000000d6aa9550}: 'int java.lang.invoke.DirectMethodHandle$Holder.invokeStaticInit(java.lang.Object, long, long)'> (0x00000000d6aa9550) 
thrown [s\src\hotspot\share\interpreter\linkResolver.cpp, line 773]
Event: 3.427 Thread 0x000001dbf44c6fb0 Exception <a 'java/lang/NoSuchMethodError'{0x00000000d6aaffe8}: 'int java.lang.invoke.DirectMethodHandle$Holder.invokeStaticInit(java.lang.Object, float, float)'> (0x00000000d6aaffe8) 
thrown [s\src\hotspot\share\interpreter\linkResolver.cpp, line 773]
Event: 3.427 Thread 0x000001dbf44c6fb0 Exception <a 'java/lang/NoSuchMethodError'{0x00000000d6ac2c78}: 'int java.lang.invoke.DirectMethodHandle$Holder.invokeStaticInit(java.lang.Object, double, double)'> (0x00000000d6ac2c78) 
thrown [s\src\hotspot\share\interpreter\linkResolver.cpp, line 773]
Event: 3.428 Thread 0x000001dbf44c6fb0 Exception <a 'java/lang/NoSuchMethodError'{0x00000000d6ac71e0}: 'int java.lang.invoke.DirectMethodHandle$Holder.invokeStatic(java.lang.Object, long)'> (0x00000000d6ac71e0) 
thrown [s\src\hotspot\share\interpreter\linkResolver.cpp, line 773]
Event: 3.433 Thread 0x000001dbf44c6fb0 Exception <a 'java/lang/NoSuchMethodError'{0x00000000d55dbbe8}: 'int java.lang.invoke.Invokers$Holder.linkToTargetMethod(java.lang.Object, java.lang.Object)'> (0x00000000d55dbbe8) 
thrown [s\src\hotspot\share\interpreter\linkResolver.cpp, line 773]
Event: 3.458 Thread 0x000001dbf44c6fb0 Exception <a 'java/lang/NoSuchMethodError'{0x00000000d5a89518}: 'java.lang.Object java.lang.invoke.DirectMethodHandle$Holder.invokeSpecialIFC(java.lang.Object, java.lang.Object, java.lang.Object, java.lang.Object)'> (0x00000000d5a89518) 
thrown [s\src\hotspot\share\interpreter\linkResolver.cpp, line 773]
Event: 3.550 Thread 0x000001db92a54020 Exception <a 'java/lang/NoSuchMethodError'{0x00000000d559a3c0}: 'void java.lang.invoke.DirectMethodHandle$Holder.invokeSpecial(java.lang.Object, java.lang.Object, java.lang.Object, java.lang.Object, java.lang.Object, java.lang.Object)'> (0x00000000d559a3c0) 
thrown [s\src\hotspot\share\interpreter\linkResolver.cpp, line 773]
Event: 3.551 Thread 0x000001dbf1bb3460 Exception <a 'java/lang/NoSuchMethodError'{0x00000000d55b0620}: 'int java.lang.invoke.DirectMethodHandle$Holder.invokeSpecial(java.lang.Object, java.lang.Object, java.lang.Object, java.lang.Object)'> (0x00000000d55b0620) 
thrown [s\src\hotspot\share\interpreter\linkResolver.cpp, line 773]
Event: 3.552 Thread 0x000001db92a54020 Exception <a 'java/lang/IncompatibleClassChangeError'{0x00000000d55a26a0}: Found class java.lang.Object, but interface was expected> (0x00000000d55a26a0) 
thrown [s\src\hotspot\share\interpreter\linkResolver.cpp, line 840]
Event: 3.552 Thread 0x000001dbf1bb3460 Exception <a 'java/lang/NoSuchMethodError'{0x00000000d560aa58}: 'java.lang.Object java.lang.invoke.DirectMethodHandle$Holder.invokeStatic(java.lang.Object, int, java.lang.Object, java.lang.Object)'> (0x00000000d560aa58) 
thrown [s\src\hotspot\share\interpreter\linkResolver.cpp, line 773]
Event: 3.552 Thread 0x000001db92a54020 Exception <a 'java/lang/IncompatibleClassChangeError'{0x00000000d55a45a0}: Found class java.lang.Object, but interface was expected> (0x00000000d55a45a0) 
thrown [s\src\hotspot\share\interpreter\linkResolver.cpp, line 840]
Event: 3.553 Thread 0x000001dbf1bb3460 Exception <a 'java/lang/NoSuchMethodError'{0x00000000d5622f48}: 'java.lang.Object java.lang.invoke.DelegatingMethodHandle$Holder.delegate(java.lang.Object, int, java.lang.Object, java.lang.Object)'> (0x00000000d5622f48) 
thrown [s\src\hotspot\share\interpreter\linkResolver.cpp, line 773]
Event: 3.555 Thread 0x000001dbf1bb3460 Exception <a 'java/lang/NoSuchMethodError'{0x00000000d568c608}: 'int java.lang.invoke.Invokers$Holder.linkToTargetMethod(java.lang.Object, java.lang.Object, java.lang.Object)'> (0x00000000d568c608) 
thrown [s\src\hotspot\share\interpreter\linkResolver.cpp, line 773]

ZGC Phase Switch (0 events):
No events

VM Operations (20 events):
Event: 2.844 Executing VM operation: ParallelGCFailedAllocation (Allocation Failure)
Event: 2.845 Executing VM operation: ParallelGCFailedAllocation (Allocation Failure) done
Event: 2.983 Executing VM operation: ParallelGCFailedAllocation (Allocation Failure)
Event: 2.985 Executing VM operation: ParallelGCFailedAllocation (Allocation Failure) done
Event: 3.102 Executing VM operation: HandshakeAllThreads (Deoptimize)
Event: 3.103 Executing VM operation: HandshakeAllThreads (Deoptimize) done
Event: 3.198 Executing VM operation: HandshakeAllThreads (Deoptimize)
Event: 3.198 Executing VM operation: HandshakeAllThreads (Deoptimize) done
Event: 3.213 Executing VM operation: ParallelGCFailedAllocation (Allocation Failure)
Event: 3.215 Executing VM operation: ParallelGCFailedAllocation (Allocation Failure) done
Event: 3.327 Executing VM operation: HandshakeAllThreads (Deoptimize)
Event: 3.327 Executing VM operation: HandshakeAllThreads (Deoptimize) done
Event: 3.335 Executing VM operation: ParallelGCFailedAllocation (Allocation Failure)
Event: 3.337 Executing VM operation: ParallelGCFailedAllocation (Allocation Failure) done
Event: 3.429 Executing VM operation: ParallelGCFailedAllocation (Allocation Failure)
Event: 3.431 Executing VM operation: ParallelGCFailedAllocation (Allocation Failure) done
Event: 3.438 Executing VM operation: HandshakeAllThreads (Deoptimize)
Event: 3.438 Executing VM operation: HandshakeAllThreads (Deoptimize) done
Event: 3.506 Executing VM operation: CollectForMetadataAllocation (Metadata GC Threshold)
Event: 3.549 Executing VM operation: CollectForMetadataAllocation (Metadata GC Threshold) done

Memory protections (0 events):
No events

Nmethod flushes (20 events):
Event: 3.525 Thread 0x000001db92b13830 flushing  nmethod 0x000001db962d9a10
Event: 3.525 Thread 0x000001db92b13830 flushing  nmethod 0x000001db962da310
Event: 3.525 Thread 0x000001db92b13830 flushing  nmethod 0x000001db962db510
Event: 3.525 Thread 0x000001db92b13830 flushing  nmethod 0x000001db962dbd10
Event: 3.525 Thread 0x000001db92b13830 flushing  nmethod 0x000001db962dc490
Event: 3.525 Thread 0x000001db92b13830 flushing  nmethod 0x000001db962dda10
Event: 3.525 Thread 0x000001db92b13830 flushing  nmethod 0x000001db962dde10
Event: 3.525 Thread 0x000001db92b13830 flushing  nmethod 0x000001db962de710
Event: 3.525 Thread 0x000001db92b13830 flushing  nmethod 0x000001db962e0690
Event: 3.525 Thread 0x000001db92b13830 flushing  nmethod 0x000001db962e1090
Event: 3.525 Thread 0x000001db92b13830 flushing  nmethod 0x000001db962e1590
Event: 3.525 Thread 0x000001db92b13830 flushing  nmethod 0x000001db962ea590
Event: 3.525 Thread 0x000001db92b13830 flushing  nmethod 0x000001db962eb110
Event: 3.525 Thread 0x000001db92b13830 flushing  nmethod 0x000001db962eb410
Event: 3.525 Thread 0x000001db92b13830 flushing  nmethod 0x000001db962eb910
Event: 3.525 Thread 0x000001db92b13830 flushing  nmethod 0x000001db96303010
Event: 3.525 Thread 0x000001db92b13830 flushing  nmethod 0x000001db96315210
Event: 3.525 Thread 0x000001db92b13830 flushing  nmethod 0x000001db96319c10
Event: 3.525 Thread 0x000001db92b13830 flushing  nmethod 0x000001db9631b910
Event: 3.525 Thread 0x000001db92b13830 flushing  nmethod 0x000001db96323310

Events (20 events):
Event: 3.087 Thread 0x000001dbf188b120 Thread added: 0x000001dbf1bb5bc0
Event: 3.294 Thread 0x000001dbf1bb4810 Thread added: 0x000001dbf1bb3460
Event: 3.349 Thread 0x000001dbf1bb3460 Thread added: 0x000001dbf44c6fb0
Event: 3.370 Thread 0x000001db92a54020 Thread added: 0x000001dbf44c9710
Event: 3.370 Thread 0x000001db92a54020 Thread added: 0x000001dbf44ce5d0
Event: 3.370 Thread 0x000001db92a54020 Thread added: 0x000001dbf44cb7e0
Event: 3.370 Thread 0x000001db92a54020 Thread added: 0x000001dbf44c7cd0
Event: 3.370 Thread 0x000001db92a54020 Thread added: 0x000001dbf44ca430
Event: 3.371 Thread 0x000001db92a54020 Thread added: 0x000001dbf44c8360
Event: 3.371 Thread 0x000001db92a54020 Thread added: 0x000001dbf44c7640
Event: 3.371 Thread 0x000001db92a54020 Thread added: 0x000001dbf44cbe70
Event: 3.371 Thread 0x000001db92a54020 Thread added: 0x000001dbf44cc500
Event: 3.371 Thread 0x000001db92a54020 Thread added: 0x000001dbf44c89f0
Event: 3.371 Thread 0x000001db92a54020 Thread added: 0x000001dbf44ccb90
Event: 3.371 Thread 0x000001db92a54020 Thread added: 0x000001dbf44c9080
Event: 3.371 Thread 0x000001db92a54020 Thread added: 0x000001dbf44cd220
Event: 3.396 Thread 0x000001db92a54020 Thread added: 0x000001dbf44c9da0
Event: 3.549 Thread 0x000001dbf1bb3460 Thread added: 0x000001dbf44cd8b0
Event: 3.573 Thread 0x000001db92a54020 Thread added: 0x000001dbf44caac0
Event: 3.573 Thread 0x000001db92a54020 Thread added: 0x000001dbf44cb150


Dynamic libraries:
0x00007ff6ccf90000 - 0x00007ff6ccf9e000 	c:\Users\ANKIT\.vscode\extensions\redhat.java-1.46.0-win32-x64\jre\21.0.8-win32-x86_64\bin\java.exe
0x00007fff0d5f0000 - 0x00007fff0d7e8000 	C:\Windows\SYSTEM32\ntdll.dll
0x00007fff0b7f0000 - 0x00007fff0b8b2000 	C:\Windows\System32\KERNEL32.DLL
0x00007fff0acb0000 - 0x00007fff0afa6000 	C:\Windows\System32\KERNELBASE.dll
0x00007fff0b3b0000 - 0x00007fff0b4b0000 	C:\Windows\System32\ucrtbase.dll
0x00007ffe75850000 - 0x00007ffe75868000 	c:\Users\ANKIT\.vscode\extensions\redhat.java-1.46.0-win32-x64\jre\21.0.8-win32-x86_64\bin\jli.dll
0x00007ffe75800000 - 0x00007ffe7581e000 	c:\Users\ANKIT\.vscode\extensions\redhat.java-1.46.0-win32-x64\jre\21.0.8-win32-x86_64\bin\VCRUNTIME140.dll
0x00007fff0c710000 - 0x00007fff0c8b1000 	C:\Windows\System32\USER32.dll
0x00007fff0b4b0000 - 0x00007fff0b4d2000 	C:\Windows\System32\win32u.dll
0x00007fff0c180000 - 0x00007fff0c1ab000 	C:\Windows\System32\GDI32.dll
0x00007fff0b000000 - 0x00007fff0b119000 	C:\Windows\System32\gdi32full.dll
0x00007fff0b310000 - 0x00007fff0b3ad000 	C:\Windows\System32\msvcp_win.dll
0x00007ffeee800000 - 0x00007ffeeea9b000 	C:\Windows\WinSxS\amd64_microsoft.windows.common-controls_6595b64144ccf1df_6.0.19041.6456_none_60b8a6cb71f64256\COMCTL32.dll
0x00007fff0b900000 - 0x00007fff0b99e000 	C:\Windows\System32\msvcrt.dll
0x00007fff0b8c0000 - 0x00007fff0b8ef000 	C:\Windows\System32\IMM32.DLL
0x00007ffe9dde0000 - 0x00007ffe9ddec000 	c:\Users\ANKIT\.vscode\extensions\redhat.java-1.46.0-win32-x64\jre\21.0.8-win32-x86_64\bin\vcruntime140_1.dll
0x00007ffe75a10000 - 0x00007ffe75a9d000 	c:\Users\ANKIT\.vscode\extensions\redhat.java-1.46.0-win32-x64\jre\21.0.8-win32-x86_64\bin\msvcp140.dll
0x00007ffe60940000 - 0x00007ffe616d7000 	c:\Users\ANKIT\.vscode\extensions\redhat.java-1.46.0-win32-x64\jre\21.0.8-win32-x86_64\bin\server\jvm.dll
0x00007fff0c1b0000 - 0x00007fff0c261000 	C:\Windows\System32\ADVAPI32.dll
0x00007fff0c270000 - 0x00007fff0c30f000 	C:\Windows\System32\sechost.dll
0x00007fff0b670000 - 0x00007fff0b790000 	C:\Windows\System32\RPCRT4.dll
0x00007fff0ac80000 - 0x00007fff0aca7000 	C:\Windows\System32\bcrypt.dll
0x00007fff0d540000 - 0x00007fff0d5ab000 	C:\Windows\System32\WS2_32.dll
0x00007fff0aae0000 - 0x00007fff0ab2b000 	C:\Windows\SYSTEM32\POWRPROF.dll
0x00007fff00410000 - 0x00007fff0041a000 	C:\Windows\SYSTEM32\VERSION.dll
0x00007fff003e0000 - 0x00007fff00407000 	C:\Windows\SYSTEM32\WINMM.dll
0x00007fff0aac0000 - 0x00007fff0aad2000 	C:\Windows\SYSTEM32\UMPDC.dll
0x00007fff09450000 - 0x00007fff09462000 	C:\Windows\SYSTEM32\kernel.appcore.dll
0x00007ffe9dda0000 - 0x00007ffe9ddaa000 	c:\Users\ANKIT\.vscode\extensions\redhat.java-1.46.0-win32-x64\jre\21.0.8-win32-x86_64\bin\jimage.dll
0x00007fff08a30000 - 0x00007fff08c31000 	C:\Windows\SYSTEM32\DBGHELP.DLL
0x00007ffef0330000 - 0x00007ffef0364000 	C:\Windows\SYSTEM32\dbgcore.DLL
0x00007fff0b120000 - 0x00007fff0b1a2000 	C:\Windows\System32\bcryptPrimitives.dll
0x00007fff07170000 - 0x00007fff0717f000 	c:\Users\ANKIT\.vscode\extensions\redhat.java-1.46.0-win32-x64\jre\21.0.8-win32-x86_64\bin\instrument.dll
0x00007ffe75880000 - 0x00007ffe7589f000 	c:\Users\ANKIT\.vscode\extensions\redhat.java-1.46.0-win32-x64\jre\21.0.8-win32-x86_64\bin\java.dll
0x00007fff0c8c0000 - 0x00007fff0d030000 	C:\Windows\System32\SHELL32.dll
0x00007fff08c90000 - 0x00007fff09435000 	C:\Windows\SYSTEM32\windows.storage.dll
0x00007fff0d050000 - 0x00007fff0d3a4000 	C:\Windows\System32\combase.dll
0x00007fff0a640000 - 0x00007fff0a66b000 	C:\Windows\SYSTEM32\Wldp.dll
0x00007fff0bf70000 - 0x00007fff0c03d000 	C:\Windows\System32\OLEAUT32.dll
0x00007fff0c0d0000 - 0x00007fff0c17d000 	C:\Windows\System32\SHCORE.dll
0x00007fff0b610000 - 0x00007fff0b66b000 	C:\Windows\System32\shlwapi.dll
0x00007fff0abb0000 - 0x00007fff0abd4000 	C:\Windows\SYSTEM32\profapi.dll
0x00007ffe759f0000 - 0x00007ffe75a08000 	c:\Users\ANKIT\.vscode\extensions\redhat.java-1.46.0-win32-x64\jre\21.0.8-win32-x86_64\bin\zip.dll
0x00007ffe79590000 - 0x00007ffe795a0000 	C:\Users\ANKIT\.vscode\extensions\redhat.java-1.46.0-win32-x64\jre\21.0.8-win32-x86_64\bin\net.dll
0x00007fff06e70000 - 0x00007fff06f7a000 	C:\Windows\SYSTEM32\WINHTTP.dll
0x00007fff0a330000 - 0x00007fff0a39a000 	C:\Windows\system32\mswsock.dll
0x00007ffe759d0000 - 0x00007ffe759e6000 	C:\Users\ANKIT\.vscode\extensions\redhat.java-1.46.0-win32-x64\jre\21.0.8-win32-x86_64\bin\nio.dll
0x00007fff07140000 - 0x00007fff07150000 	c:\Users\ANKIT\.vscode\extensions\redhat.java-1.46.0-win32-x64\jre\21.0.8-win32-x86_64\bin\verify.dll
0x00007fff02d10000 - 0x00007fff02d54000 	C:\Users\ANKIT\AppData\Roaming\Code\User\globalStorage\redhat.java\1.46.0\config_win\org.eclipse.equinox.launcher\org.eclipse.equinox.launcher.win32.win32.x86_64_1.2.1400.v20250801-0854\eclipse_11916.dll
0x00007fff0c320000 - 0x00007fff0c44b000 	C:\Windows\System32\ole32.dll
0x00007fff0a530000 - 0x00007fff0a548000 	C:\Windows\SYSTEM32\CRYPTSP.dll
0x00007fff09c50000 - 0x00007fff09c88000 	C:\Windows\system32\rsaenh.dll
0x00007fff0ab30000 - 0x00007fff0ab5e000 	C:\Windows\SYSTEM32\USERENV.dll
0x00007fff0a520000 - 0x00007fff0a52c000 	C:\Windows\SYSTEM32\CRYPTBASE.dll
0x00007fff0a010000 - 0x00007fff0a04b000 	C:\Windows\SYSTEM32\IPHLPAPI.DLL
0x00007fff0b8f0000 - 0x00007fff0b8f8000 	C:\Windows\System32\NSI.dll
0x00007ffee9650000 - 0x00007ffee9699000 	C:\Users\ANKIT\AppData\Local\Temp\jna-62426985\jna242271908757562997.dll
0x00007fff0d4d0000 - 0x00007fff0d4d8000 	C:\Windows\System32\PSAPI.DLL
0x00007fff02ad0000 - 0x00007fff02ae7000 	C:\Windows\SYSTEM32\dhcpcsvc6.DLL
0x00007fff02ea0000 - 0x00007fff02ebd000 	C:\Windows\SYSTEM32\dhcpcsvc.DLL

JVMTI agents:
c:\Users\ANKIT\.vscode\extensions\redhat.java-1.46.0-win32-x64\lombok\lombok-1.18.39-4050.jar path:c:\Users\ANKIT\.vscode\extensions\redhat.java-1.46.0-win32-x64\jre\21.0.8-win32-x86_64\bin\instrument.dll, loaded, initialized, instrumentlib options:none

dbghelp: loaded successfully - version: 4.0.5 - missing functions: none
symbol engine: initialized successfully - sym options: 0x614 - pdb path: (cannot be retrieved)

VM Arguments:
jvm_args: --add-modules=ALL-SYSTEM --add-opens=java.base/java.util=ALL-UNNAMED --add-opens=java.base/java.lang=ALL-UNNAMED --add-opens=java.base/sun.nio.fs=ALL-UNNAMED -Declipse.application=org.eclipse.jdt.ls.core.id1 -Dosgi.bundles.defaultStartLevel=4 -Declipse.product=org.eclipse.jdt.ls.core.product -Djava.import.generatesMetadataFilesAtProjectRoot=false -DDetectVMInstallationsJob.disabled=true -Dfile.encoding=utf8 -XX:+UseParallelGC -XX:GCTimeRatio=4 -XX:AdaptiveSizePolicyWeight=90 -Dsun.zip.disableMemoryMapping=true -Xmx2G -Xms100m -Xlog:disable -javaagent:c:\Users\ANKIT\.vscode\extensions\redhat.java-1.46.0-win32-x64\lombok\lombok-1.18.39-4050.jar -XX:+HeapDumpOnOutOfMemoryError -XX:HeapDumpPath=c:\Users\ANKIT\AppData\Roaming\Code\User\workspaceStorage\d4ce133bf22aadc5d977554e0ce369fd\redhat.java -Daether.dependencyCollector.impl=bf 
java_command: c:\Users\ANKIT\.vscode\extensions\redhat.java-1.46.0-win32-x64\server\plugins\org.eclipse.equinox.launcher_1.7.0.v20250519-0528.jar -configuration c:\Users\ANKIT\AppData\Roaming\Code\User\globalStorage\redhat.java\1.46.0\config_win -data c:\Users\ANKIT\AppData\Roaming\Code\User\workspaceStorage\d4ce133bf22aadc5d977554e0ce369fd\redhat.java\jdt_ws --pipe=\\.\pipe\lsp-11ef30b5093d09a41a289101c7a201c2-sock
java_class_path (initial): c:\Users\ANKIT\.vscode\extensions\redhat.java-1.46.0-win32-x64\server\plugins\org.eclipse.equinox.launcher_1.7.0.v20250519-0528.jar
Launcher Type: SUN_STANDARD

[Global flags]
    uintx AdaptiveSizePolicyWeight                 = 90                                        {product} {command line}
     intx CICompilerCount                          = 4                                         {product} {ergonomic}
    uintx GCTimeRatio                              = 4                                         {product} {command line}
     bool HeapDumpOnOutOfMemoryError               = true                                   {manageable} {command line}
    ccstr HeapDumpPath                             = c:\Users\ANKIT\AppData\Roaming\Code\User\workspaceStorage\d4ce133bf22aadc5d977554e0ce369fd\redhat.java         {manageable} {command line}
   size_t InitialHeapSize                          = 104857600                                 {product} {command line}
   size_t MaxHeapSize                              = 2147483648                                {product} {command line}
   size_t MaxNewSize                               = 715653120                                 {product} {ergonomic}
   size_t MinHeapDeltaBytes                        = 524288                                    {product} {ergonomic}
   size_t MinHeapSize                              = 104857600                                 {product} {command line}
   size_t NewSize                                  = 34603008                                  {product} {ergonomic}
    uintx NonNMethodCodeHeapSize                   = 5839372                                {pd product} {ergonomic}
    uintx NonProfiledCodeHeapSize                  = 122909434                              {pd product} {ergonomic}
   size_t OldSize                                  = 70254592                                  {product} {ergonomic}
    uintx ProfiledCodeHeapSize                     = 122909434                              {pd product} {ergonomic}
    uintx ReservedCodeCacheSize                    = 251658240                              {pd product} {ergonomic}
     bool SegmentedCodeCache                       = true                                      {product} {ergonomic}
   size_t SoftMaxHeapSize                          = 2147483648                             {manageable} {ergonomic}
     bool UseCompressedOops                        = true                           {product lp64_product} {ergonomic}
     bool UseLargePagesIndividualAllocation        = false                                  {pd product} {ergonomic}
     bool UseParallelGC                            = true                                      {product} {command line}

Logging:
Log output configuration:
 #0: stdout all=off uptime,level,tags foldmultilines=false
 #1: stderr all=off uptime,level,tags foldmultilines=false

Environment Variables:
JAVA_HOME=C:\Program Files\OpenLogic\jdk-17.0.9.9-hotspot
PATH=C:\Python313\Scripts\;C:\Python313\;C:\Program Files\OpenLogic\jdk-17.0.9.9-hotspot\bin;C:\Program Files\Eclipse Adoptium\jdk-17.0.6.10-hotspot\bin;C:\Program Files\Common Files\Oracle\Java\javapath;C:\Windows\system32;C:\Windows;C:\Windows\System32\Wbem;C:\Windows\System32\WindowsPowerShell\v1.0\;C:\Windows\System32\OpenSSH\;C:\Program Files\Java\jdk-18.0.2.1\bin;C:\MinGW\bin;C:\Users\ANKIT\AppData\Local\Android\Sdk\platform-tools;C:\Users\ANKIT\AppData\Local\Android\Sdk\cmdline-tools\latest\bin;C:\Users\ANKIT\AppData\Local\Android\Sdk;C:\Users\ANKIT\AppData\Local\Android\Sdk\emulator;E:\Microsoft VS Code\bin;C:\Users\ANKIT\AppData\Local\Programs\Python\Python39;C:\Users\ANKIT\AppData\Local\Programs\Python\Python39\Scripts;C:\Program Files\MySQL\MySQL Server 8.0\bin;C:\Users\ANKIT\flutterdart\bin;C:\ProgramData\chocolatey\bin;C:\Program Files\Git\cmd;C:\Program Files\starship\bin\;C:\Program Files\nodejs\;C:\Program Files\MySQL\MySQL Shell 8.0\bin\;C:\Users\ANKIT\AppData\Local\Microsoft\WindowsApps;E:\Microsoft VS Code\bin;E:\IntelliJ IDEA Community Edition 2022.2.1\bin;;C:\Program Files\Android\Android Studio\dartsdk-windows-x64-release\dart-sdk\bin;C:\Users\ANKIT\AppData\Local\Android\Sdk\platform-tools;C:\Users\ANKIT\AppData\Local\Android\Sdk\cmdline-tools\latest\bin;C:\Users\ANKIT\AppData\Local\Android\Sdk;C:\Users\ANKIT\AppData\Local\Android\Sdk\tools;C:\Users\ANKIT\AppData\Local\Android\Sdk\tools\bin;C:\Users\ANKIT\flutterdart\bin;C:\Program Files\OpenLogic\jdk-17.0.9.9-hotspot\bin;C:\Users\ANKIT\.bun\bin;C:\Users\ANKIT\AppData\Local\Android\Sdk\emulator;C:\Users\ANKIT\AppData\Roaming\npm
USERNAME=ANKIT
OS=Windows_NT
PROCESSOR_IDENTIFIER=AMD64 Family 25 Model 80 Stepping 0, AuthenticAMD
TMP=C:\Users\ANKIT\AppData\Local\Temp
TEMP=C:\Users\ANKIT\AppData\Local\Temp




Periodic native trim disabled

---------------  S Y S T E M  ---------------

OS:
 Windows 10 , 64 bit Build 19041 (10.0.19041.5915)
OS uptime: 0 days 11:44 hours

CPU: total 12 (initial active 12) (12 cores per cpu, 2 threads per core) family 25 model 80 stepping 0 microcode 0x0, cx8, cmov, fxsr, ht, mmx, 3dnowpref, sse, sse2, sse3, ssse3, sse4a, sse4.1, sse4.2, popcnt, lzcnt, tsc, tscinvbit, avx, avx2, aes, erms, clmul, bmi1, bmi2, adx, sha, fma, vzeroupper, clflush, clflushopt, rdtscp, rdpid, fsrm, f16c, pku, cet_ss
Processor Information for the first 12 processors :
  Max Mhz: 2301, Current Mhz: 2301, Mhz Limit: 2301

Memory: 4k page, system-wide physical 15716M (588M free)
TotalPageFile size 39185M (AvailPageFile size 5M)
current process WorkingSet (physical memory assigned to process): 207M, peak: 207M
current process commit charge ("private bytes"): 333M, peak: 333M

vm_info: OpenJDK 64-Bit Server VM (21.0.8+9-LTS) for windows-amd64 JRE (21.0.8+9-LTS), built on 2025-07-15T00:00:00Z by "admin" with MS VC++ 17.7 (VS2022)

END.
