#
# There is insufficient memory for the Java Runtime Environment to continue.
# Native memory allocation (malloc) failed to allocate 291296 bytes. Error detail: Chunk::new
# Possible reasons:
#   The system is out of physical RAM or swap space
#   This process is running with CompressedOops enabled, and the Java Heap may be blocking the growth of the native heap
# Possible solutions:
#   Reduce memory load on the system
#   Increase physical memory or swap space
#   Check if swap backing store is full
#   Decrease Java heap size (-Xmx/-Xms)
#   Decrease number of Java threads
#   Decrease Java thread stack sizes (-Xss)
#   Set larger code cache with -XX:ReservedCodeCacheSize=
#   JVM is running with Unscaled Compressed Oops mode in which the Java heap is
#     placed in the first 4GB address space. The Java Heap base address is the
#     maximum limit for the native heap growth. Please use -XX:HeapBaseMinAddress
#     to set the Java Heap base and to place the Java Heap above 4GB virtual address.
# This output file may be truncated or incomplete.
#
#  Out of Memory Error (arena.cpp:168), pid=20616, tid=19168
#
# JRE version: OpenJDK Runtime Environment Temurin-21.0.8+9 (21.0.8+9) (build 21.0.8+9-LTS)
# Java VM: OpenJDK 64-Bit Server VM Temurin-21.0.8+9 (21.0.8+9-LTS, mixed mode, sharing, tiered, compressed oops, compressed class ptrs, parallel gc, windows-amd64)
# No core dump will be written. Minidumps are not enabled by default on client versions of Windows
#

---------------  S U M M A R Y ------------

Command Line: --add-modules=ALL-SYSTEM --add-opens=java.base/java.util=ALL-UNNAMED --add-opens=java.base/java.lang=ALL-UNNAMED --add-opens=java.base/sun.nio.fs=ALL-UNNAMED -Declipse.application=org.eclipse.jdt.ls.core.id1 -Dosgi.bundles.defaultStartLevel=4 -Declipse.product=org.eclipse.jdt.ls.core.product -Djava.import.generatesMetadataFilesAtProjectRoot=false -DDetectVMInstallationsJob.disabled=true -Dfile.encoding=utf8 -XX:+UseParallelGC -XX:GCTimeRatio=4 -XX:AdaptiveSizePolicyWeight=90 -Dsun.zip.disableMemoryMapping=true -Xmx2G -Xms100m -Xlog:disable -javaagent:c:\Users\ANKIT\.vscode\extensions\redhat.java-1.47.0-win32-x64\lombok\lombok-1.18.39-4050.jar -XX:+HeapDumpOnOutOfMemoryError -XX:HeapDumpPath=c:\Users\ANKIT\AppData\Roaming\Code\User\workspaceStorage\d4ce133bf22aadc5d977554e0ce369fd\redhat.java -Daether.dependencyCollector.impl=bf c:\Users\ANKIT\.vscode\extensions\redhat.java-1.47.0-win32-x64\server\plugins\org.eclipse.equinox.launcher_1.7.100.v20251014-1222.jar -configuration c:\Users\ANKIT\AppData\Roaming\Code\User\globalStorage\redhat.java\1.47.0\config_win -data c:\Users\ANKIT\AppData\Roaming\Code\User\workspaceStorage\d4ce133bf22aadc5d977554e0ce369fd\redhat.java\jdt_ws --pipe=\\.\pipe\lsp-678b7afa369908dc2a57a4de7e937ab9-sock

Host: AMD Ryzen 5 5600U with Radeon Graphics         , 12 cores, 15G,  Windows 10 , 64 bit Build 19041 (10.0.19041.5915)
Time: Sat Nov  1 16:24:12 2025 India Standard Time elapsed time: 6.177298 seconds (0d 0h 0m 6s)

---------------  T H R E A D  ---------------

Current thread (0x000002aaa3b7bd30):  JavaThread "C2 CompilerThread0" daemon [_thread_in_native, id=19168, stack(0x000000c857300000,0x000000c857400000) (1024K)]


Current CompileTask:
C2:6177 4358       4       com.google.gson.internal.bind.TypeAdapterRuntimeTypeWrapper::read (9 bytes)

Stack: [0x000000c857300000,0x000000c857400000]
Native frames: (J=compiled Java code, j=interpreted, Vv=VM code, C=native code)
V  [jvm.dll+0x6d2449]
V  [jvm.dll+0x8ae341]
V  [jvm.dll+0x8b08be]
V  [jvm.dll+0x8b0fa3]
V  [jvm.dll+0x280c96]
V  [jvm.dll+0xc581d]
V  [jvm.dll+0xc5d53]
V  [jvm.dll+0x2f539d]
V  [jvm.dll+0x5fa00a]
V  [jvm.dll+0x252092]
V  [jvm.dll+0x25244f]
V  [jvm.dll+0x24ad14]
V  [jvm.dll+0x2483a4]
V  [jvm.dll+0x1c89ee]
V  [jvm.dll+0x257d4d]
V  [jvm.dll+0x2562ea]
V  [jvm.dll+0x3f2d16]
V  [jvm.dll+0x857e6b]
V  [jvm.dll+0x6d0b0d]
C  [ucrtbase.dll+0x21bb2]
C  [KERNEL32.DLL+0x17374]
C  [ntdll.dll+0x4cc91]


---------------  P R O C E S S  ---------------

Threads class SMR info:
_java_thread_list=0x000002aaeb826000, length=44, elements={
0x000002aa8d0d1f60, 0x000002aaa3b6e020, 0x000002aaa3b6f1d0, 0x000002aaa3b72aa0,
0x000002aaa3b736f0, 0x000002aaa3b7a4b0, 0x000002aaa3b7af00, 0x000002aaa3b7bd30,
0x000002aae6b16db0, 0x000002aa8d13c990, 0x000002aae6e67cd0, 0x000002aae6e2e980,
0x000002aaeb9e1fe0, 0x000002aaeb76a730, 0x000002aaeb87c8f0, 0x000002aaeb8898d0,
0x000002aaebca4610, 0x000002aaebab92b0, 0x000002aaebf47d10, 0x000002aaebf48a30,
0x000002aaebf45c40, 0x000002aaebf462d0, 0x000002aaebf46960, 0x000002aaecdffad0,
0x000002aaebf46ff0, 0x000002aaebf47680, 0x000002aaebf483a0, 0x000002aaeeb997a0,
0x000002aaeeb95600, 0x000002aaeeb92ea0, 0x000002aaeeb95c90, 0x000002aaeeb94250,
0x000002aaeeb97d60, 0x000002aaeeb97040, 0x000002aaeeb99e30, 0x000002aaeeb983f0,
0x000002aaeeb93530, 0x000002aaeeb96320, 0x000002aaeeb93bc0, 0x000002aaeeb948e0,
0x000002aaeeb94f70, 0x000002aaeeb9a4c0, 0x000002aaeeb976d0, 0x000002aaeeb969b0
}

Java Threads: ( => current thread )
  0x000002aa8d0d1f60 JavaThread "main"                              [_thread_blocked, id=11200, stack(0x000000c856800000,0x000000c856900000) (1024K)]
  0x000002aaa3b6e020 JavaThread "Reference Handler"          daemon [_thread_blocked, id=1232, stack(0x000000c856d00000,0x000000c856e00000) (1024K)]
  0x000002aaa3b6f1d0 JavaThread "Finalizer"                  daemon [_thread_blocked, id=14228, stack(0x000000c856e00000,0x000000c856f00000) (1024K)]
  0x000002aaa3b72aa0 JavaThread "Signal Dispatcher"          daemon [_thread_blocked, id=12072, stack(0x000000c856f00000,0x000000c857000000) (1024K)]
  0x000002aaa3b736f0 JavaThread "Attach Listener"            daemon [_thread_blocked, id=15840, stack(0x000000c857000000,0x000000c857100000) (1024K)]
  0x000002aaa3b7a4b0 JavaThread "Service Thread"             daemon [_thread_blocked, id=16312, stack(0x000000c857100000,0x000000c857200000) (1024K)]
  0x000002aaa3b7af00 JavaThread "Monitor Deflation Thread"   daemon [_thread_blocked, id=4840, stack(0x000000c857200000,0x000000c857300000) (1024K)]
=>0x000002aaa3b7bd30 JavaThread "C2 CompilerThread0"         daemon [_thread_in_native, id=19168, stack(0x000000c857300000,0x000000c857400000) (1024K)]
  0x000002aae6b16db0 JavaThread "C1 CompilerThread0"         daemon [_thread_blocked, id=7456, stack(0x000000c857400000,0x000000c857500000) (1024K)]
  0x000002aa8d13c990 JavaThread "Common-Cleaner"             daemon [_thread_blocked, id=4936, stack(0x000000c857500000,0x000000c857600000) (1024K)]
  0x000002aae6e67cd0 JavaThread "Notification Thread"        daemon [_thread_blocked, id=20768, stack(0x000000c857600000,0x000000c857700000) (1024K)]
  0x000002aae6e2e980 JavaThread "C2 CompilerThread1"         daemon [_thread_in_native, id=12232, stack(0x000000c857700000,0x000000c857800000) (1024K)]
  0x000002aaeb9e1fe0 JavaThread "Active Thread: Equinox Container: 30ac5ca3-7a33-430e-adf9-06f97a4f390e"        [_thread_blocked, id=16776, stack(0x000000c857f00000,0x000000c858000000) (1024K)]
  0x000002aaeb76a730 JavaThread "Refresh Thread: Equinox Container: 30ac5ca3-7a33-430e-adf9-06f97a4f390e" daemon [_thread_blocked, id=19188, stack(0x000000c858000000,0x000000c858100000) (1024K)]
  0x000002aaeb87c8f0 JavaThread "Framework Event Dispatcher: Equinox Container: 30ac5ca3-7a33-430e-adf9-06f97a4f390e" daemon [_thread_blocked, id=21296, stack(0x000000c858200000,0x000000c858300000) (1024K)]
  0x000002aaeb8898d0 JavaThread "Start Level: Equinox Container: 30ac5ca3-7a33-430e-adf9-06f97a4f390e" daemon [_thread_blocked, id=16064, stack(0x000000c858300000,0x000000c858400000) (1024K)]
  0x000002aaebca4610 JavaThread "Bundle File Closer"         daemon [_thread_blocked, id=16584, stack(0x000000c858600000,0x000000c858700000) (1024K)]
  0x000002aaebab92b0 JavaThread "SCR Component Actor"        daemon [_thread_blocked, id=12884, stack(0x000000c858700000,0x000000c858800000) (1024K)]
  0x000002aaebf47d10 JavaThread "Worker-JM"                         [_thread_blocked, id=20792, stack(0x000000c858800000,0x000000c858900000) (1024K)]
  0x000002aaebf48a30 JavaThread "JNA Cleaner"                daemon [_thread_blocked, id=16328, stack(0x000000c858900000,0x000000c858a00000) (1024K)]
  0x000002aaebf45c40 JavaThread "Worker-0: Initialize After Load"        [_thread_blocked, id=4268, stack(0x000000c858a00000,0x000000c858b00000) (1024K)]
  0x000002aaebf462d0 JavaThread "Worker-1"                          [_thread_blocked, id=12172, stack(0x000000c858b00000,0x000000c858c00000) (1024K)]
  0x000002aaebf46960 JavaThread "Java indexing"              daemon [_thread_blocked, id=19160, stack(0x000000c857800000,0x000000c857900000) (1024K)]
  0x000002aaecdffad0 JavaThread "C2 CompilerThread2"         daemon [_thread_in_native, id=2940, stack(0x000000c858c00000,0x000000c858d00000) (1024K)]
  0x000002aaebf46ff0 JavaThread "Worker-2"                          [_thread_blocked, id=2696, stack(0x000000c858d00000,0x000000c858e00000) (1024K)]
  0x000002aaebf47680 JavaThread "Worker-3: Updating Maven Dependencies"        [_thread_in_vm, id=8420, stack(0x000000c858e00000,0x000000c858f00000) (1024K)]
  0x000002aaebf483a0 JavaThread "Thread-1"                   daemon [_thread_in_native, id=20568, stack(0x000000c858f00000,0x000000c859000000) (1024K)]
  0x000002aaeeb997a0 JavaThread "Thread-2"                   daemon [_thread_in_native, id=21500, stack(0x000000c859000000,0x000000c859100000) (1024K)]
  0x000002aaeeb95600 JavaThread "Thread-3"                   daemon [_thread_in_native, id=18540, stack(0x000000c859100000,0x000000c859200000) (1024K)]
  0x000002aaeeb92ea0 JavaThread "Thread-4"                   daemon [_thread_in_native, id=15732, stack(0x000000c859200000,0x000000c859300000) (1024K)]
  0x000002aaeeb95c90 JavaThread "Thread-5"                   daemon [_thread_in_native, id=18436, stack(0x000000c859300000,0x000000c859400000) (1024K)]
  0x000002aaeeb94250 JavaThread "Thread-6"                   daemon [_thread_in_native, id=2872, stack(0x000000c859400000,0x000000c859500000) (1024K)]
  0x000002aaeeb97d60 JavaThread "Thread-7"                   daemon [_thread_in_native, id=16092, stack(0x000000c859500000,0x000000c859600000) (1024K)]
  0x000002aaeeb97040 JavaThread "Thread-8"                   daemon [_thread_in_native, id=19688, stack(0x000000c859600000,0x000000c859700000) (1024K)]
  0x000002aaeeb99e30 JavaThread "Thread-9"                   daemon [_thread_in_native, id=1832, stack(0x000000c859700000,0x000000c859800000) (1024K)]
  0x000002aaeeb983f0 JavaThread "Thread-10"                  daemon [_thread_in_native, id=4824, stack(0x000000c859800000,0x000000c859900000) (1024K)]
  0x000002aaeeb93530 JavaThread "Thread-11"                  daemon [_thread_in_native, id=18908, stack(0x000000c859900000,0x000000c859a00000) (1024K)]
  0x000002aaeeb96320 JavaThread "Thread-12"                  daemon [_thread_in_native, id=3636, stack(0x000000c859a00000,0x000000c859b00000) (1024K)]
  0x000002aaeeb93bc0 JavaThread "Thread-13"                  daemon [_thread_in_native, id=5576, stack(0x000000c859b00000,0x000000c859c00000) (1024K)]
  0x000002aaeeb948e0 JavaThread "Worker-4: Repository registry initialization"        [_thread_blocked, id=20880, stack(0x000000c859c00000,0x000000c859d00000) (1024K)]
  0x000002aaeeb94f70 JavaThread "Worker-5"                          [_thread_blocked, id=18652, stack(0x000000c859d00000,0x000000c859e00000) (1024K)]
  0x000002aaeeb9a4c0 JavaThread "pool-2-thread-1"                   [_thread_blocked, id=10580, stack(0x000000c859e00000,0x000000c859f00000) (1024K)]
  0x000002aaeeb976d0 JavaThread "WorkspaceEventsHandler"            [_thread_blocked, id=20476, stack(0x000000c859f00000,0x000000c85a000000) (1024K)]
  0x000002aaeeb969b0 JavaThread "pool-1-thread-1"                   [_thread_blocked, id=19996, stack(0x000000c85a000000,0x000000c85a100000) (1024K)]
Total: 44

Other Threads:
  0x000002aa8d18fa30 VMThread "VM Thread"                           [id=9792, stack(0x000000c856b00000,0x000000c856c00000) (1024K)]
  0x000002aa8d13b5b0 WatcherThread "VM Periodic Task Thread"        [id=12728, stack(0x000000c856a00000,0x000000c856b00000) (1024K)]
  0x000002aa8d0eff10 WorkerThread "GC Thread#0"                     [id=17952, stack(0x000000c856900000,0x000000c856a00000) (1024K)]
  0x000002aaeb3dcd60 WorkerThread "GC Thread#1"                     [id=3480, stack(0x000000c857900000,0x000000c857a00000) (1024K)]
  0x000002aaeb55c570 WorkerThread "GC Thread#2"                     [id=18708, stack(0x000000c857a00000,0x000000c857b00000) (1024K)]
  0x000002aaeb17bef0 WorkerThread "GC Thread#3"                     [id=17368, stack(0x000000c857b00000,0x000000c857c00000) (1024K)]
  0x000002aaeb17c290 WorkerThread "GC Thread#4"                     [id=17332, stack(0x000000c857c00000,0x000000c857d00000) (1024K)]
  0x000002aaeb17c630 WorkerThread "GC Thread#5"                     [id=16044, stack(0x000000c857d00000,0x000000c857e00000) (1024K)]
  0x000002aaeb17c9d0 WorkerThread "GC Thread#6"                     [id=20632, stack(0x000000c857e00000,0x000000c857f00000) (1024K)]
  0x000002aaeb7e7e00 WorkerThread "GC Thread#7"                     [id=18776, stack(0x000000c858100000,0x000000c858200000) (1024K)]
  0x000002aaec00f730 WorkerThread "GC Thread#8"                     [id=19248, stack(0x000000c858400000,0x000000c858500000) (1024K)]
  0x000002aaeba9ff00 WorkerThread "GC Thread#9"                     [id=19020, stack(0x000000c858500000,0x000000c858600000) (1024K)]
Total: 12

Threads with active compile tasks:
C2 CompilerThread0  6216 4358       4       com.google.gson.internal.bind.TypeAdapterRuntimeTypeWrapper::read (9 bytes)
C2 CompilerThread1  6216 4359       4       com.google.gson.internal.bind.TypeAdapters$15::read (6 bytes)
C2 CompilerThread2  6216 4360       4       com.google.gson.internal.bind.TypeAdapters$15::read (38 bytes)
Total: 3

VM state: not at safepoint (normal execution)

VM Mutex/Monitor currently owned by a thread: None

Heap address: 0x0000000080000000, size: 2048 MB, Compressed Oops mode: 32-bit

CDS archive(s) mapped at: [0x000002aaa4000000-0x000002aaa4ba0000-0x000002aaa4ba0000), size 12189696, SharedBaseAddress: 0x000002aaa4000000, ArchiveRelocationMode: 1.
Compressed class space mapped at: 0x000002aaa5000000-0x000002aae5000000, reserved size: 1073741824
Narrow klass base: 0x000002aaa4000000, Narrow klass shift: 0, Narrow klass range: 0x100000000

GC Precious Log:
 CardTable entry size: 512
 CPUs: 12 total, 12 available
 Memory: 15716M
 Large Page Support: Disabled
 NUMA Support: Disabled
 Compressed Oops: Enabled (32-bit)
 Alignments: Space 512K, Generation 512K, Heap 2M
 Heap Min Capacity: 100M
 Heap Initial Capacity: 100M
 Heap Max Capacity: 2G
 Pre-touch: Disabled
 Parallel Workers: 10

Heap:
 PSYoungGen      total 25600K, used 14446K [0x00000000d5580000, 0x00000000d7280000, 0x0000000100000000)
  eden space 22016K, 65% used [0x00000000d5580000,0x00000000d639bbd0,0x00000000d6b00000)
  from space 3584K, 0% used [0x00000000d6c00000,0x00000000d6c00000,0x00000000d6f80000)
  to   space 1536K, 0% used [0x00000000d7100000,0x00000000d7100000,0x00000000d7280000)
 ParOldGen       total 68608K, used 21205K [0x0000000080000000, 0x0000000084300000, 0x00000000d5580000)
  object space 68608K, 30% used [0x0000000080000000,0x00000000814b5708,0x0000000084300000)
 Metaspace       used 36133K, committed 37248K, reserved 1114112K
  class space    used 3783K, committed 4288K, reserved 1048576K

Card table byte_map: [0x000002aa8ca90000,0x000002aa8cea0000] _byte_map_base: 0x000002aa8c690000

Marking Bits: (ParMarkBitMap*) 0x00007ffb20e6a340
 Begin Bits: [0x000002aa9f580000, 0x000002aaa1580000)
 End Bits:   [0x000002aaa1580000, 0x000002aaa3580000)

Polling page: 0x000002aa8b0d0000

Metaspace:

Usage:
  Non-class:     31.59 MB used.
      Class:      3.69 MB used.
       Both:     35.29 MB used.

Virtual space:
  Non-class space:       64.00 MB reserved,      32.19 MB ( 50%) committed,  1 nodes.
      Class space:        1.00 GB reserved,       4.19 MB ( <1%) committed,  1 nodes.
             Both:        1.06 GB reserved,      36.38 MB (  3%) committed. 

Chunk freelists:
   Non-Class:  15.86 MB
       Class:  11.80 MB
        Both:  27.64 MB

MaxMetaspaceSize: unlimited
CompressedClassSpaceSize: 1.00 GB
Initial GC threshold: 21.00 MB
Current GC threshold: 58.38 MB
CDS: on
 - commit_granule_bytes: 65536.
 - commit_granule_words: 8192.
 - virtual_space_node_default_size: 8388608.
 - enlarge_chunks_in_place: 1.
 - use_allocation_guard: 0.


Internal statistics:

num_allocs_failed_limit: 6.
num_arena_births: 772.
num_arena_deaths: 40.
num_vsnodes_births: 2.
num_vsnodes_deaths: 0.
num_space_committed: 582.
num_space_uncommitted: 0.
num_chunks_returned_to_freelist: 57.
num_chunks_taken_from_freelist: 2358.
num_chunk_merges: 14.
num_chunk_splits: 1444.
num_chunks_enlarged: 858.
num_inconsistent_stats: 0.

CodeHeap 'non-profiled nmethods': size=120000Kb used=1923Kb max_used=2126Kb free=118076Kb
 bounds [0x000002aa97da0000, 0x000002aa98010000, 0x000002aa9f2d0000]
CodeHeap 'profiled nmethods': size=120000Kb used=8227Kb max_used=9344Kb free=111772Kb
 bounds [0x000002aa902d0000, 0x000002aa90c00000, 0x000002aa97800000]
CodeHeap 'non-nmethods': size=5760Kb used=1360Kb max_used=1416Kb free=4399Kb
 bounds [0x000002aa97800000, 0x000002aa97a70000, 0x000002aa97da0000]
CodeCache: size=245760Kb, used=11510Kb, max_used=12886Kb, free=234247Kb
 total_blobs=4785, nmethods=4127, adapters=564, full_count=0
Compilation: enabled, stopped_count=0, restarted_count=0

Compilation events (20 events):
Event: 6.153 Thread 0x000002aaecdffad0 4689       4       java.lang.StringUTF16::length (5 bytes)
Event: 6.153 Thread 0x000002aaecdffad0 nmethod 4689 0x000002aa97ddc490 code [0x000002aa97ddc620, 0x000002aa97ddc6a0]
Event: 6.153 Thread 0x000002aaecdffad0 4651       4       java.util.Calendar::internalSet (8 bytes)
Event: 6.154 Thread 0x000002aaecdffad0 nmethod 4651 0x000002aa97ddc110 code [0x000002aa97ddc2a0, 0x000002aa97ddc378]
Event: 6.154 Thread 0x000002aaecdffad0 4356       4       com.google.gson.stream.JsonReader::doPeek (785 bytes)
Event: 6.154 Thread 0x000002aaa3b7bd30 nmethod 4648 0x000002aa97e41390 code [0x000002aa97e41600, 0x000002aa97e41fc8]
Event: 6.154 Thread 0x000002aaa3b7bd30 4357       4       com.google.gson.stream.JsonReader::peek (144 bytes)
Event: 6.155 Thread 0x000002aaa3b7bd30 nmethod 4357 0x000002aa97ddbc10 code [0x000002aa97ddbda0, 0x000002aa97ddbea0]
Event: 6.156 Thread 0x000002aaa3b7bd30 4358       4       com.google.gson.internal.bind.TypeAdapterRuntimeTypeWrapper::read (9 bytes)
Event: 6.157 Thread 0x000002aae6e2e980 nmethod 4343% 0x000002aa97e96910 code [0x000002aa97e96c00, 0x000002aa97e98a68]
Event: 6.158 Thread 0x000002aae6e2e980 4359       4       com.google.gson.internal.bind.TypeAdapters$15::read (6 bytes)
Event: 6.161 Thread 0x000002aaecdffad0 nmethod 4356 0x000002aa97deed90 code [0x000002aa97deef80, 0x000002aa97def398]
Event: 6.161 Thread 0x000002aaecdffad0 4360       4       com.google.gson.internal.bind.TypeAdapters$15::read (38 bytes)
Event: 6.170 Thread 0x000002aae6b16db0 4695       3       jdk.internal.org.objectweb.asm.MethodWriter::putAbstractTypes (31 bytes)
Event: 6.171 Thread 0x000002aae6b16db0 nmethod 4695 0x000002aa90648890 code [0x000002aa90648a40, 0x000002aa90648c78]
Event: 6.172 Thread 0x000002aae6b16db0 4696       3       java.lang.WeakPairMap::expungeStaleAssociations (31 bytes)
Event: 6.173 Thread 0x000002aae6b16db0 nmethod 4696 0x000002aa903a7190 code [0x000002aa903a7380, 0x000002aa903a7898]
Event: 6.173 Thread 0x000002aae6b16db0 4697       3       jdk.internal.org.objectweb.asm.Frame::getConcreteOutputType (111 bytes)
Event: 6.173 Thread 0x000002aae6b16db0 nmethod 4697 0x000002aa90576310 code [0x000002aa905764e0, 0x000002aa90576870]
Event: 6.173 Thread 0x000002aae6b16db0 4698       3       java.lang.reflect.ProxyGenerator$ProxyMethod::emitIconstInsn (75 bytes)

GC Heap History (20 events):
Event: 4.523 GC heap before
{Heap before GC invocations=6 (full 0):
 PSYoungGen      total 29184K, used 29161K [0x00000000d5580000, 0x00000000d7d00000, 0x0000000100000000)
  eden space 25088K, 100% used [0x00000000d5580000,0x00000000d6e00000,0x00000000d6e00000)
  from space 4096K, 99% used [0x00000000d6e80000,0x00000000d727a6d0,0x00000000d7280000)
  to   space 7680K, 0% used [0x00000000d7580000,0x00000000d7580000,0x00000000d7d00000)
 ParOldGen       total 68608K, used 9051K [0x0000000080000000, 0x0000000084300000, 0x00000000d5580000)
  object space 68608K, 13% used [0x0000000080000000,0x00000000808d6d38,0x0000000084300000)
 Metaspace       used 18314K, committed 19072K, reserved 1114112K
  class space    used 1919K, committed 2240K, reserved 1048576K
}
Event: 4.529 GC heap after
{Heap after GC invocations=6 (full 0):
 PSYoungGen      total 31744K, used 6879K [0x00000000d5580000, 0x00000000d7c80000, 0x0000000100000000)
  eden space 24576K, 0% used [0x00000000d5580000,0x00000000d5580000,0x00000000d6d80000)
  from space 7168K, 95% used [0x00000000d7580000,0x00000000d7c37ff0,0x00000000d7c80000)
  to   space 7168K, 0% used [0x00000000d6e80000,0x00000000d6e80000,0x00000000d7580000)
 ParOldGen       total 68608K, used 9059K [0x0000000080000000, 0x0000000084300000, 0x00000000d5580000)
  object space 68608K, 13% used [0x0000000080000000,0x00000000808d8d38,0x0000000084300000)
 Metaspace       used 18314K, committed 19072K, reserved 1114112K
  class space    used 1919K, committed 2240K, reserved 1048576K
}
Event: 4.784 GC heap before
{Heap before GC invocations=7 (full 0):
 PSYoungGen      total 31744K, used 27513K [0x00000000d5580000, 0x00000000d7c80000, 0x0000000100000000)
  eden space 24576K, 83% used [0x00000000d5580000,0x00000000d69a67f0,0x00000000d6d80000)
  from space 7168K, 95% used [0x00000000d7580000,0x00000000d7c37ff0,0x00000000d7c80000)
  to   space 7168K, 0% used [0x00000000d6e80000,0x00000000d6e80000,0x00000000d7580000)
 ParOldGen       total 68608K, used 9059K [0x0000000080000000, 0x0000000084300000, 0x00000000d5580000)
  object space 68608K, 13% used [0x0000000080000000,0x00000000808d8d38,0x0000000084300000)
 Metaspace       used 20658K, committed 21504K, reserved 1114112K
  class space    used 2183K, committed 2560K, reserved 1048576K
}
Event: 4.790 GC heap after
{Heap after GC invocations=7 (full 0):
 PSYoungGen      total 30720K, used 5737K [0x00000000d5580000, 0x00000000d7a80000, 0x0000000100000000)
  eden space 24576K, 0% used [0x00000000d5580000,0x00000000d5580000,0x00000000d6d80000)
  from space 6144K, 93% used [0x00000000d6e80000,0x00000000d741a730,0x00000000d7480000)
  to   space 6144K, 0% used [0x00000000d7480000,0x00000000d7480000,0x00000000d7a80000)
 ParOldGen       total 68608K, used 10440K [0x0000000080000000, 0x0000000084300000, 0x00000000d5580000)
  object space 68608K, 15% used [0x0000000080000000,0x0000000080a32010,0x0000000084300000)
 Metaspace       used 20658K, committed 21504K, reserved 1114112K
  class space    used 2183K, committed 2560K, reserved 1048576K
}
Event: 4.790 GC heap before
{Heap before GC invocations=8 (full 1):
 PSYoungGen      total 30720K, used 5737K [0x00000000d5580000, 0x00000000d7a80000, 0x0000000100000000)
  eden space 24576K, 0% used [0x00000000d5580000,0x00000000d5580000,0x00000000d6d80000)
  from space 6144K, 93% used [0x00000000d6e80000,0x00000000d741a730,0x00000000d7480000)
  to   space 6144K, 0% used [0x00000000d7480000,0x00000000d7480000,0x00000000d7a80000)
 ParOldGen       total 68608K, used 10440K [0x0000000080000000, 0x0000000084300000, 0x00000000d5580000)
  object space 68608K, 15% used [0x0000000080000000,0x0000000080a32010,0x0000000084300000)
 Metaspace       used 20658K, committed 21504K, reserved 1114112K
  class space    used 2183K, committed 2560K, reserved 1048576K
}
Event: 4.827 GC heap after
{Heap after GC invocations=8 (full 1):
 PSYoungGen      total 30720K, used 0K [0x00000000d5580000, 0x00000000d7a80000, 0x0000000100000000)
  eden space 24576K, 0% used [0x00000000d5580000,0x00000000d5580000,0x00000000d6d80000)
  from space 6144K, 0% used [0x00000000d6e80000,0x00000000d6e80000,0x00000000d7480000)
  to   space 6144K, 0% used [0x00000000d7480000,0x00000000d7480000,0x00000000d7a80000)
 ParOldGen       total 68608K, used 15493K [0x0000000080000000, 0x0000000084300000, 0x00000000d5580000)
  object space 68608K, 22% used [0x0000000080000000,0x0000000080f21590,0x0000000084300000)
 Metaspace       used 20645K, committed 21504K, reserved 1114112K
  class space    used 2179K, committed 2560K, reserved 1048576K
}
Event: 5.007 GC heap before
{Heap before GC invocations=9 (full 1):
 PSYoungGen      total 30720K, used 24558K [0x00000000d5580000, 0x00000000d7a80000, 0x0000000100000000)
  eden space 24576K, 99% used [0x00000000d5580000,0x00000000d6d7baa8,0x00000000d6d80000)
  from space 6144K, 0% used [0x00000000d6e80000,0x00000000d6e80000,0x00000000d7480000)
  to   space 6144K, 0% used [0x00000000d7480000,0x00000000d7480000,0x00000000d7a80000)
 ParOldGen       total 68608K, used 15493K [0x0000000080000000, 0x0000000084300000, 0x00000000d5580000)
  object space 68608K, 22% used [0x0000000080000000,0x0000000080f21590,0x0000000084300000)
 Metaspace       used 23063K, committed 23936K, reserved 1114112K
  class space    used 2345K, committed 2752K, reserved 1048576K
}
Event: 5.009 GC heap after
{Heap after GC invocations=9 (full 1):
 PSYoungGen      total 25088K, used 1017K [0x00000000d5580000, 0x00000000d7580000, 0x0000000100000000)
  eden space 24064K, 0% used [0x00000000d5580000,0x00000000d5580000,0x00000000d6d00000)
  from space 1024K, 99% used [0x00000000d7480000,0x00000000d757e4b0,0x00000000d7580000)
  to   space 3072K, 0% used [0x00000000d6f80000,0x00000000d6f80000,0x00000000d7280000)
 ParOldGen       total 68608K, used 15501K [0x0000000080000000, 0x0000000084300000, 0x00000000d5580000)
  object space 68608K, 22% used [0x0000000080000000,0x0000000080f23590,0x0000000084300000)
 Metaspace       used 23063K, committed 23936K, reserved 1114112K
  class space    used 2345K, committed 2752K, reserved 1048576K
}
Event: 5.240 GC heap before
{Heap before GC invocations=10 (full 1):
 PSYoungGen      total 25088K, used 25081K [0x00000000d5580000, 0x00000000d7580000, 0x0000000100000000)
  eden space 24064K, 100% used [0x00000000d5580000,0x00000000d6d00000,0x00000000d6d00000)
  from space 1024K, 99% used [0x00000000d7480000,0x00000000d757e4b0,0x00000000d7580000)
  to   space 3072K, 0% used [0x00000000d6f80000,0x00000000d6f80000,0x00000000d7280000)
 ParOldGen       total 68608K, used 15501K [0x0000000080000000, 0x0000000084300000, 0x00000000d5580000)
  object space 68608K, 22% used [0x0000000080000000,0x0000000080f23590,0x0000000084300000)
 Metaspace       used 26483K, committed 27328K, reserved 1114112K
  class space    used 2598K, committed 2944K, reserved 1048576K
}
Event: 5.241 GC heap after
{Heap after GC invocations=10 (full 1):
 PSYoungGen      total 26624K, used 2580K [0x00000000d5580000, 0x00000000d7500000, 0x0000000100000000)
  eden space 23552K, 0% used [0x00000000d5580000,0x00000000d5580000,0x00000000d6c80000)
  from space 3072K, 83% used [0x00000000d6f80000,0x00000000d7205080,0x00000000d7280000)
  to   space 2560K, 0% used [0x00000000d7280000,0x00000000d7280000,0x00000000d7500000)
 ParOldGen       total 68608K, used 15509K [0x0000000080000000, 0x0000000084300000, 0x00000000d5580000)
  object space 68608K, 22% used [0x0000000080000000,0x0000000080f25590,0x0000000084300000)
 Metaspace       used 26483K, committed 27328K, reserved 1114112K
  class space    used 2598K, committed 2944K, reserved 1048576K
}
Event: 5.512 GC heap before
{Heap before GC invocations=11 (full 1):
 PSYoungGen      total 26624K, used 26132K [0x00000000d5580000, 0x00000000d7500000, 0x0000000100000000)
  eden space 23552K, 100% used [0x00000000d5580000,0x00000000d6c80000,0x00000000d6c80000)
  from space 3072K, 83% used [0x00000000d6f80000,0x00000000d7205080,0x00000000d7280000)
  to   space 2560K, 0% used [0x00000000d7280000,0x00000000d7280000,0x00000000d7500000)
 ParOldGen       total 68608K, used 15509K [0x0000000080000000, 0x0000000084300000, 0x00000000d5580000)
  object space 68608K, 22% used [0x0000000080000000,0x0000000080f25590,0x0000000084300000)
 Metaspace       used 28559K, committed 29440K, reserved 1114112K
  class space    used 2789K, committed 3136K, reserved 1048576K
}
Event: 5.514 GC heap after
{Heap after GC invocations=11 (full 1):
 PSYoungGen      total 25600K, used 2237K [0x00000000d5580000, 0x00000000d7500000, 0x0000000100000000)
  eden space 23040K, 0% used [0x00000000d5580000,0x00000000d5580000,0x00000000d6c00000)
  from space 2560K, 87% used [0x00000000d7280000,0x00000000d74af478,0x00000000d7500000)
  to   space 2560K, 0% used [0x00000000d7000000,0x00000000d7000000,0x00000000d7280000)
 ParOldGen       total 68608K, used 16822K [0x0000000080000000, 0x0000000084300000, 0x00000000d5580000)
  object space 68608K, 24% used [0x0000000080000000,0x000000008106d9e8,0x0000000084300000)
 Metaspace       used 28559K, committed 29440K, reserved 1114112K
  class space    used 2789K, committed 3136K, reserved 1048576K
}
Event: 5.723 GC heap before
{Heap before GC invocations=12 (full 1):
 PSYoungGen      total 25600K, used 25277K [0x00000000d5580000, 0x00000000d7500000, 0x0000000100000000)
  eden space 23040K, 100% used [0x00000000d5580000,0x00000000d6c00000,0x00000000d6c00000)
  from space 2560K, 87% used [0x00000000d7280000,0x00000000d74af478,0x00000000d7500000)
  to   space 2560K, 0% used [0x00000000d7000000,0x00000000d7000000,0x00000000d7280000)
 ParOldGen       total 68608K, used 16822K [0x0000000080000000, 0x0000000084300000, 0x00000000d5580000)
  object space 68608K, 24% used [0x0000000080000000,0x000000008106d9e8,0x0000000084300000)
 Metaspace       used 31045K, committed 32064K, reserved 1114112K
  class space    used 3081K, committed 3520K, reserved 1048576K
}
Event: 5.726 GC heap after
{Heap after GC invocations=12 (full 1):
 PSYoungGen      total 24576K, used 1686K [0x00000000d5580000, 0x00000000d7300000, 0x0000000100000000)
  eden space 22528K, 0% used [0x00000000d5580000,0x00000000d5580000,0x00000000d6b80000)
  from space 2048K, 82% used [0x00000000d7000000,0x00000000d71a5908,0x00000000d7200000)
  to   space 1024K, 0% used [0x00000000d7200000,0x00000000d7200000,0x00000000d7300000)
 ParOldGen       total 68608K, used 18897K [0x0000000080000000, 0x0000000084300000, 0x00000000d5580000)
  object space 68608K, 27% used [0x0000000080000000,0x0000000081274670,0x0000000084300000)
 Metaspace       used 31045K, committed 32064K, reserved 1114112K
  class space    used 3081K, committed 3520K, reserved 1048576K
}
Event: 5.885 GC heap before
{Heap before GC invocations=13 (full 1):
 PSYoungGen      total 24576K, used 24214K [0x00000000d5580000, 0x00000000d7300000, 0x0000000100000000)
  eden space 22528K, 100% used [0x00000000d5580000,0x00000000d6b80000,0x00000000d6b80000)
  from space 2048K, 82% used [0x00000000d7000000,0x00000000d71a5908,0x00000000d7200000)
  to   space 1024K, 0% used [0x00000000d7200000,0x00000000d7200000,0x00000000d7300000)
 ParOldGen       total 68608K, used 18897K [0x0000000080000000, 0x0000000084300000, 0x00000000d5580000)
  object space 68608K, 27% used [0x0000000080000000,0x0000000081274670,0x0000000084300000)
 Metaspace       used 33889K, committed 34944K, reserved 1114112K
  class space    used 3470K, committed 3904K, reserved 1048576K
}
Event: 5.887 GC heap after
{Heap after GC invocations=13 (full 1):
 PSYoungGen      total 23040K, used 1008K [0x00000000d5580000, 0x00000000d7300000, 0x0000000100000000)
  eden space 22016K, 0% used [0x00000000d5580000,0x00000000d5580000,0x00000000d6b00000)
  from space 1024K, 98% used [0x00000000d7200000,0x00000000d72fc010,0x00000000d7300000)
  to   space 3584K, 0% used [0x00000000d6c00000,0x00000000d6c00000,0x00000000d6f80000)
 ParOldGen       total 68608K, used 20799K [0x0000000080000000, 0x0000000084300000, 0x00000000d5580000)
  object space 68608K, 30% used [0x0000000080000000,0x000000008144fe40,0x0000000084300000)
 Metaspace       used 33889K, committed 34944K, reserved 1114112K
  class space    used 3470K, committed 3904K, reserved 1048576K
}
Event: 5.956 GC heap before
{Heap before GC invocations=14 (full 1):
 PSYoungGen      total 23040K, used 9245K [0x00000000d5580000, 0x00000000d7300000, 0x0000000100000000)
  eden space 22016K, 37% used [0x00000000d5580000,0x00000000d5d8b738,0x00000000d6b00000)
  from space 1024K, 98% used [0x00000000d7200000,0x00000000d72fc010,0x00000000d7300000)
  to   space 3584K, 0% used [0x00000000d6c00000,0x00000000d6c00000,0x00000000d6f80000)
 ParOldGen       total 68608K, used 20799K [0x0000000080000000, 0x0000000084300000, 0x00000000d5580000)
  object space 68608K, 30% used [0x0000000080000000,0x000000008144fe40,0x0000000084300000)
 Metaspace       used 34758K, committed 35840K, reserved 1114112K
  class space    used 3594K, committed 4096K, reserved 1048576K
}
Event: 5.959 GC heap after
{Heap after GC invocations=14 (full 1):
 PSYoungGen      total 25600K, used 544K [0x00000000d5580000, 0x00000000d7280000, 0x0000000100000000)
  eden space 22016K, 0% used [0x00000000d5580000,0x00000000d5580000,0x00000000d6b00000)
  from space 3584K, 15% used [0x00000000d6c00000,0x00000000d6c88000,0x00000000d6f80000)
  to   space 1536K, 0% used [0x00000000d7100000,0x00000000d7100000,0x00000000d7280000)
 ParOldGen       total 68608K, used 21741K [0x0000000080000000, 0x0000000084300000, 0x00000000d5580000)
  object space 68608K, 31% used [0x0000000080000000,0x000000008153b6f8,0x0000000084300000)
 Metaspace       used 34758K, committed 35840K, reserved 1114112K
  class space    used 3594K, committed 4096K, reserved 1048576K
}
Event: 5.959 GC heap before
{Heap before GC invocations=15 (full 2):
 PSYoungGen      total 25600K, used 544K [0x00000000d5580000, 0x00000000d7280000, 0x0000000100000000)
  eden space 22016K, 0% used [0x00000000d5580000,0x00000000d5580000,0x00000000d6b00000)
  from space 3584K, 15% used [0x00000000d6c00000,0x00000000d6c88000,0x00000000d6f80000)
  to   space 1536K, 0% used [0x00000000d7100000,0x00000000d7100000,0x00000000d7280000)
 ParOldGen       total 68608K, used 21741K [0x0000000080000000, 0x0000000084300000, 0x00000000d5580000)
  object space 68608K, 31% used [0x0000000080000000,0x000000008153b6f8,0x0000000084300000)
 Metaspace       used 34758K, committed 35840K, reserved 1114112K
  class space    used 3594K, committed 4096K, reserved 1048576K
}
Event: 6.010 GC heap after
{Heap after GC invocations=15 (full 2):
 PSYoungGen      total 25600K, used 0K [0x00000000d5580000, 0x00000000d7280000, 0x0000000100000000)
  eden space 22016K, 0% used [0x00000000d5580000,0x00000000d5580000,0x00000000d6b00000)
  from space 3584K, 0% used [0x00000000d6c00000,0x00000000d6c00000,0x00000000d6f80000)
  to   space 1536K, 0% used [0x00000000d7100000,0x00000000d7100000,0x00000000d7280000)
 ParOldGen       total 68608K, used 21205K [0x0000000080000000, 0x0000000084300000, 0x00000000d5580000)
  object space 68608K, 30% used [0x0000000080000000,0x00000000814b5708,0x0000000084300000)
 Metaspace       used 34735K, committed 35840K, reserved 1114112K
  class space    used 3587K, committed 4096K, reserved 1048576K
}

Dll operation events (10 events):
Event: 0.017 Loaded shared library c:\Users\ANKIT\.vscode\extensions\redhat.java-1.47.0-win32-x64\jre\21.0.8-win32-x86_64\bin\java.dll
Event: 0.233 Loaded shared library c:\Users\ANKIT\.vscode\extensions\redhat.java-1.47.0-win32-x64\jre\21.0.8-win32-x86_64\bin\zip.dll
Event: 0.276 Loaded shared library C:\Users\ANKIT\.vscode\extensions\redhat.java-1.47.0-win32-x64\jre\21.0.8-win32-x86_64\bin\instrument.dll
Event: 0.284 Loaded shared library C:\Users\ANKIT\.vscode\extensions\redhat.java-1.47.0-win32-x64\jre\21.0.8-win32-x86_64\bin\net.dll
Event: 0.288 Loaded shared library C:\Users\ANKIT\.vscode\extensions\redhat.java-1.47.0-win32-x64\jre\21.0.8-win32-x86_64\bin\nio.dll
Event: 0.296 Loaded shared library C:\Users\ANKIT\.vscode\extensions\redhat.java-1.47.0-win32-x64\jre\21.0.8-win32-x86_64\bin\zip.dll
Event: 0.324 Loaded shared library C:\Users\ANKIT\.vscode\extensions\redhat.java-1.47.0-win32-x64\jre\21.0.8-win32-x86_64\bin\jimage.dll
Event: 0.496 Loaded shared library c:\Users\ANKIT\.vscode\extensions\redhat.java-1.47.0-win32-x64\jre\21.0.8-win32-x86_64\bin\verify.dll
Event: 2.203 Loaded shared library C:\Users\ANKIT\AppData\Roaming\Code\User\globalStorage\redhat.java\1.47.0\config_win\org.eclipse.equinox.launcher\org.eclipse.equinox.launcher.win32.win32.x86_64_1.2.1400.v20250801-0854\eclipse_11916.dll
Event: 3.939 Loaded shared library C:\Users\ANKIT\AppData\Local\Temp\jna-62426985\jna3247044495461178775.dll

Deoptimization events (20 events):
Event: 6.040 Thread 0x000002aa8d0d1f60 Uncommon trap: trap_request=0xffffff45 fr.pc=0x000002aa97ef79a4 relative=0x00000000000000e4
Event: 6.040 Thread 0x000002aa8d0d1f60 Uncommon trap: reason=unstable_if action=reinterpret pc=0x000002aa97ef79a4 method=java.lang.CharacterDataLatin1.digit(II)I @ 7 c2
Event: 6.040 Thread 0x000002aa8d0d1f60 DEOPT PACKING pc=0x000002aa97ef79a4 sp=0x000000c8568fe2d0
Event: 6.040 Thread 0x000002aa8d0d1f60 DEOPT UNPACKING pc=0x000002aa97853aa2 sp=0x000000c8568fe190 mode 2
Event: 6.040 Thread 0x000002aa8d0d1f60 Uncommon trap: trap_request=0xffffff45 fr.pc=0x000002aa97dd9948 relative=0x00000000000000a8
Event: 6.040 Thread 0x000002aa8d0d1f60 Uncommon trap: reason=unstable_if action=reinterpret pc=0x000002aa97dd9948 method=java.lang.CharacterDataLatin1.digit(II)I @ 7 c2
Event: 6.040 Thread 0x000002aa8d0d1f60 DEOPT PACKING pc=0x000002aa97dd9948 sp=0x000000c8568fe230
Event: 6.040 Thread 0x000002aa8d0d1f60 DEOPT UNPACKING pc=0x000002aa97853aa2 sp=0x000000c8568fe1b0 mode 2
Event: 6.046 Thread 0x000002aa8d0d1f60 Uncommon trap: trap_request=0xffffff45 fr.pc=0x000002aa97f77040 relative=0x0000000000000880
Event: 6.046 Thread 0x000002aa8d0d1f60 Uncommon trap: reason=unstable_if action=reinterpret pc=0x000002aa97f77040 method=java.util.regex.Pattern$BmpCharPropertyGreedy.match(Ljava/util/regex/Matcher;ILjava/lang/CharSequence;)Z @ 12 c2
Event: 6.046 Thread 0x000002aa8d0d1f60 DEOPT PACKING pc=0x000002aa97f77040 sp=0x000000c8568fdc10
Event: 6.046 Thread 0x000002aa8d0d1f60 DEOPT UNPACKING pc=0x000002aa97853aa2 sp=0x000000c8568fdaf8 mode 2
Event: 6.125 Thread 0x000002aa8d0d1f60 Uncommon trap: trap_request=0xffffff45 fr.pc=0x000002aa97f513c8 relative=0x0000000000000128
Event: 6.126 Thread 0x000002aa8d0d1f60 Uncommon trap: reason=unstable_if action=reinterpret pc=0x000002aa97f513c8 method=java.lang.StringConcatHelper.prepend(J[BLjava/lang/String;)J @ 13 c2
Event: 6.126 Thread 0x000002aa8d0d1f60 DEOPT PACKING pc=0x000002aa97f513c8 sp=0x000000c8568fe480
Event: 6.126 Thread 0x000002aa8d0d1f60 DEOPT UNPACKING pc=0x000002aa97853aa2 sp=0x000000c8568fe430 mode 2
Event: 6.126 Thread 0x000002aa8d0d1f60 Uncommon trap: trap_request=0xffffff45 fr.pc=0x000002aa97f593e0 relative=0x00000000000000c0
Event: 6.126 Thread 0x000002aa8d0d1f60 Uncommon trap: reason=unstable_if action=reinterpret pc=0x000002aa97f593e0 method=java.lang.StringConcatHelper.newString([BJ)Ljava/lang/String; @ 3 c2
Event: 6.126 Thread 0x000002aa8d0d1f60 DEOPT PACKING pc=0x000002aa97f593e0 sp=0x000000c8568fe670
Event: 6.126 Thread 0x000002aa8d0d1f60 DEOPT UNPACKING pc=0x000002aa97853aa2 sp=0x000000c8568fe5f8 mode 2

Classes loaded (20 events):
Event: 6.047 Loading class sun/reflect/annotation/TypeAnnotation
Event: 6.047 Loading class sun/reflect/annotation/TypeAnnotation done
Event: 6.047 Loading class sun/reflect/annotation/TypeAnnotation$TypeAnnotationTarget
Event: 6.048 Loading class sun/reflect/annotation/TypeAnnotation$TypeAnnotationTarget done
Event: 6.048 Loading class sun/reflect/annotation/TypeAnnotation$LocationInfo
Event: 6.048 Loading class sun/reflect/annotation/TypeAnnotation$LocationInfo done
Event: 6.048 Loading class sun/reflect/annotation/TypeAnnotation$LocationInfo$Location
Event: 6.048 Loading class sun/reflect/annotation/TypeAnnotation$LocationInfo$Location done
Event: 6.048 Loading class sun/reflect/annotation/AnnotatedTypeFactory
Event: 6.048 Loading class sun/reflect/annotation/AnnotatedTypeFactory done
Event: 6.048 Loading class sun/reflect/annotation/AnnotatedTypeFactory$AnnotatedTypeBaseImpl
Event: 6.048 Loading class sun/reflect/annotation/AnnotatedTypeFactory$AnnotatedTypeBaseImpl done
Event: 6.049 Loading class java/time/format/DateTimeParseContext
Event: 6.050 Loading class java/time/format/DateTimeParseContext done
Event: 6.050 Loading class java/time/format/Parsed
Event: 6.051 Loading class java/time/format/Parsed done
Event: 6.142 Loading class sun/nio/ch/WindowsAsynchronousFileChannelImpl$WriteTask
Event: 6.143 Loading class sun/nio/ch/WindowsAsynchronousFileChannelImpl$WriteTask done
Event: 6.169 Loading class java/lang/annotation/ElementType
Event: 6.169 Loading class java/lang/annotation/ElementType done

Classes unloaded (20 events):
Event: 4.795 Thread 0x000002aa8d18fa30 Unloading class 0x000002aaa51acc00 'java/lang/invoke/LambdaForm$MH+0x000002aaa51acc00'
Event: 4.795 Thread 0x000002aa8d18fa30 Unloading class 0x000002aaa51ac800 'java/lang/invoke/LambdaForm$MH+0x000002aaa51ac800'
Event: 4.795 Thread 0x000002aa8d18fa30 Unloading class 0x000002aaa51ac400 'java/lang/invoke/LambdaForm$MH+0x000002aaa51ac400'
Event: 4.795 Thread 0x000002aa8d18fa30 Unloading class 0x000002aaa51ac000 'java/lang/invoke/LambdaForm$MH+0x000002aaa51ac000'
Event: 4.795 Thread 0x000002aa8d18fa30 Unloading class 0x000002aaa51abc00 'java/lang/invoke/LambdaForm$BMH+0x000002aaa51abc00'
Event: 4.795 Thread 0x000002aa8d18fa30 Unloading class 0x000002aaa51ab800 'java/lang/invoke/LambdaForm$DMH+0x000002aaa51ab800'
Event: 4.795 Thread 0x000002aa8d18fa30 Unloading class 0x000002aaa51aa400 'java/lang/invoke/LambdaForm$DMH+0x000002aaa51aa400'
Event: 5.965 Thread 0x000002aa8d18fa30 Unloading class 0x000002aaa539c000 'java/lang/invoke/LambdaForm$MH+0x000002aaa539c000'
Event: 5.965 Thread 0x000002aa8d18fa30 Unloading class 0x000002aaa539b800 'java/lang/invoke/LambdaForm$MH+0x000002aaa539b800'
Event: 5.965 Thread 0x000002aa8d18fa30 Unloading class 0x000002aaa539b000 'java/lang/invoke/LambdaForm$MH+0x000002aaa539b000'
Event: 5.965 Thread 0x000002aa8d18fa30 Unloading class 0x000002aaa539a800 'java/lang/invoke/LambdaForm$MH+0x000002aaa539a800'
Event: 5.965 Thread 0x000002aa8d18fa30 Unloading class 0x000002aaa539a400 'java/lang/invoke/LambdaForm$DMH+0x000002aaa539a400'
Event: 5.965 Thread 0x000002aa8d18fa30 Unloading class 0x000002aaa5392400 'java/lang/invoke/LambdaForm$MH+0x000002aaa5392400'
Event: 5.965 Thread 0x000002aa8d18fa30 Unloading class 0x000002aaa5391c00 'java/lang/invoke/LambdaForm$MH+0x000002aaa5391c00'
Event: 5.965 Thread 0x000002aa8d18fa30 Unloading class 0x000002aaa5391400 'java/lang/invoke/LambdaForm$MH+0x000002aaa5391400'
Event: 5.965 Thread 0x000002aa8d18fa30 Unloading class 0x000002aaa5390c00 'java/lang/invoke/LambdaForm$MH+0x000002aaa5390c00'
Event: 5.965 Thread 0x000002aa8d18fa30 Unloading class 0x000002aaa5390400 'java/lang/invoke/LambdaForm$MH+0x000002aaa5390400'
Event: 5.965 Thread 0x000002aa8d18fa30 Unloading class 0x000002aaa538dc00 'java/lang/invoke/LambdaForm$MH+0x000002aaa538dc00'
Event: 5.965 Thread 0x000002aa8d18fa30 Unloading class 0x000002aaa538d400 'java/lang/invoke/LambdaForm$MH+0x000002aaa538d400'
Event: 5.965 Thread 0x000002aa8d18fa30 Unloading class 0x000002aaa538d000 'java/lang/invoke/LambdaForm$MH+0x000002aaa538d000'

Classes redefined (0 events):
No events

Internal exceptions (20 events):
Event: 5.787 Thread 0x000002aaeeb948e0 Exception <a 'java/lang/NoSuchMethodError'{0x00000000d5dd8c20}: 'java.lang.Object java.lang.invoke.DirectMethodHandle$Holder.invokeStaticInit(java.lang.Object, java.lang.Object, java.lang.Object, java.lang.Object, java.lang.Object, java.lang.Object, java.lang.Object)'> (0x00000000d5dd8c20) 
thrown [s\src\hotspot\share\interpreter\linkResolver.cpp, line 773]
Event: 5.788 Thread 0x000002aaeeb948e0 Exception <a 'java/lang/NoSuchMethodError'{0x00000000d602cf38}: 'java.lang.Object java.lang.invoke.Invokers$Holder.invoke_MT(java.lang.Object, java.lang.Object, java.lang.Object, java.lang.Object, java.lang.Object, java.lang.Object, java.lang.Object, java.lang.Object, java.lang.Object)'> (0x00000000d602cf38) 
thrown [s\src\hotspot\share\interpreter\linkResolver.cpp, line 773]
Event: 5.788 Thread 0x000002aaebf47680 Exception <a 'java/lang/NoSuchMethodError'{0x00000000d6048250}: 'java.lang.Object java.lang.invoke.Invokers$Holder.invoke_MT(java.lang.Object, java.lang.Object, java.lang.Object, java.lang.Object, java.lang.Object, java.lang.Object, java.lang.Object, java.lang.Object, java.lang.Object)'> (0x00000000d6048250) 
thrown [s\src\hotspot\share\interpreter\linkResolver.cpp, line 773]
Event: 5.794 Thread 0x000002aaeeb948e0 Exception <a 'java/lang/NoSuchMethodError'{0x00000000d61606b8}: 'int java.lang.invoke.DirectMethodHandle$Holder.invokeVirtual(java.lang.Object, java.lang.Object, java.lang.Object)'> (0x00000000d61606b8) 
thrown [s\src\hotspot\share\interpreter\linkResolver.cpp, line 773]
Event: 5.795 Thread 0x000002aaeeb948e0 Exception <a 'java/lang/NoSuchMethodError'{0x00000000d61a1648}: 'int java.lang.invoke.DirectMethodHandle$Holder.invokeStaticInit(java.lang.Object, int, int)'> (0x00000000d61a1648) 
thrown [s\src\hotspot\share\interpreter\linkResolver.cpp, line 773]
Event: 5.796 Thread 0x000002aaeeb948e0 Exception <a 'java/lang/NoSuchMethodError'{0x00000000d61a8890}: 'int java.lang.invoke.DirectMethodHandle$Holder.invokeStaticInit(java.lang.Object, long, long)'> (0x00000000d61a8890) 
thrown [s\src\hotspot\share\interpreter\linkResolver.cpp, line 773]
Event: 5.796 Thread 0x000002aaeeb948e0 Exception <a 'java/lang/NoSuchMethodError'{0x00000000d61dade0}: 'int java.lang.invoke.DirectMethodHandle$Holder.invokeStaticInit(java.lang.Object, float, float)'> (0x00000000d61dade0) 
thrown [s\src\hotspot\share\interpreter\linkResolver.cpp, line 773]
Event: 5.797 Thread 0x000002aaeeb948e0 Exception <a 'java/lang/NoSuchMethodError'{0x00000000d61e15c0}: 'int java.lang.invoke.DirectMethodHandle$Holder.invokeStaticInit(java.lang.Object, double, double)'> (0x00000000d61e15c0) 
thrown [s\src\hotspot\share\interpreter\linkResolver.cpp, line 773]
Event: 5.797 Thread 0x000002aaeeb948e0 Exception <a 'java/lang/NoSuchMethodError'{0x00000000d61e5878}: 'int java.lang.invoke.DirectMethodHandle$Holder.invokeStatic(java.lang.Object, long)'> (0x00000000d61e5878) 
thrown [s\src\hotspot\share\interpreter\linkResolver.cpp, line 773]
Event: 5.800 Thread 0x000002aaebf47680 Exception <a 'java/lang/NoSuchMethodError'{0x00000000d623f960}: 'int java.lang.invoke.DirectMethodHandle$Holder.invokeSpecial(java.lang.Object, java.lang.Object, int, int)'> (0x00000000d623f960) 
thrown [s\src\hotspot\share\interpreter\linkResolver.cpp, line 773]
Event: 5.802 Thread 0x000002aaeeb948e0 Exception <a 'java/lang/NoSuchMethodError'{0x00000000d6294fe8}: 'int java.lang.invoke.Invokers$Holder.linkToTargetMethod(java.lang.Object, java.lang.Object)'> (0x00000000d6294fe8) 
thrown [s\src\hotspot\share\interpreter\linkResolver.cpp, line 773]
Event: 5.802 Thread 0x000002aaebf47680 Exception <a 'java/lang/NoSuchMethodError'{0x00000000d6286f28}: 'int java.lang.invoke.Invokers$Holder.linkToTargetMethod(java.lang.Object, java.lang.Object)'> (0x00000000d6286f28) 
thrown [s\src\hotspot\share\interpreter\linkResolver.cpp, line 773]
Event: 5.806 Thread 0x000002aaeeb948e0 Exception <a 'java/lang/NoSuchMethodError'{0x00000000d629d800}: 'int java.lang.invoke.DirectMethodHandle$Holder.invokeSpecial(java.lang.Object, java.lang.Object, java.lang.Object, java.lang.Object)'> (0x00000000d629d800) 
thrown [s\src\hotspot\share\interpreter\linkResolver.cpp, line 773]
Event: 5.808 Thread 0x000002aaeeb948e0 Exception <a 'java/lang/NoSuchMethodError'{0x00000000d6336a50}: 'java.lang.Object java.lang.invoke.DirectMethodHandle$Holder.invokeStatic(java.lang.Object, int, java.lang.Object, java.lang.Object)'> (0x00000000d6336a50) 
thrown [s\src\hotspot\share\interpreter\linkResolver.cpp, line 773]
Event: 5.808 Thread 0x000002aaeeb948e0 Exception <a 'java/lang/NoSuchMethodError'{0x00000000d633a250}: 'java.lang.Object java.lang.invoke.DelegatingMethodHandle$Holder.delegate(java.lang.Object, int, java.lang.Object, java.lang.Object)'> (0x00000000d633a250) 
thrown [s\src\hotspot\share\interpreter\linkResolver.cpp, line 773]
Event: 5.812 Thread 0x000002aaeeb948e0 Exception <a 'java/lang/NoSuchMethodError'{0x00000000d6370608}: 'int java.lang.invoke.Invokers$Holder.linkToTargetMethod(java.lang.Object, java.lang.Object, java.lang.Object)'> (0x00000000d6370608) 
thrown [s\src\hotspot\share\interpreter\linkResolver.cpp, line 773]
Event: 5.845 Thread 0x000002aaebf47680 Exception <a 'java/lang/NoSuchMethodError'{0x00000000d66b8ea0}: 'java.lang.Object java.lang.invoke.DirectMethodHandle$Holder.invokeSpecialIFC(java.lang.Object, java.lang.Object, java.lang.Object, java.lang.Object)'> (0x00000000d66b8ea0) 
thrown [s\src\hotspot\share\interpreter\linkResolver.cpp, line 773]
Event: 5.944 Thread 0x000002aa8d0d1f60 Exception <a 'java/lang/NoSuchMethodError'{0x00000000d5ce95e0}: 'void java.lang.invoke.DirectMethodHandle$Holder.invokeSpecial(java.lang.Object, java.lang.Object, java.lang.Object, java.lang.Object, java.lang.Object, java.lang.Object)'> (0x00000000d5ce95e0) 
thrown [s\src\hotspot\share\interpreter\linkResolver.cpp, line 773]
Event: 5.946 Thread 0x000002aa8d0d1f60 Exception <a 'java/lang/IncompatibleClassChangeError'{0x00000000d5cf18c0}: Found class java.lang.Object, but interface was expected> (0x00000000d5cf18c0) 
thrown [s\src\hotspot\share\interpreter\linkResolver.cpp, line 840]
Event: 5.949 Thread 0x000002aa8d0d1f60 Exception <a 'java/lang/IncompatibleClassChangeError'{0x00000000d5d30e30}: Found class java.lang.Object, but interface was expected> (0x00000000d5d30e30) 
thrown [s\src\hotspot\share\interpreter\linkResolver.cpp, line 840]

ZGC Phase Switch (0 events):
No events

VM Operations (20 events):
Event: 5.007 Executing VM operation: ParallelGCFailedAllocation (Allocation Failure)
Event: 5.009 Executing VM operation: ParallelGCFailedAllocation (Allocation Failure) done
Event: 5.240 Executing VM operation: ParallelGCFailedAllocation (Allocation Failure)
Event: 5.241 Executing VM operation: ParallelGCFailedAllocation (Allocation Failure) done
Event: 5.438 Executing VM operation: HandshakeAllThreads (Deoptimize)
Event: 5.438 Executing VM operation: HandshakeAllThreads (Deoptimize) done
Event: 5.512 Executing VM operation: ParallelGCFailedAllocation (Allocation Failure)
Event: 5.514 Executing VM operation: ParallelGCFailedAllocation (Allocation Failure) done
Event: 5.521 Executing VM operation: HandshakeAllThreads (Deoptimize)
Event: 5.521 Executing VM operation: HandshakeAllThreads (Deoptimize) done
Event: 5.549 Executing VM operation: HandshakeAllThreads (Deoptimize)
Event: 5.549 Executing VM operation: HandshakeAllThreads (Deoptimize) done
Event: 5.723 Executing VM operation: ParallelGCFailedAllocation (Allocation Failure)
Event: 5.726 Executing VM operation: ParallelGCFailedAllocation (Allocation Failure) done
Event: 5.810 Executing VM operation: HandshakeAllThreads (Deoptimize)
Event: 5.810 Executing VM operation: HandshakeAllThreads (Deoptimize) done
Event: 5.884 Executing VM operation: ParallelGCFailedAllocation (Allocation Failure)
Event: 5.887 Executing VM operation: ParallelGCFailedAllocation (Allocation Failure) done
Event: 5.956 Executing VM operation: CollectForMetadataAllocation (Metadata GC Threshold)
Event: 6.010 Executing VM operation: CollectForMetadataAllocation (Metadata GC Threshold) done

Memory protections (0 events):
No events

Nmethod flushes (20 events):
Event: 5.980 Thread 0x000002aa8d18fa30 flushing  nmethod 0x000002aa90900e10
Event: 5.980 Thread 0x000002aa8d18fa30 flushing  nmethod 0x000002aa90916690
Event: 5.980 Thread 0x000002aa8d18fa30 flushing  nmethod 0x000002aa90917290
Event: 5.980 Thread 0x000002aa8d18fa30 flushing  nmethod 0x000002aa90938b10
Event: 5.980 Thread 0x000002aa8d18fa30 flushing  nmethod 0x000002aa9096de90
Event: 5.980 Thread 0x000002aa8d18fa30 flushing  nmethod 0x000002aa9096e290
Event: 5.980 Thread 0x000002aa8d18fa30 flushing  nmethod 0x000002aa9096eb90
Event: 5.980 Thread 0x000002aa8d18fa30 flushing  nmethod 0x000002aa9096fd90
Event: 5.980 Thread 0x000002aa8d18fa30 flushing  nmethod 0x000002aa90970590
Event: 5.980 Thread 0x000002aa8d18fa30 flushing  nmethod 0x000002aa90972690
Event: 5.980 Thread 0x000002aa8d18fa30 flushing  nmethod 0x000002aa90972f90
Event: 5.980 Thread 0x000002aa8d18fa30 flushing  nmethod 0x000002aa90974a10
Event: 5.980 Thread 0x000002aa8d18fa30 flushing  nmethod 0x000002aa90974e90
Event: 5.980 Thread 0x000002aa8d18fa30 flushing  nmethod 0x000002aa90975f90
Event: 5.980 Thread 0x000002aa8d18fa30 flushing  nmethod 0x000002aa90976490
Event: 5.980 Thread 0x000002aa8d18fa30 flushing  nmethod 0x000002aa90977410
Event: 5.980 Thread 0x000002aa8d18fa30 flushing  nmethod 0x000002aa90977710
Event: 5.980 Thread 0x000002aa8d18fa30 flushing  nmethod 0x000002aa90981210
Event: 5.980 Thread 0x000002aa8d18fa30 flushing  nmethod 0x000002aa909c3110
Event: 5.980 Thread 0x000002aa8d18fa30 flushing  nmethod 0x000002aa909fc890

Events (20 events):
Event: 5.664 Thread 0x000002aaebf462d0 Thread added: 0x000002aaebf46ff0
Event: 5.722 Thread 0x000002aaebf46ff0 Thread added: 0x000002aaebf47680
Event: 5.749 Thread 0x000002aa8d0d1f60 Thread added: 0x000002aaebf483a0
Event: 5.749 Thread 0x000002aa8d0d1f60 Thread added: 0x000002aaeeb997a0
Event: 5.749 Thread 0x000002aa8d0d1f60 Thread added: 0x000002aaeeb95600
Event: 5.749 Thread 0x000002aa8d0d1f60 Thread added: 0x000002aaeeb92ea0
Event: 5.750 Thread 0x000002aa8d0d1f60 Thread added: 0x000002aaeeb95c90
Event: 5.750 Thread 0x000002aa8d0d1f60 Thread added: 0x000002aaeeb94250
Event: 5.750 Thread 0x000002aa8d0d1f60 Thread added: 0x000002aaeeb97d60
Event: 5.750 Thread 0x000002aa8d0d1f60 Thread added: 0x000002aaeeb97040
Event: 5.750 Thread 0x000002aa8d0d1f60 Thread added: 0x000002aaeeb99e30
Event: 5.751 Thread 0x000002aa8d0d1f60 Thread added: 0x000002aaeeb983f0
Event: 5.751 Thread 0x000002aa8d0d1f60 Thread added: 0x000002aaeeb93530
Event: 5.751 Thread 0x000002aa8d0d1f60 Thread added: 0x000002aaeeb96320
Event: 5.751 Thread 0x000002aa8d0d1f60 Thread added: 0x000002aaeeb93bc0
Event: 5.768 Thread 0x000002aaebf47680 Thread added: 0x000002aaeeb948e0
Event: 5.785 Thread 0x000002aaeeb948e0 Thread added: 0x000002aaeeb94f70
Event: 5.799 Thread 0x000002aa8d0d1f60 Thread added: 0x000002aaeeb9a4c0
Event: 6.037 Thread 0x000002aa8d0d1f60 Thread added: 0x000002aaeeb976d0
Event: 6.037 Thread 0x000002aa8d0d1f60 Thread added: 0x000002aaeeb969b0


Dynamic libraries:
0x00007ff69c420000 - 0x00007ff69c42e000 	c:\Users\ANKIT\.vscode\extensions\redhat.java-1.47.0-win32-x64\jre\21.0.8-win32-x86_64\bin\java.exe
0x00007ffb78910000 - 0x00007ffb78b08000 	C:\Windows\SYSTEM32\ntdll.dll
0x00007ffb774e0000 - 0x00007ffb775a2000 	C:\Windows\System32\KERNEL32.DLL
0x00007ffb763b0000 - 0x00007ffb766a6000 	C:\Windows\System32\KERNELBASE.dll
0x00007ffb76090000 - 0x00007ffb76190000 	C:\Windows\System32\ucrtbase.dll
0x00007ffb53ff0000 - 0x00007ffb54008000 	c:\Users\ANKIT\.vscode\extensions\redhat.java-1.47.0-win32-x64\jre\21.0.8-win32-x86_64\bin\jli.dll
0x00007ffb78670000 - 0x00007ffb78811000 	C:\Windows\System32\USER32.dll
0x00007ffb76190000 - 0x00007ffb761b2000 	C:\Windows\System32\win32u.dll
0x00007ffb775b0000 - 0x00007ffb775db000 	C:\Windows\System32\GDI32.dll
0x00007ffb76810000 - 0x00007ffb76929000 	C:\Windows\System32\gdi32full.dll
0x00007ffb75fa0000 - 0x00007ffb7603d000 	C:\Windows\System32\msvcp_win.dll
0x00007ffb4ea10000 - 0x00007ffb4ea2e000 	c:\Users\ANKIT\.vscode\extensions\redhat.java-1.47.0-win32-x64\jre\21.0.8-win32-x86_64\bin\VCRUNTIME140.dll
0x00007ffb58bc0000 - 0x00007ffb58e5b000 	C:\Windows\WinSxS\amd64_microsoft.windows.common-controls_6595b64144ccf1df_6.0.19041.6456_none_60b8a6cb71f64256\COMCTL32.dll
0x00007ffb78060000 - 0x00007ffb780fe000 	C:\Windows\System32\msvcrt.dll
0x00007ffb78390000 - 0x00007ffb783bf000 	C:\Windows\System32\IMM32.DLL
0x00007ffb6f930000 - 0x00007ffb6f93c000 	c:\Users\ANKIT\.vscode\extensions\redhat.java-1.47.0-win32-x64\jre\21.0.8-win32-x86_64\bin\vcruntime140_1.dll
0x00007ffb264b0000 - 0x00007ffb2653d000 	c:\Users\ANKIT\.vscode\extensions\redhat.java-1.47.0-win32-x64\jre\21.0.8-win32-x86_64\bin\msvcp140.dll
0x00007ffb201b0000 - 0x00007ffb20f47000 	c:\Users\ANKIT\.vscode\extensions\redhat.java-1.47.0-win32-x64\jre\21.0.8-win32-x86_64\bin\server\jvm.dll
0x00007ffb78490000 - 0x00007ffb78541000 	C:\Windows\System32\ADVAPI32.dll
0x00007ffb76fd0000 - 0x00007ffb7706f000 	C:\Windows\System32\sechost.dll
0x00007ffb78550000 - 0x00007ffb78670000 	C:\Windows\System32\RPCRT4.dll
0x00007ffb76760000 - 0x00007ffb76787000 	C:\Windows\System32\bcrypt.dll
0x00007ffb783c0000 - 0x00007ffb7842b000 	C:\Windows\System32\WS2_32.dll
0x00007ffb75e00000 - 0x00007ffb75e4b000 	C:\Windows\SYSTEM32\POWRPROF.dll
0x00007ffb6c670000 - 0x00007ffb6c697000 	C:\Windows\SYSTEM32\WINMM.dll
0x00007ffb6cec0000 - 0x00007ffb6ceca000 	C:\Windows\SYSTEM32\VERSION.dll
0x00007ffb75de0000 - 0x00007ffb75df2000 	C:\Windows\SYSTEM32\UMPDC.dll
0x00007ffb74770000 - 0x00007ffb74782000 	C:\Windows\SYSTEM32\kernel.appcore.dll
0x00007ffb624c0000 - 0x00007ffb624ca000 	c:\Users\ANKIT\.vscode\extensions\redhat.java-1.47.0-win32-x64\jre\21.0.8-win32-x86_64\bin\jimage.dll
0x00007ffb73d50000 - 0x00007ffb73f51000 	C:\Windows\SYSTEM32\DBGHELP.DLL
0x00007ffb5f540000 - 0x00007ffb5f574000 	C:\Windows\SYSTEM32\dbgcore.DLL
0x00007ffb761c0000 - 0x00007ffb76242000 	C:\Windows\System32\bcryptPrimitives.dll
0x00007ffb623c0000 - 0x00007ffb623cf000 	c:\Users\ANKIT\.vscode\extensions\redhat.java-1.47.0-win32-x64\jre\21.0.8-win32-x86_64\bin\instrument.dll
0x00007ffb4b410000 - 0x00007ffb4b42f000 	c:\Users\ANKIT\.vscode\extensions\redhat.java-1.47.0-win32-x64\jre\21.0.8-win32-x86_64\bin\java.dll
0x00007ffb776d0000 - 0x00007ffb77e40000 	C:\Windows\System32\SHELL32.dll
0x00007ffb73fa0000 - 0x00007ffb74745000 	C:\Windows\SYSTEM32\windows.storage.dll
0x00007ffb76b30000 - 0x00007ffb76e84000 	C:\Windows\System32\combase.dll
0x00007ffb75960000 - 0x00007ffb7598b000 	C:\Windows\SYSTEM32\Wldp.dll
0x00007ffb782c0000 - 0x00007ffb7838d000 	C:\Windows\System32\OLEAUT32.dll
0x00007ffb76a60000 - 0x00007ffb76b0d000 	C:\Windows\System32\SHCORE.dll
0x00007ffb77ff0000 - 0x00007ffb7804b000 	C:\Windows\System32\shlwapi.dll
0x00007ffb75ed0000 - 0x00007ffb75ef4000 	C:\Windows\SYSTEM32\profapi.dll
0x00007ffb47570000 - 0x00007ffb47588000 	c:\Users\ANKIT\.vscode\extensions\redhat.java-1.47.0-win32-x64\jre\21.0.8-win32-x86_64\bin\zip.dll
0x00007ffb61dc0000 - 0x00007ffb61dd0000 	C:\Users\ANKIT\.vscode\extensions\redhat.java-1.47.0-win32-x64\jre\21.0.8-win32-x86_64\bin\net.dll
0x00007ffb72280000 - 0x00007ffb7238a000 	C:\Windows\SYSTEM32\WINHTTP.dll
0x00007ffb756c0000 - 0x00007ffb7572a000 	C:\Windows\system32\mswsock.dll
0x00007ffb46c70000 - 0x00007ffb46c86000 	C:\Users\ANKIT\.vscode\extensions\redhat.java-1.47.0-win32-x64\jre\21.0.8-win32-x86_64\bin\nio.dll
0x00007ffb61d40000 - 0x00007ffb61d50000 	c:\Users\ANKIT\.vscode\extensions\redhat.java-1.47.0-win32-x64\jre\21.0.8-win32-x86_64\bin\verify.dll
0x00007ffb2eb30000 - 0x00007ffb2eb74000 	C:\Users\ANKIT\AppData\Roaming\Code\User\globalStorage\redhat.java\1.47.0\config_win\org.eclipse.equinox.launcher\org.eclipse.equinox.launcher.win32.win32.x86_64_1.2.1400.v20250801-0854\eclipse_11916.dll
0x00007ffb76ea0000 - 0x00007ffb76fcb000 	C:\Windows\System32\ole32.dll
0x00007ffb758c0000 - 0x00007ffb758d8000 	C:\Windows\SYSTEM32\CRYPTSP.dll
0x00007ffb74f70000 - 0x00007ffb74fa8000 	C:\Windows\system32\rsaenh.dll
0x00007ffb75e50000 - 0x00007ffb75e7e000 	C:\Windows\SYSTEM32\USERENV.dll
0x00007ffb758b0000 - 0x00007ffb758bc000 	C:\Windows\SYSTEM32\CRYPTBASE.dll
0x00007ffb75330000 - 0x00007ffb7536b000 	C:\Windows\SYSTEM32\IPHLPAPI.DLL
0x00007ffb76a50000 - 0x00007ffb76a58000 	C:\Windows\System32\NSI.dll
0x00007ffb2de40000 - 0x00007ffb2de89000 	C:\Users\ANKIT\AppData\Local\Temp\jna-62426985\jna3247044495461178775.dll
0x00007ffb78050000 - 0x00007ffb78058000 	C:\Windows\System32\PSAPI.DLL
0x00007ffb6f8a0000 - 0x00007ffb6f8b7000 	C:\Windows\SYSTEM32\dhcpcsvc6.DLL
0x00007ffb70a90000 - 0x00007ffb70aad000 	C:\Windows\SYSTEM32\dhcpcsvc.DLL

JVMTI agents:
c:\Users\ANKIT\.vscode\extensions\redhat.java-1.47.0-win32-x64\lombok\lombok-1.18.39-4050.jar path:c:\Users\ANKIT\.vscode\extensions\redhat.java-1.47.0-win32-x64\jre\21.0.8-win32-x86_64\bin\instrument.dll, loaded, initialized, instrumentlib options:none

dbghelp: loaded successfully - version: 4.0.5 - missing functions: none
symbol engine: initialized successfully - sym options: 0x614 - pdb path: .;c:\Users\ANKIT\.vscode\extensions\redhat.java-1.47.0-win32-x64\jre\21.0.8-win32-x86_64\bin;C:\Windows\SYSTEM32;C:\Windows\WinSxS\amd64_microsoft.windows.common-controls_6595b64144ccf1df_6.0.19041.6456_none_60b8a6cb71f64256;c:\Users\ANKIT\.vscode\extensions\redhat.java-1.47.0-win32-x64\jre\21.0.8-win32-x86_64\bin\server;C:\Users\ANKIT\AppData\Roaming\Code\User\globalStorage\redhat.java\1.47.0\config_win\org.eclipse.equinox.launcher\org.eclipse.equinox.launcher.win32.win32.x86_64_1.2.1400.v20250801-0854;C:\Users\ANKIT\AppData\Local\Temp\jna-62426985

VM Arguments:
jvm_args: --add-modules=ALL-SYSTEM --add-opens=java.base/java.util=ALL-UNNAMED --add-opens=java.base/java.lang=ALL-UNNAMED --add-opens=java.base/sun.nio.fs=ALL-UNNAMED -Declipse.application=org.eclipse.jdt.ls.core.id1 -Dosgi.bundles.defaultStartLevel=4 -Declipse.product=org.eclipse.jdt.ls.core.product -Djava.import.generatesMetadataFilesAtProjectRoot=false -DDetectVMInstallationsJob.disabled=true -Dfile.encoding=utf8 -XX:+UseParallelGC -XX:GCTimeRatio=4 -XX:AdaptiveSizePolicyWeight=90 -Dsun.zip.disableMemoryMapping=true -Xmx2G -Xms100m -Xlog:disable -javaagent:c:\Users\ANKIT\.vscode\extensions\redhat.java-1.47.0-win32-x64\lombok\lombok-1.18.39-4050.jar -XX:+HeapDumpOnOutOfMemoryError -XX:HeapDumpPath=c:\Users\ANKIT\AppData\Roaming\Code\User\workspaceStorage\d4ce133bf22aadc5d977554e0ce369fd\redhat.java -Daether.dependencyCollector.impl=bf 
java_command: c:\Users\ANKIT\.vscode\extensions\redhat.java-1.47.0-win32-x64\server\plugins\org.eclipse.equinox.launcher_1.7.100.v20251014-1222.jar -configuration c:\Users\ANKIT\AppData\Roaming\Code\User\globalStorage\redhat.java\1.47.0\config_win -data c:\Users\ANKIT\AppData\Roaming\Code\User\workspaceStorage\d4ce133bf22aadc5d977554e0ce369fd\redhat.java\jdt_ws --pipe=\\.\pipe\lsp-678b7afa369908dc2a57a4de7e937ab9-sock
java_class_path (initial): c:\Users\ANKIT\.vscode\extensions\redhat.java-1.47.0-win32-x64\server\plugins\org.eclipse.equinox.launcher_1.7.100.v20251014-1222.jar
Launcher Type: SUN_STANDARD

[Global flags]
    uintx AdaptiveSizePolicyWeight                 = 90                                        {product} {command line}
     intx CICompilerCount                          = 4                                         {product} {ergonomic}
    uintx GCTimeRatio                              = 4                                         {product} {command line}
     bool HeapDumpOnOutOfMemoryError               = true                                   {manageable} {command line}
    ccstr HeapDumpPath                             = c:\Users\ANKIT\AppData\Roaming\Code\User\workspaceStorage\d4ce133bf22aadc5d977554e0ce369fd\redhat.java         {manageable} {command line}
   size_t InitialHeapSize                          = 104857600                                 {product} {command line}
   size_t MaxHeapSize                              = 2147483648                                {product} {command line}
   size_t MaxNewSize                               = 715653120                                 {product} {ergonomic}
   size_t MinHeapDeltaBytes                        = 524288                                    {product} {ergonomic}
   size_t MinHeapSize                              = 104857600                                 {product} {command line}
   size_t NewSize                                  = 34603008                                  {product} {ergonomic}
    uintx NonNMethodCodeHeapSize                   = 5839372                                {pd product} {ergonomic}
    uintx NonProfiledCodeHeapSize                  = 122909434                              {pd product} {ergonomic}
   size_t OldSize                                  = 70254592                                  {product} {ergonomic}
    uintx ProfiledCodeHeapSize                     = 122909434                              {pd product} {ergonomic}
    uintx ReservedCodeCacheSize                    = 251658240                              {pd product} {ergonomic}
     bool SegmentedCodeCache                       = true                                      {product} {ergonomic}
   size_t SoftMaxHeapSize                          = 2147483648                             {manageable} {ergonomic}
     bool UseCompressedOops                        = true                           {product lp64_product} {ergonomic}
     bool UseLargePagesIndividualAllocation        = false                                  {pd product} {ergonomic}
     bool UseParallelGC                            = true                                      {product} {command line}

Logging:
Log output configuration:
 #0: stdout all=off uptime,level,tags foldmultilines=false
 #1: stderr all=off uptime,level,tags foldmultilines=false

Environment Variables:
JAVA_HOME=C:\Program Files\OpenLogic\jdk-17.0.9.9-hotspot
PATH=C:\Python313\Scripts\;C:\Python313\;C:\Program Files\OpenLogic\jdk-17.0.9.9-hotspot\bin;C:\Program Files\Eclipse Adoptium\jdk-17.0.6.10-hotspot\bin;C:\Program Files\Common Files\Oracle\Java\javapath;C:\Windows\system32;C:\Windows;C:\Windows\System32\Wbem;C:\Windows\System32\WindowsPowerShell\v1.0\;C:\Windows\System32\OpenSSH\;C:\Program Files\Java\jdk-18.0.2.1\bin;C:\MinGW\bin;C:\Users\ANKIT\AppData\Local\Android\Sdk\platform-tools;C:\Users\ANKIT\AppData\Local\Android\Sdk\cmdline-tools\latest\bin;C:\Users\ANKIT\AppData\Local\Android\Sdk;C:\Users\ANKIT\AppData\Local\Android\Sdk\emulator;E:\Microsoft VS Code\bin;C:\Users\ANKIT\AppData\Local\Programs\Python\Python39;C:\Users\ANKIT\AppData\Local\Programs\Python\Python39\Scripts;C:\Program Files\MySQL\MySQL Server 8.0\bin;C:\Users\ANKIT\flutterdart\bin;C:\ProgramData\chocolatey\bin;C:\Program Files\Git\cmd;C:\Program Files\starship\bin\;C:\Program Files\nodejs\;C:\Program Files\MySQL\MySQL Shell 8.0\bin\;C:\Users\ANKIT\AppData\Local\Microsoft\WindowsApps;E:\Microsoft VS Code\bin;E:\IntelliJ IDEA Community Edition 2022.2.1\bin;;C:\Program Files\Android\Android Studio\dartsdk-windows-x64-release\dart-sdk\bin;C:\Users\ANKIT\AppData\Local\Android\Sdk\platform-tools;C:\Users\ANKIT\AppData\Local\Android\Sdk\cmdline-tools\latest\bin;C:\Users\ANKIT\AppData\Local\Android\Sdk;C:\Users\ANKIT\AppData\Local\Android\Sdk\tools;C:\Users\ANKIT\AppData\Local\Android\Sdk\tools\bin;C:\Users\ANKIT\flutterdart\bin;C:\Program Files\OpenLogic\jdk-17.0.9.9-hotspot\bin;C:\Users\ANKIT\.bun\bin;C:\Users\ANKIT\AppData\Local\Android\Sdk\emulator;C:\Users\ANKIT\AppData\Roaming\npm
USERNAME=ANKIT
OS=Windows_NT
PROCESSOR_IDENTIFIER=AMD64 Family 25 Model 80 Stepping 0, AuthenticAMD
TMP=C:\Users\ANKIT\AppData\Local\Temp
TEMP=C:\Users\ANKIT\AppData\Local\Temp




Periodic native trim disabled

---------------  S Y S T E M  ---------------

OS:
 Windows 10 , 64 bit Build 19041 (10.0.19041.5915)
OS uptime: 0 days 3:46 hours

CPU: total 12 (initial active 12) (12 cores per cpu, 2 threads per core) family 25 model 80 stepping 0 microcode 0x0, cx8, cmov, fxsr, ht, mmx, 3dnowpref, sse, sse2, sse3, ssse3, sse4a, sse4.1, sse4.2, popcnt, lzcnt, tsc, tscinvbit, avx, avx2, aes, erms, clmul, bmi1, bmi2, adx, sha, fma, vzeroupper, clflush, clflushopt, rdtscp, rdpid, fsrm, f16c, pku, cet_ss
Processor Information for the first 12 processors :
  Max Mhz: 2301, Current Mhz: 2301, Mhz Limit: 2301

Memory: 4k page, system-wide physical 15716M (514M free)
TotalPageFile size 39185M (AvailPageFile size 0M)
current process WorkingSet (physical memory assigned to process): 206M, peak: 218M
current process commit charge ("private bytes"): 333M, peak: 349M

vm_info: OpenJDK 64-Bit Server VM (21.0.8+9-LTS) for windows-amd64 JRE (21.0.8+9-LTS), built on 2025-07-15T00:00:00Z by "admin" with MS VC++ 17.7 (VS2022)

END.
