#
# There is insufficient memory for the Java Runtime Environment to continue.
# Native memory allocation (malloc) failed to allocate 1895696 bytes. Error detail: Chunk::new
# Possible reasons:
#   The system is out of physical RAM or swap space
#   This process is running with CompressedOops enabled, and the Java Heap may be blocking the growth of the native heap
# Possible solutions:
#   Reduce memory load on the system
#   Increase physical memory or swap space
#   Check if swap backing store is full
#   Decrease Java heap size (-Xmx/-Xms)
#   Decrease number of Java threads
#   Decrease Java thread stack sizes (-Xss)
#   Set larger code cache with -XX:ReservedCodeCacheSize=
#   JVM is running with Unscaled Compressed Oops mode in which the Java heap is
#     placed in the first 4GB address space. The Java Heap base address is the
#     maximum limit for the native heap growth. Please use -XX:HeapBaseMinAddress
#     to set the Java Heap base and to place the Java Heap above 4GB virtual address.
# This output file may be truncated or incomplete.
#
#  Out of Memory Error (arena.cpp:168), pid=9352, tid=23068
#
# JRE version: OpenJDK Runtime Environment Temurin-21.0.8+9 (21.0.8+9) (build 21.0.8+9-LTS)
# Java VM: OpenJDK 64-Bit Server VM Temurin-21.0.8+9 (21.0.8+9-LTS, mixed mode, sharing, tiered, compressed oops, compressed class ptrs, parallel gc, windows-amd64)
# No core dump will be written. Minidumps are not enabled by default on client versions of Windows
#

---------------  S U M M A R Y ------------

Command Line: --add-modules=ALL-SYSTEM --add-opens=java.base/java.util=ALL-UNNAMED --add-opens=java.base/java.lang=ALL-UNNAMED --add-opens=java.base/sun.nio.fs=ALL-UNNAMED -Declipse.application=org.eclipse.jdt.ls.core.id1 -Dosgi.bundles.defaultStartLevel=4 -Declipse.product=org.eclipse.jdt.ls.core.product -Djava.import.generatesMetadataFilesAtProjectRoot=false -DDetectVMInstallationsJob.disabled=true -Dfile.encoding=utf8 -XX:+UseParallelGC -XX:GCTimeRatio=4 -XX:AdaptiveSizePolicyWeight=90 -Dsun.zip.disableMemoryMapping=true -Xmx2G -Xms100m -Xlog:disable -javaagent:c:\Users\ANKIT\.vscode\extensions\redhat.java-1.46.0-win32-x64\lombok\lombok-1.18.39-4050.jar -XX:+HeapDumpOnOutOfMemoryError -XX:HeapDumpPath=c:\Users\ANKIT\AppData\Roaming\Code\User\workspaceStorage\d4ce133bf22aadc5d977554e0ce369fd\redhat.java -Daether.dependencyCollector.impl=bf c:\Users\ANKIT\.vscode\extensions\redhat.java-1.46.0-win32-x64\server\plugins\org.eclipse.equinox.launcher_1.7.0.v20250519-0528.jar -configuration c:\Users\ANKIT\AppData\Roaming\Code\User\globalStorage\redhat.java\1.46.0\config_win -data c:\Users\ANKIT\AppData\Roaming\Code\User\workspaceStorage\d4ce133bf22aadc5d977554e0ce369fd\redhat.java\jdt_ws --pipe=\\.\pipe\lsp-0797c3468b22dbf42a972d23227806dd-sock

Host: AMD Ryzen 5 5600U with Radeon Graphics         , 12 cores, 15G,  Windows 10 , 64 bit Build 19041 (10.0.19041.5915)
Time: Fri Oct 31 21:58:46 2025 India Standard Time elapsed time: 3.425597 seconds (0d 0h 0m 3s)

---------------  T H R E A D  ---------------

Current thread (0x000001428b009980):  JavaThread "C2 CompilerThread0" daemon [_thread_in_native, id=23068, stack(0x000000174dd00000,0x000000174de00000) (1024K)]


Current CompileTask:
C2:3425 4288       4       org.lombokweb.asm.ClassReader::readMethod (1070 bytes)

Stack: [0x000000174dd00000,0x000000174de00000]
Native frames: (J=compiled Java code, j=interpreted, Vv=VM code, C=native code)
V  [jvm.dll+0x6d2449]
V  [jvm.dll+0x8ae341]
V  [jvm.dll+0x8b08be]
V  [jvm.dll+0x8b0fa3]
V  [jvm.dll+0x280c96]
V  [jvm.dll+0xc581d]
V  [jvm.dll+0xc5d53]
V  [jvm.dll+0x3b9162]
V  [jvm.dll+0x1e1213]
V  [jvm.dll+0x249022]
V  [jvm.dll+0x2484af]
V  [jvm.dll+0x1c89ee]
V  [jvm.dll+0x257d4d]
V  [jvm.dll+0x2562ea]
V  [jvm.dll+0x3f2d16]
V  [jvm.dll+0x857e6b]
V  [jvm.dll+0x6d0b0d]
C  [ucrtbase.dll+0x21bb2]
C  [KERNEL32.DLL+0x17374]
C  [ntdll.dll+0x4cc91]


---------------  P R O C E S S  ---------------

Threads class SMR info:
_java_thread_list=0x000001428eeb3d90, length=42, elements={
0x000001422d2a7220, 0x0000014243d42700, 0x0000014243d43b10, 0x0000014243d47eb0,
0x0000014243d48b00, 0x0000014243d49890, 0x000001428b000dc0, 0x000001428b009980,
0x000001428b00b4d0, 0x000001428b0e77f0, 0x000001428b2a8d30, 0x000001428b0e9f50,
0x000001428b57f730, 0x000001428b0ea5e0, 0x000001428b0e7e80, 0x000001428b0eac70,
0x000001428b0e8510, 0x000001428b0e98c0, 0x000001428b0e8ba0, 0x000001428c611510,
0x000001428c6128c0, 0x000001428c612f50, 0x000001428c614990, 0x000001428c613c70,
0x000001428c611ba0, 0x000001428c612230, 0x000001428e8e1560, 0x000001428e8e0ed0,
0x000001428e8dee00, 0x000001428e8de770, 0x000001428e8e01b0, 0x000001428e8df490,
0x000001428e8dfb20, 0x000001428e8e1bf0, 0x000001428e8e0840, 0x000001428ed764d0,
0x000001428ed73050, 0x000001428ed771f0, 0x000001428ed74a90, 0x000001428ed757b0,
0x000001428ed71610, 0x000001428ed76b60
}

Java Threads: ( => current thread )
  0x000001422d2a7220 JavaThread "main"                              [_thread_in_vm, id=17316, stack(0x000000174d300000,0x000000174d400000) (1024K)]
  0x0000014243d42700 JavaThread "Reference Handler"          daemon [_thread_blocked, id=17472, stack(0x000000174d700000,0x000000174d800000) (1024K)]
  0x0000014243d43b10 JavaThread "Finalizer"                  daemon [_thread_blocked, id=19352, stack(0x000000174d800000,0x000000174d900000) (1024K)]
  0x0000014243d47eb0 JavaThread "Signal Dispatcher"          daemon [_thread_blocked, id=21016, stack(0x000000174d900000,0x000000174da00000) (1024K)]
  0x0000014243d48b00 JavaThread "Attach Listener"            daemon [_thread_blocked, id=18808, stack(0x000000174da00000,0x000000174db00000) (1024K)]
  0x0000014243d49890 JavaThread "Service Thread"             daemon [_thread_blocked, id=2552, stack(0x000000174db00000,0x000000174dc00000) (1024K)]
  0x000001428b000dc0 JavaThread "Monitor Deflation Thread"   daemon [_thread_blocked, id=1948, stack(0x000000174dc00000,0x000000174dd00000) (1024K)]
=>0x000001428b009980 JavaThread "C2 CompilerThread0"         daemon [_thread_in_native, id=23068, stack(0x000000174dd00000,0x000000174de00000) (1024K)]
  0x000001428b00b4d0 JavaThread "C1 CompilerThread0"         daemon [_thread_blocked, id=21688, stack(0x000000174de00000,0x000000174df00000) (1024K)]
  0x000001428b0e77f0 JavaThread "Common-Cleaner"             daemon [_thread_blocked, id=21316, stack(0x000000174df00000,0x000000174e000000) (1024K)]
  0x000001428b2a8d30 JavaThread "C2 CompilerThread1"         daemon [_thread_in_native, id=12328, stack(0x000000174e000000,0x000000174e100000) (1024K)]
  0x000001428b0e9f50 JavaThread "Notification Thread"        daemon [_thread_blocked, id=23544, stack(0x000000174e100000,0x000000174e200000) (1024K)]
  0x000001428b57f730 JavaThread "C2 CompilerThread2"         daemon [_thread_in_native, id=15232, stack(0x000000174e200000,0x000000174e300000) (1024K)]
  0x000001428b0ea5e0 JavaThread "Active Thread: Equinox Container: ae281807-e249-4568-9baa-64af28cb3456"        [_thread_blocked, id=24524, stack(0x000000174e900000,0x000000174ea00000) (1024K)]
  0x000001428b0e7e80 JavaThread "Refresh Thread: Equinox Container: ae281807-e249-4568-9baa-64af28cb3456" daemon [_thread_blocked, id=19708, stack(0x000000174ea00000,0x000000174eb00000) (1024K)]
  0x000001428b0eac70 JavaThread "Framework Event Dispatcher: Equinox Container: ae281807-e249-4568-9baa-64af28cb3456" daemon [_thread_blocked, id=5320, stack(0x000000174ec00000,0x000000174ed00000) (1024K)]
  0x000001428b0e8510 JavaThread "Start Level: Equinox Container: ae281807-e249-4568-9baa-64af28cb3456" daemon [_thread_blocked, id=12484, stack(0x000000174ed00000,0x000000174ee00000) (1024K)]
  0x000001428b0e98c0 JavaThread "Bundle File Closer"         daemon [_thread_blocked, id=10524, stack(0x000000174f000000,0x000000174f100000) (1024K)]
  0x000001428b0e8ba0 JavaThread "SCR Component Actor"        daemon [_thread_blocked, id=5684, stack(0x000000174f100000,0x000000174f200000) (1024K)]
  0x000001428c611510 JavaThread "Worker-JM"                         [_thread_blocked, id=15952, stack(0x000000174f200000,0x000000174f300000) (1024K)]
  0x000001428c6128c0 JavaThread "JNA Cleaner"                daemon [_thread_blocked, id=9544, stack(0x000000174f300000,0x000000174f400000) (1024K)]
  0x000001428c612f50 JavaThread "Worker-0"                          [_thread_blocked, id=6916, stack(0x000000174f400000,0x000000174f500000) (1024K)]
  0x000001428c614990 JavaThread "Worker-1: Refreshing workspace"        [_thread_in_native, id=7840, stack(0x000000174f500000,0x000000174f600000) (1024K)]
  0x000001428c613c70 JavaThread "Worker-2: Initialize After Load"        [_thread_blocked, id=19656, stack(0x000000174f600000,0x000000174f700000) (1024K)]
  0x000001428c611ba0 JavaThread "Java indexing"              daemon [_thread_blocked, id=18996, stack(0x000000174f700000,0x000000174f800000) (1024K)]
  0x000001428c612230 JavaThread "Worker-3"                          [_thread_blocked, id=17532, stack(0x000000174f800000,0x000000174f900000) (1024K)]
  0x000001428e8e1560 JavaThread "Worker-4: Updating Maven Dependencies"        [_thread_in_vm, id=22052, stack(0x000000174f900000,0x000000174fa00000) (1024K)]
  0x000001428e8e0ed0 JavaThread "Thread-1"                   daemon [_thread_in_native, id=22008, stack(0x000000174fa00000,0x000000174fb00000) (1024K)]
  0x000001428e8dee00 JavaThread "Thread-2"                   daemon [_thread_in_native, id=6912, stack(0x000000174fb00000,0x000000174fc00000) (1024K)]
  0x000001428e8de770 JavaThread "Thread-3"                   daemon [_thread_in_native, id=2988, stack(0x000000174fc00000,0x000000174fd00000) (1024K)]
  0x000001428e8e01b0 JavaThread "Thread-4"                   daemon [_thread_in_native, id=22952, stack(0x000000174fd00000,0x000000174fe00000) (1024K)]
  0x000001428e8df490 JavaThread "Thread-5"                   daemon [_thread_in_native, id=18680, stack(0x000000174fe00000,0x000000174ff00000) (1024K)]
  0x000001428e8dfb20 JavaThread "Thread-6"                   daemon [_thread_in_native, id=9700, stack(0x000000174ff00000,0x0000001750000000) (1024K)]
  0x000001428e8e1bf0 JavaThread "Thread-7"                   daemon [_thread_in_native, id=21336, stack(0x0000001750000000,0x0000001750100000) (1024K)]
  0x000001428e8e0840 JavaThread "Thread-8"                   daemon [_thread_in_native, id=20092, stack(0x0000001750100000,0x0000001750200000) (1024K)]
  0x000001428ed764d0 JavaThread "Thread-9"                   daemon [_thread_in_native, id=15668, stack(0x0000001750200000,0x0000001750300000) (1024K)]
  0x000001428ed73050 JavaThread "Thread-10"                  daemon [_thread_in_native, id=24376, stack(0x0000001750300000,0x0000001750400000) (1024K)]
  0x000001428ed771f0 JavaThread "Thread-11"                  daemon [_thread_in_native, id=23840, stack(0x0000001750400000,0x0000001750500000) (1024K)]
  0x000001428ed74a90 JavaThread "Thread-12"                  daemon [_thread_in_native, id=18296, stack(0x0000001750500000,0x0000001750600000) (1024K)]
  0x000001428ed757b0 JavaThread "Thread-13"                  daemon [_thread_in_native, id=22256, stack(0x0000001750600000,0x0000001750700000) (1024K)]
  0x000001428ed71610 JavaThread "pool-2-thread-1"                   [_thread_blocked, id=21076, stack(0x0000001750700000,0x0000001750800000) (1024K)]
  0x000001428ed76b60 JavaThread "Worker-5"                          [_thread_blocked, id=15492, stack(0x0000001750800000,0x0000001750900000) (1024K)]
Total: 42

Other Threads:
  0x0000014243d31ff0 VMThread "VM Thread"                           [id=11744, stack(0x000000174d600000,0x000000174d700000) (1024K)]
  0x000001422d30f890 WatcherThread "VM Periodic Task Thread"        [id=20508, stack(0x000000174d500000,0x000000174d600000) (1024K)]
  0x000001422d2c41c0 WorkerThread "GC Thread#0"                     [id=16940, stack(0x000000174d400000,0x000000174d500000) (1024K)]
  0x000001428b8174f0 WorkerThread "GC Thread#1"                     [id=12796, stack(0x000000174e300000,0x000000174e400000) (1024K)]
  0x000001428b330ff0 WorkerThread "GC Thread#2"                     [id=9540, stack(0x000000174e400000,0x000000174e500000) (1024K)]
  0x000001428b331390 WorkerThread "GC Thread#3"                     [id=24164, stack(0x000000174e500000,0x000000174e600000) (1024K)]
  0x000001428b331730 WorkerThread "GC Thread#4"                     [id=10744, stack(0x000000174e600000,0x000000174e700000) (1024K)]
  0x000001428b331ad0 WorkerThread "GC Thread#5"                     [id=5176, stack(0x000000174e700000,0x000000174e800000) (1024K)]
  0x000001428b331e70 WorkerThread "GC Thread#6"                     [id=10960, stack(0x000000174e800000,0x000000174e900000) (1024K)]
  0x000001428b3688f0 WorkerThread "GC Thread#7"                     [id=23192, stack(0x000000174eb00000,0x000000174ec00000) (1024K)]
  0x000001428c6f9a30 WorkerThread "GC Thread#8"                     [id=19804, stack(0x000000174ee00000,0x000000174ef00000) (1024K)]
  0x000001428c7f22e0 WorkerThread "GC Thread#9"                     [id=10872, stack(0x000000174ef00000,0x000000174f000000) (1024K)]
Total: 12

Threads with active compile tasks:
C2 CompilerThread0  3457 4288       4       org.lombokweb.asm.ClassReader::readMethod (1070 bytes)
C1 CompilerThread0  3457 5000       2       java.lang.reflect.Method::getAnnotation (6 bytes)
C2 CompilerThread1  3457 4980       4       java.util.regex.Pattern$Slice::match (79 bytes)
C2 CompilerThread2  3457 4819       4       org.eclipse.core.internal.watson.ElementTreeIterator::requestPath (100 bytes)
Total: 4

VM state: not at safepoint (normal execution)

VM Mutex/Monitor currently owned by a thread: None

Heap address: 0x0000000080000000, size: 2048 MB, Compressed Oops mode: 32-bit

CDS archive(s) mapped at: [0x0000014244000000-0x0000014244ba0000-0x0000014244ba0000), size 12189696, SharedBaseAddress: 0x0000014244000000, ArchiveRelocationMode: 1.
Compressed class space mapped at: 0x0000014245000000-0x0000014285000000, reserved size: 1073741824
Narrow klass base: 0x0000014244000000, Narrow klass shift: 0, Narrow klass range: 0x100000000

GC Precious Log:
 CardTable entry size: 512
 CPUs: 12 total, 12 available
 Memory: 15716M
 Large Page Support: Disabled
 NUMA Support: Disabled
 Compressed Oops: Enabled (32-bit)
 Alignments: Space 512K, Generation 512K, Heap 2M
 Heap Min Capacity: 100M
 Heap Initial Capacity: 100M
 Heap Max Capacity: 2G
 Pre-touch: Disabled
 Parallel Workers: 10

Heap:
 PSYoungGen      total 24576K, used 12054K [0x00000000d5580000, 0x00000000d7100000, 0x0000000100000000)
  eden space 22016K, 47% used [0x00000000d5580000,0x00000000d5fcdb30,0x00000000d6b00000)
  from space 2560K, 58% used [0x00000000d6c80000,0x00000000d6df7e40,0x00000000d6f00000)
  to   space 2048K, 0% used [0x00000000d6f00000,0x00000000d6f00000,0x00000000d7100000)
 ParOldGen       total 68608K, used 22269K [0x0000000080000000, 0x0000000084300000, 0x00000000d5580000)
  object space 68608K, 32% used [0x0000000080000000,0x00000000815bf678,0x0000000084300000)
 Metaspace       used 34205K, committed 35328K, reserved 1114112K
  class space    used 3470K, committed 3968K, reserved 1048576K

Card table byte_map: [0x000001422cc80000,0x000001422d090000] _byte_map_base: 0x000001422c880000

Marking Bits: (ParMarkBitMap*) 0x00007ffe615fa340
 Begin Bits: [0x000001423f750000, 0x0000014241750000)
 End Bits:   [0x0000014241750000, 0x0000014243750000)

Polling page: 0x000001422ca70000

Metaspace:

Usage:
  Non-class:     30.02 MB used.
      Class:      3.39 MB used.
       Both:     33.41 MB used.

Virtual space:
  Non-class space:       64.00 MB reserved,      30.62 MB ( 48%) committed,  1 nodes.
      Class space:        1.00 GB reserved,       3.88 MB ( <1%) committed,  1 nodes.
             Both:        1.06 GB reserved,      34.50 MB (  3%) committed. 

Chunk freelists:
   Non-Class:  928.00 KB
       Class:  12.03 MB
        Both:  12.94 MB

MaxMetaspaceSize: unlimited
CompressedClassSpaceSize: 1.00 GB
Initial GC threshold: 21.00 MB
Current GC threshold: 35.00 MB
CDS: on
 - commit_granule_bytes: 65536.
 - commit_granule_words: 8192.
 - virtual_space_node_default_size: 8388608.
 - enlarge_chunks_in_place: 1.
 - use_allocation_guard: 0.


Internal statistics:

num_allocs_failed_limit: 3.
num_arena_births: 722.
num_arena_deaths: 14.
num_vsnodes_births: 2.
num_vsnodes_deaths: 0.
num_space_committed: 552.
num_space_uncommitted: 0.
num_chunks_returned_to_freelist: 17.
num_chunks_taken_from_freelist: 2190.
num_chunk_merges: 9.
num_chunk_splits: 1372.
num_chunks_enlarged: 826.
num_inconsistent_stats: 0.

CodeHeap 'non-profiled nmethods': size=120000Kb used=2566Kb max_used=2566Kb free=117433Kb
 bounds [0x0000014237f70000, 0x0000014238200000, 0x000001423f4a0000]
CodeHeap 'profiled nmethods': size=120000Kb used=10560Kb max_used=10560Kb free=109439Kb
 bounds [0x00000142304a0000, 0x0000014230f00000, 0x00000142379d0000]
CodeHeap 'non-nmethods': size=5760Kb used=1356Kb max_used=1399Kb free=4403Kb
 bounds [0x00000142379d0000, 0x0000014237c40000, 0x0000014237f70000]
CodeCache: size=245760Kb, used=14482Kb, max_used=14525Kb, free=231275Kb
 total_blobs=5633, nmethods=4980, adapters=559, full_count=0
Compilation: enabled, stopped_count=0, restarted_count=0

Compilation events (20 events):
Event: 3.412 Thread 0x000001428b00b4d0 4947       2       java.lang.ClassLoader::createOrGetClassLoaderValueMap (37 bytes)
Event: 3.412 Thread 0x000001428b00b4d0 nmethod 4947 0x0000014230ed6790 code [0x0000014230ed6940, 0x0000014230ed6b18]
Event: 3.412 Thread 0x000001428b00b4d0 4945       1       sun.reflect.generics.tree.SimpleClassTypeSignature::getName (5 bytes)
Event: 3.412 Thread 0x000001428b00b4d0 nmethod 4945 0x00000142381e2310 code [0x00000142381e24a0, 0x00000142381e2568]
Event: 3.412 Thread 0x000001428b00b4d0 4946       1       sun.reflect.generics.tree.SimpleClassTypeSignature::getDollar (5 bytes)
Event: 3.412 Thread 0x000001428b00b4d0 nmethod 4946 0x00000142381e2610 code [0x00000142381e27a0, 0x00000142381e2870]
Event: 3.415 Thread 0x000001428b00b4d0 4948   !   2       org.eclipse.core.internal.jobs.InternalJob::setRunCanceled (43 bytes)
Event: 3.415 Thread 0x000001428b00b4d0 nmethod 4948 0x0000014230ed6c10 code [0x0000014230ed6dc0, 0x0000014230ed6fd8]
Event: 3.415 Thread 0x000001428b00b4d0 4950       2       org.eclipse.osgi.internal.loader.classpath.ClasspathEntry::findResource (65 bytes)
Event: 3.416 Thread 0x000001428b00b4d0 nmethod 4950 0x0000014230ed7110 code [0x0000014230ed7300, 0x0000014230ed7600]
Event: 3.416 Thread 0x000001428b00b4d0 4949       2       org.eclipse.osgi.storage.bundlefile.BundleFile::getResourceURL (24 bytes)
Event: 3.416 Thread 0x000001428b00b4d0 nmethod 4949 0x0000014230ed7810 code [0x0000014230ed79e0, 0x0000014230ed7ba8]
Event: 3.416 Thread 0x000001428b00b4d0 4951   !   2       org.eclipse.osgi.internal.loader.BundleLoader::findClass0 (491 bytes)
Event: 3.420 Thread 0x000001428b00b4d0 nmethod 4951 0x0000014230ed7c90 code [0x0000014230ed8240, 0x0000014230ed9b78]
Event: 3.420 Thread 0x000001428b00b4d0 4953       2       java.lang.Character::codePointAt (51 bytes)
Event: 3.420 Thread 0x000001428b00b4d0 nmethod 4953 0x0000014230edab90 code [0x0000014230edad60, 0x0000014230edafa8]
Event: 3.420 Thread 0x000001428b00b4d0 4954       2       java.lang.Character::isHighSurrogate (18 bytes)
Event: 3.420 Thread 0x000001428b00b4d0 nmethod 4954 0x0000014230edb090 code [0x0000014230edb220, 0x0000014230edb330]
Event: 3.420 Thread 0x000001428b00b4d0 4952       2       java.util.regex.Pattern$CharProperty::<init> (10 bytes)
Event: 3.421 Thread 0x000001428b00b4d0 nmethod 4952 0x0000014230edb390 code [0x0000014230edb520, 0x0000014230edb658]

GC Heap History (20 events):
Event: 2.111 GC heap before
{Heap before GC invocations=13 (full 0):
 PSYoungGen      total 22528K, used 22528K [0x00000000d5580000, 0x00000000d7380000, 0x0000000100000000)
  eden space 22016K, 100% used [0x00000000d5580000,0x00000000d6b00000,0x00000000d6b00000)
  from space 512K, 100% used [0x00000000d7300000,0x00000000d7380000,0x00000000d7380000)
  to   space 2560K, 0% used [0x00000000d6e80000,0x00000000d6e80000,0x00000000d7100000)
 ParOldGen       total 68608K, used 18287K [0x0000000080000000, 0x0000000084300000, 0x00000000d5580000)
  object space 68608K, 26% used [0x0000000080000000,0x00000000811dbdb0,0x0000000084300000)
 Metaspace       used 16856K, committed 17536K, reserved 1114112K
  class space    used 1760K, committed 2048K, reserved 1048576K
}
Event: 2.112 GC heap after
{Heap after GC invocations=13 (full 0):
 PSYoungGen      total 24576K, used 1796K [0x00000000d5580000, 0x00000000d7380000, 0x0000000100000000)
  eden space 22016K, 0% used [0x00000000d5580000,0x00000000d5580000,0x00000000d6b00000)
  from space 2560K, 70% used [0x00000000d6e80000,0x00000000d7041080,0x00000000d7100000)
  to   space 2048K, 0% used [0x00000000d7180000,0x00000000d7180000,0x00000000d7380000)
 ParOldGen       total 68608K, used 18303K [0x0000000080000000, 0x0000000084300000, 0x00000000d5580000)
  object space 68608K, 26% used [0x0000000080000000,0x00000000811dfdb0,0x0000000084300000)
 Metaspace       used 16856K, committed 17536K, reserved 1114112K
  class space    used 1760K, committed 2048K, reserved 1048576K
}
Event: 2.416 GC heap before
{Heap before GC invocations=14 (full 0):
 PSYoungGen      total 24576K, used 23812K [0x00000000d5580000, 0x00000000d7380000, 0x0000000100000000)
  eden space 22016K, 100% used [0x00000000d5580000,0x00000000d6b00000,0x00000000d6b00000)
  from space 2560K, 70% used [0x00000000d6e80000,0x00000000d7041080,0x00000000d7100000)
  to   space 2048K, 0% used [0x00000000d7180000,0x00000000d7180000,0x00000000d7380000)
 ParOldGen       total 68608K, used 18303K [0x0000000080000000, 0x0000000084300000, 0x00000000d5580000)
  object space 68608K, 26% used [0x0000000080000000,0x00000000811dfdb0,0x0000000084300000)
 Metaspace       used 19049K, committed 19904K, reserved 1114112K
  class space    used 2007K, committed 2368K, reserved 1048576K
}
Event: 2.418 GC heap after
{Heap after GC invocations=14 (full 0):
 PSYoungGen      total 24064K, used 1814K [0x00000000d5580000, 0x00000000d7380000, 0x0000000100000000)
  eden space 22016K, 0% used [0x00000000d5580000,0x00000000d5580000,0x00000000d6b00000)
  from space 2048K, 88% used [0x00000000d7180000,0x00000000d7345a90,0x00000000d7380000)
  to   space 2048K, 0% used [0x00000000d6f80000,0x00000000d6f80000,0x00000000d7180000)
 ParOldGen       total 68608K, used 19970K [0x0000000080000000, 0x0000000084300000, 0x00000000d5580000)
  object space 68608K, 29% used [0x0000000080000000,0x0000000081380940,0x0000000084300000)
 Metaspace       used 19049K, committed 19904K, reserved 1114112K
  class space    used 2007K, committed 2368K, reserved 1048576K
}
Event: 2.531 GC heap before
{Heap before GC invocations=15 (full 0):
 PSYoungGen      total 24064K, used 16432K [0x00000000d5580000, 0x00000000d7380000, 0x0000000100000000)
  eden space 22016K, 66% used [0x00000000d5580000,0x00000000d63c6880,0x00000000d6b00000)
  from space 2048K, 88% used [0x00000000d7180000,0x00000000d7345a90,0x00000000d7380000)
  to   space 2048K, 0% used [0x00000000d6f80000,0x00000000d6f80000,0x00000000d7180000)
 ParOldGen       total 68608K, used 19970K [0x0000000080000000, 0x0000000084300000, 0x00000000d5580000)
  object space 68608K, 29% used [0x0000000080000000,0x0000000081380940,0x0000000084300000)
 Metaspace       used 20671K, committed 21504K, reserved 1114112K
  class space    used 2195K, committed 2560K, reserved 1048576K
}
Event: 2.533 GC heap after
{Heap after GC invocations=15 (full 0):
 PSYoungGen      total 23552K, used 1281K [0x00000000d5580000, 0x00000000d7200000, 0x0000000100000000)
  eden space 22016K, 0% used [0x00000000d5580000,0x00000000d5580000,0x00000000d6b00000)
  from space 1536K, 83% used [0x00000000d6f80000,0x00000000d70c0468,0x00000000d7100000)
  to   space 1024K, 0% used [0x00000000d7100000,0x00000000d7100000,0x00000000d7200000)
 ParOldGen       total 68608K, used 21069K [0x0000000080000000, 0x0000000084300000, 0x00000000d5580000)
  object space 68608K, 30% used [0x0000000080000000,0x00000000814936a0,0x0000000084300000)
 Metaspace       used 20671K, committed 21504K, reserved 1114112K
  class space    used 2195K, committed 2560K, reserved 1048576K
}
Event: 2.533 GC heap before
{Heap before GC invocations=16 (full 1):
 PSYoungGen      total 23552K, used 1281K [0x00000000d5580000, 0x00000000d7200000, 0x0000000100000000)
  eden space 22016K, 0% used [0x00000000d5580000,0x00000000d5580000,0x00000000d6b00000)
  from space 1536K, 83% used [0x00000000d6f80000,0x00000000d70c0468,0x00000000d7100000)
  to   space 1024K, 0% used [0x00000000d7100000,0x00000000d7100000,0x00000000d7200000)
 ParOldGen       total 68608K, used 21069K [0x0000000080000000, 0x0000000084300000, 0x00000000d5580000)
  object space 68608K, 30% used [0x0000000080000000,0x00000000814936a0,0x0000000084300000)
 Metaspace       used 20671K, committed 21504K, reserved 1114112K
  class space    used 2195K, committed 2560K, reserved 1048576K
}
Event: 2.560 GC heap after
{Heap after GC invocations=16 (full 1):
 PSYoungGen      total 23552K, used 0K [0x00000000d5580000, 0x00000000d7200000, 0x0000000100000000)
  eden space 22016K, 0% used [0x00000000d5580000,0x00000000d5580000,0x00000000d6b00000)
  from space 1536K, 0% used [0x00000000d6f80000,0x00000000d6f80000,0x00000000d7100000)
  to   space 1024K, 0% used [0x00000000d7100000,0x00000000d7100000,0x00000000d7200000)
 ParOldGen       total 68608K, used 15999K [0x0000000080000000, 0x0000000084300000, 0x00000000d5580000)
  object space 68608K, 23% used [0x0000000080000000,0x0000000080f9fce8,0x0000000084300000)
 Metaspace       used 20659K, committed 21504K, reserved 1114112K
  class space    used 2191K, committed 2560K, reserved 1048576K
}
Event: 2.671 GC heap before
{Heap before GC invocations=17 (full 1):
 PSYoungGen      total 23552K, used 21762K [0x00000000d5580000, 0x00000000d7200000, 0x0000000100000000)
  eden space 22016K, 98% used [0x00000000d5580000,0x00000000d6ac09f8,0x00000000d6b00000)
  from space 1536K, 0% used [0x00000000d6f80000,0x00000000d6f80000,0x00000000d7100000)
  to   space 1024K, 0% used [0x00000000d7100000,0x00000000d7100000,0x00000000d7200000)
 ParOldGen       total 68608K, used 15999K [0x0000000080000000, 0x0000000084300000, 0x00000000d5580000)
  object space 68608K, 23% used [0x0000000080000000,0x0000000080f9fce8,0x0000000084300000)
 Metaspace       used 22475K, committed 23296K, reserved 1114112K
  class space    used 2328K, committed 2688K, reserved 1048576K
}
Event: 2.672 GC heap after
{Heap after GC invocations=17 (full 1):
 PSYoungGen      total 23040K, used 718K [0x00000000d5580000, 0x00000000d7200000, 0x0000000100000000)
  eden space 22016K, 0% used [0x00000000d5580000,0x00000000d5580000,0x00000000d6b00000)
  from space 1024K, 70% used [0x00000000d7100000,0x00000000d71b3a38,0x00000000d7200000)
  to   space 1024K, 0% used [0x00000000d7000000,0x00000000d7000000,0x00000000d7100000)
 ParOldGen       total 68608K, used 16007K [0x0000000080000000, 0x0000000084300000, 0x00000000d5580000)
  object space 68608K, 23% used [0x0000000080000000,0x0000000080fa1ce8,0x0000000084300000)
 Metaspace       used 22475K, committed 23296K, reserved 1114112K
  class space    used 2328K, committed 2688K, reserved 1048576K
}
Event: 2.814 GC heap before
{Heap before GC invocations=18 (full 1):
 PSYoungGen      total 23040K, used 22734K [0x00000000d5580000, 0x00000000d7200000, 0x0000000100000000)
  eden space 22016K, 100% used [0x00000000d5580000,0x00000000d6b00000,0x00000000d6b00000)
  from space 1024K, 70% used [0x00000000d7100000,0x00000000d71b3a38,0x00000000d7200000)
  to   space 1024K, 0% used [0x00000000d7000000,0x00000000d7000000,0x00000000d7100000)
 ParOldGen       total 68608K, used 16007K [0x0000000080000000, 0x0000000084300000, 0x00000000d5580000)
  object space 68608K, 23% used [0x0000000080000000,0x0000000080fa1ce8,0x0000000084300000)
 Metaspace       used 25449K, committed 26304K, reserved 1114112K
  class space    used 2538K, committed 2944K, reserved 1048576K
}
Event: 2.816 GC heap after
{Heap after GC invocations=18 (full 1):
 PSYoungGen      total 23040K, used 997K [0x00000000d5580000, 0x00000000d7200000, 0x0000000100000000)
  eden space 22016K, 0% used [0x00000000d5580000,0x00000000d5580000,0x00000000d6b00000)
  from space 1024K, 97% used [0x00000000d7000000,0x00000000d70f9570,0x00000000d7100000)
  to   space 1024K, 0% used [0x00000000d7100000,0x00000000d7100000,0x00000000d7200000)
 ParOldGen       total 68608K, used 17891K [0x0000000080000000, 0x0000000084300000, 0x00000000d5580000)
  object space 68608K, 26% used [0x0000000080000000,0x0000000081178f40,0x0000000084300000)
 Metaspace       used 25449K, committed 26304K, reserved 1114112K
  class space    used 2538K, committed 2944K, reserved 1048576K
}
Event: 2.927 GC heap before
{Heap before GC invocations=19 (full 1):
 PSYoungGen      total 23040K, used 23013K [0x00000000d5580000, 0x00000000d7200000, 0x0000000100000000)
  eden space 22016K, 100% used [0x00000000d5580000,0x00000000d6b00000,0x00000000d6b00000)
  from space 1024K, 97% used [0x00000000d7000000,0x00000000d70f9570,0x00000000d7100000)
  to   space 1024K, 0% used [0x00000000d7100000,0x00000000d7100000,0x00000000d7200000)
 ParOldGen       total 68608K, used 17891K [0x0000000080000000, 0x0000000084300000, 0x00000000d5580000)
  object space 68608K, 26% used [0x0000000080000000,0x0000000081178f40,0x0000000084300000)
 Metaspace       used 26893K, committed 27776K, reserved 1114112K
  class space    used 2620K, committed 3008K, reserved 1048576K
}
Event: 2.929 GC heap after
{Heap after GC invocations=19 (full 1):
 PSYoungGen      total 23040K, used 561K [0x00000000d5580000, 0x00000000d7200000, 0x0000000100000000)
  eden space 22016K, 0% used [0x00000000d5580000,0x00000000d5580000,0x00000000d6b00000)
  from space 1024K, 54% used [0x00000000d7100000,0x00000000d718c478,0x00000000d7200000)
  to   space 1536K, 0% used [0x00000000d6f00000,0x00000000d6f00000,0x00000000d7080000)
 ParOldGen       total 68608K, used 19772K [0x0000000080000000, 0x0000000084300000, 0x00000000d5580000)
  object space 68608K, 28% used [0x0000000080000000,0x000000008134f218,0x0000000084300000)
 Metaspace       used 26893K, committed 27776K, reserved 1114112K
  class space    used 2620K, committed 3008K, reserved 1048576K
}
Event: 3.160 GC heap before
{Heap before GC invocations=20 (full 1):
 PSYoungGen      total 23040K, used 22577K [0x00000000d5580000, 0x00000000d7200000, 0x0000000100000000)
  eden space 22016K, 100% used [0x00000000d5580000,0x00000000d6b00000,0x00000000d6b00000)
  from space 1024K, 54% used [0x00000000d7100000,0x00000000d718c478,0x00000000d7200000)
  to   space 1536K, 0% used [0x00000000d6f00000,0x00000000d6f00000,0x00000000d7080000)
 ParOldGen       total 68608K, used 19772K [0x0000000080000000, 0x0000000084300000, 0x00000000d5580000)
  object space 68608K, 28% used [0x0000000080000000,0x000000008134f218,0x0000000084300000)
 Metaspace       used 29371K, committed 30272K, reserved 1114112K
  class space    used 2862K, committed 3264K, reserved 1048576K
}
Event: 3.162 GC heap after
{Heap after GC invocations=20 (full 1):
 PSYoungGen      total 23552K, used 1471K [0x00000000d5580000, 0x00000000d7180000, 0x0000000100000000)
  eden space 22016K, 0% used [0x00000000d5580000,0x00000000d5580000,0x00000000d6b00000)
  from space 1536K, 95% used [0x00000000d6f00000,0x00000000d706fc40,0x00000000d7080000)
  to   space 1024K, 0% used [0x00000000d7080000,0x00000000d7080000,0x00000000d7180000)
 ParOldGen       total 68608K, used 20054K [0x0000000080000000, 0x0000000084300000, 0x00000000d5580000)
  object space 68608K, 29% used [0x0000000080000000,0x0000000081395a48,0x0000000084300000)
 Metaspace       used 29371K, committed 30272K, reserved 1114112K
  class space    used 2862K, committed 3264K, reserved 1048576K
}
Event: 3.313 GC heap before
{Heap before GC invocations=21 (full 1):
 PSYoungGen      total 23552K, used 23270K [0x00000000d5580000, 0x00000000d7180000, 0x0000000100000000)
  eden space 22016K, 99% used [0x00000000d5580000,0x00000000d6ac9d68,0x00000000d6b00000)
  from space 1536K, 95% used [0x00000000d6f00000,0x00000000d706fc40,0x00000000d7080000)
  to   space 1024K, 0% used [0x00000000d7080000,0x00000000d7080000,0x00000000d7180000)
 ParOldGen       total 68608K, used 20054K [0x0000000080000000, 0x0000000084300000, 0x00000000d5580000)
  object space 68608K, 29% used [0x0000000080000000,0x0000000081395a48,0x0000000084300000)
 Metaspace       used 30896K, committed 31936K, reserved 1114112K
  class space    used 3031K, committed 3520K, reserved 1048576K
}
Event: 3.315 GC heap after
{Heap after GC invocations=21 (full 1):
 PSYoungGen      total 23040K, used 994K [0x00000000d5580000, 0x00000000d7180000, 0x0000000100000000)
  eden space 22016K, 0% used [0x00000000d5580000,0x00000000d5580000,0x00000000d6b00000)
  from space 1024K, 97% used [0x00000000d7080000,0x00000000d71789b8,0x00000000d7180000)
  to   space 2560K, 0% used [0x00000000d6c80000,0x00000000d6c80000,0x00000000d6f00000)
 ParOldGen       total 68608K, used 21364K [0x0000000080000000, 0x0000000084300000, 0x00000000d5580000)
  object space 68608K, 31% used [0x0000000080000000,0x00000000814dd3b8,0x0000000084300000)
 Metaspace       used 30896K, committed 31936K, reserved 1114112K
  class space    used 3031K, committed 3520K, reserved 1048576K
}
Event: 3.400 GC heap before
{Heap before GC invocations=22 (full 1):
 PSYoungGen      total 23040K, used 23010K [0x00000000d5580000, 0x00000000d7180000, 0x0000000100000000)
  eden space 22016K, 100% used [0x00000000d5580000,0x00000000d6b00000,0x00000000d6b00000)
  from space 1024K, 97% used [0x00000000d7080000,0x00000000d71789b8,0x00000000d7180000)
  to   space 2560K, 0% used [0x00000000d6c80000,0x00000000d6c80000,0x00000000d6f00000)
 ParOldGen       total 68608K, used 21364K [0x0000000080000000, 0x0000000084300000, 0x00000000d5580000)
  object space 68608K, 31% used [0x0000000080000000,0x00000000814dd3b8,0x0000000084300000)
 Metaspace       used 33211K, committed 34304K, reserved 1114112K
  class space    used 3335K, committed 3840K, reserved 1048576K
}
Event: 3.402 GC heap after
{Heap after GC invocations=22 (full 1):
 PSYoungGen      total 24576K, used 1503K [0x00000000d5580000, 0x00000000d7100000, 0x0000000100000000)
  eden space 22016K, 0% used [0x00000000d5580000,0x00000000d5580000,0x00000000d6b00000)
  from space 2560K, 58% used [0x00000000d6c80000,0x00000000d6df7e40,0x00000000d6f00000)
  to   space 2048K, 0% used [0x00000000d6f00000,0x00000000d6f00000,0x00000000d7100000)
 ParOldGen       total 68608K, used 22269K [0x0000000080000000, 0x0000000084300000, 0x00000000d5580000)
  object space 68608K, 32% used [0x0000000080000000,0x00000000815bf678,0x0000000084300000)
 Metaspace       used 33211K, committed 34304K, reserved 1114112K
  class space    used 3335K, committed 3840K, reserved 1048576K
}

Dll operation events (10 events):
Event: 0.007 Loaded shared library c:\Users\ANKIT\.vscode\extensions\redhat.java-1.46.0-win32-x64\jre\21.0.8-win32-x86_64\bin\java.dll
Event: 0.058 Loaded shared library c:\Users\ANKIT\.vscode\extensions\redhat.java-1.46.0-win32-x64\jre\21.0.8-win32-x86_64\bin\zip.dll
Event: 0.075 Loaded shared library C:\Users\ANKIT\.vscode\extensions\redhat.java-1.46.0-win32-x64\jre\21.0.8-win32-x86_64\bin\instrument.dll
Event: 0.079 Loaded shared library C:\Users\ANKIT\.vscode\extensions\redhat.java-1.46.0-win32-x64\jre\21.0.8-win32-x86_64\bin\net.dll
Event: 0.081 Loaded shared library C:\Users\ANKIT\.vscode\extensions\redhat.java-1.46.0-win32-x64\jre\21.0.8-win32-x86_64\bin\nio.dll
Event: 0.084 Loaded shared library C:\Users\ANKIT\.vscode\extensions\redhat.java-1.46.0-win32-x64\jre\21.0.8-win32-x86_64\bin\zip.dll
Event: 0.097 Loaded shared library C:\Users\ANKIT\.vscode\extensions\redhat.java-1.46.0-win32-x64\jre\21.0.8-win32-x86_64\bin\jimage.dll
Event: 0.152 Loaded shared library c:\Users\ANKIT\.vscode\extensions\redhat.java-1.46.0-win32-x64\jre\21.0.8-win32-x86_64\bin\verify.dll
Event: 0.947 Loaded shared library C:\Users\ANKIT\AppData\Roaming\Code\User\globalStorage\redhat.java\1.46.0\config_win\org.eclipse.equinox.launcher\org.eclipse.equinox.launcher.win32.win32.x86_64_1.2.1400.v20250801-0854\eclipse_11916.dll
Event: 2.061 Loaded shared library C:\Users\ANKIT\AppData\Local\Temp\jna-62426985\jna10705766387443505986.dll

Deoptimization events (20 events):
Event: 3.377 Thread 0x000001428c613c70 DEOPT PACKING pc=0x00000142381a2ac0 sp=0x000000174f6febd0
Event: 3.377 Thread 0x000001428c613c70 DEOPT UNPACKING pc=0x0000014237a23aa2 sp=0x000000174f6feb70 mode 2
Event: 3.406 Thread 0x000001428c614990 DEOPT PACKING pc=0x0000014230e9661f sp=0x000000174f5fed20
Event: 3.406 Thread 0x000001428c614990 DEOPT UNPACKING pc=0x0000014237a24242 sp=0x000000174f5fe1f8 mode 0
Event: 3.418 Thread 0x000001428e8e1560 Uncommon trap: trap_request=0xffffffde fr.pc=0x000001423817efb8 relative=0x00000000000000f8
Event: 3.418 Thread 0x000001428e8e1560 Uncommon trap: reason=class_check action=maybe_recompile pc=0x000001423817efb8 method=java.lang.Character.codePointAt(Ljava/lang/CharSequence;I)I @ 2 c2
Event: 3.418 Thread 0x000001428e8e1560 DEOPT PACKING pc=0x000001423817efb8 sp=0x000000174f9fe840
Event: 3.418 Thread 0x000001428e8e1560 DEOPT UNPACKING pc=0x0000014237a23aa2 sp=0x000000174f9fe7c8 mode 2
Event: 3.418 Thread 0x000001428e8e1560 Uncommon trap: trap_request=0xffffffde fr.pc=0x000001423817efb8 relative=0x00000000000000f8
Event: 3.418 Thread 0x000001428e8e1560 Uncommon trap: reason=class_check action=maybe_recompile pc=0x000001423817efb8 method=java.lang.Character.codePointAt(Ljava/lang/CharSequence;I)I @ 2 c2
Event: 3.419 Thread 0x000001428e8e1560 DEOPT PACKING pc=0x000001423817efb8 sp=0x000000174f9fe840
Event: 3.419 Thread 0x000001428e8e1560 DEOPT UNPACKING pc=0x0000014237a23aa2 sp=0x000000174f9fe7c8 mode 2
Event: 3.419 Thread 0x000001428e8e1560 Uncommon trap: trap_request=0xffffffde fr.pc=0x000001423817efb8 relative=0x00000000000000f8
Event: 3.419 Thread 0x000001428e8e1560 Uncommon trap: reason=class_check action=maybe_recompile pc=0x000001423817efb8 method=java.lang.Character.codePointAt(Ljava/lang/CharSequence;I)I @ 2 c2
Event: 3.419 Thread 0x000001428e8e1560 DEOPT PACKING pc=0x000001423817efb8 sp=0x000000174f9fe840
Event: 3.419 Thread 0x000001428e8e1560 DEOPT UNPACKING pc=0x0000014237a23aa2 sp=0x000000174f9fe7c8 mode 2
Event: 3.419 Thread 0x000001428e8e1560 Uncommon trap: trap_request=0xffffffde fr.pc=0x000001423817efb8 relative=0x00000000000000f8
Event: 3.419 Thread 0x000001428e8e1560 Uncommon trap: reason=class_check action=maybe_recompile pc=0x000001423817efb8 method=java.lang.Character.codePointAt(Ljava/lang/CharSequence;I)I @ 2 c2
Event: 3.419 Thread 0x000001428e8e1560 DEOPT PACKING pc=0x000001423817efb8 sp=0x000000174f9fe840
Event: 3.419 Thread 0x000001428e8e1560 DEOPT UNPACKING pc=0x0000014237a23aa2 sp=0x000000174f9fe7c8 mode 2

Classes loaded (20 events):
Event: 3.388 Loading class sun/reflect/generics/tree/MethodTypeSignature
Event: 3.388 Loading class sun/reflect/generics/tree/MethodTypeSignature done
Event: 3.393 Loading class java/lang/runtime/ObjectMethods
Event: 3.393 Loading class java/lang/runtime/ObjectMethods done
Event: 3.396 Loading class java/lang/invoke/MethodHandleImpl$Makers
Event: 3.396 Loading class java/lang/invoke/MethodHandleImpl$Makers done
Event: 3.396 Loading class java/lang/invoke/MethodHandleImpl$Makers$1
Event: 3.396 Loading class java/lang/invoke/MethodHandleImpl$Makers$1 done
Event: 3.396 Loading class java/lang/invoke/MethodHandleImpl$Makers$2
Event: 3.396 Loading class java/lang/invoke/MethodHandleImpl$Makers$2 done
Event: 3.396 Loading class java/lang/invoke/MethodHandleImpl$Makers$3
Event: 3.396 Loading class java/lang/invoke/MethodHandleImpl$Makers$3 done
Event: 3.399 Loading class java/lang/runtime/ObjectMethods$1
Event: 3.400 Loading class java/lang/runtime/ObjectMethods$1 done
Event: 3.400 Loading class java/lang/Deprecated
Event: 3.400 Loading class java/lang/Deprecated done
Event: 3.403 Loading class jdk/internal/vm/annotation/IntrinsicCandidate
Event: 3.403 Loading class jdk/internal/vm/annotation/IntrinsicCandidate done
Event: 3.418 Loading class java/io/FileReader
Event: 3.418 Loading class java/io/FileReader done

Classes unloaded (7 events):
Event: 2.537 Thread 0x0000014243d31ff0 Unloading class 0x00000142451b0c00 'java/lang/invoke/LambdaForm$MH+0x00000142451b0c00'
Event: 2.537 Thread 0x0000014243d31ff0 Unloading class 0x00000142451b0800 'java/lang/invoke/LambdaForm$MH+0x00000142451b0800'
Event: 2.537 Thread 0x0000014243d31ff0 Unloading class 0x00000142451b0400 'java/lang/invoke/LambdaForm$MH+0x00000142451b0400'
Event: 2.537 Thread 0x0000014243d31ff0 Unloading class 0x00000142451b0000 'java/lang/invoke/LambdaForm$MH+0x00000142451b0000'
Event: 2.537 Thread 0x0000014243d31ff0 Unloading class 0x00000142451afc00 'java/lang/invoke/LambdaForm$BMH+0x00000142451afc00'
Event: 2.537 Thread 0x0000014243d31ff0 Unloading class 0x00000142451af800 'java/lang/invoke/LambdaForm$DMH+0x00000142451af800'
Event: 2.537 Thread 0x0000014243d31ff0 Unloading class 0x00000142451ae400 'java/lang/invoke/LambdaForm$DMH+0x00000142451ae400'

Classes redefined (0 events):
No events

Internal exceptions (20 events):
Event: 3.205 Thread 0x000001428b0e8510 Exception <a 'java/io/FileNotFoundException'{0x00000000d57e43b0}> (0x00000000d57e43b0) 
thrown [s\src\hotspot\share\prims\jni.cpp, line 520]
Event: 3.223 Thread 0x000001428b0e8510 Exception <a 'java/lang/UnsatisfiedLinkError'{0x00000000d5975b70}: The specified procedure could not be found.
> (0x00000000d5975b70) 
thrown [s\src\hotspot\share\prims\jni.cpp, line 539]
Event: 3.228 Thread 0x000001428b0e8510 Exception <a 'java/io/FileNotFoundException'{0x00000000d598d790}> (0x00000000d598d790) 
thrown [s\src\hotspot\share\prims\jni.cpp, line 520]
Event: 3.236 Thread 0x000001428b0e8510 Exception <a 'java/io/FileNotFoundException'{0x00000000d5aa2158}> (0x00000000d5aa2158) 
thrown [s\src\hotspot\share\prims\jni.cpp, line 520]
Event: 3.240 Thread 0x000001428b0e8510 Exception <a 'java/lang/UnsatisfiedLinkError'{0x00000000d5ad3fe0}: The specified procedure could not be found.
> (0x00000000d5ad3fe0) 
thrown [s\src\hotspot\share\prims\jni.cpp, line 539]
Event: 3.281 Thread 0x000001428c612f50 Exception <a 'java/lang/NoSuchMethodError'{0x00000000d636e420}: 'void java.lang.invoke.DirectMethodHandle$Holder.invokeStaticInit(java.lang.Object, java.lang.Object, java.lang.Object, java.lang.Object)'> (0x00000000d636e420) 
thrown [s\src\hotspot\share\interpreter\linkResolver.cpp, line 773]
Event: 3.332 Thread 0x000001422d2a7220 Exception <a 'java/lang/NoSuchMethodError'{0x00000000d5c054c0}: 'java.lang.Object java.lang.invoke.DirectMethodHandle$Holder.invokeStatic(java.lang.Object, long, java.lang.Object)'> (0x00000000d5c054c0) 
thrown [s\src\hotspot\share\interpreter\linkResolver.cpp, line 773]
Event: 3.333 Thread 0x000001422d2a7220 Exception <a 'java/lang/NoSuchMethodError'{0x00000000d5c634e0}: 'java.lang.Object java.lang.invoke.DirectMethodHandle$Holder.invokeStaticInit(java.lang.Object, long, java.lang.Object)'> (0x00000000d5c634e0) 
thrown [s\src\hotspot\share\interpreter\linkResolver.cpp, line 773]
Event: 3.333 Thread 0x000001422d2a7220 Exception <a 'java/lang/NoSuchMethodError'{0x00000000d5c84b80}: 'java.lang.Object java.lang.invoke.DirectMethodHandle$Holder.newInvokeSpecial(java.lang.Object, long)'> (0x00000000d5c84b80) 
thrown [s\src\hotspot\share\interpreter\linkResolver.cpp, line 773]
Event: 3.352 Thread 0x000001428c613c70 Exception <a 'java/io/FileNotFoundException'{0x00000000d61781e8}> (0x00000000d61781e8) 
thrown [s\src\hotspot\share\prims\jni.cpp, line 520]
Event: 3.386 Thread 0x000001428e8e1560 Exception <a 'java/lang/NoSuchMethodError'{0x00000000d6886fe0}: 'java.lang.Object java.lang.invoke.DirectMethodHandle$Holder.newInvokeSpecial(java.lang.Object, java.lang.Object, java.lang.Object, java.lang.Object, java.lang.Object)'> (0x00000000d6886fe0) 
thrown [s\src\hotspot\share\interpreter\linkResolver.cpp, line 773]
Event: 3.394 Thread 0x000001428e8e1560 Exception <a 'java/lang/NoSuchMethodError'{0x00000000d69c00e8}: 'java.lang.Object java.lang.invoke.DirectMethodHandle$Holder.invokeStaticInit(java.lang.Object, java.lang.Object, java.lang.Object, java.lang.Object, java.lang.Object, java.lang.Object, java.lang.Object)'> (0x00000000d69c00e8) 
thrown [s\src\hotspot\share\interpreter\linkResolver.cpp, line 773]
Event: 3.395 Thread 0x000001428e8e1560 Exception <a 'java/lang/NoSuchMethodError'{0x00000000d69c4a30}: 'java.lang.Object java.lang.invoke.Invokers$Holder.invoke_MT(java.lang.Object, java.lang.Object, java.lang.Object, java.lang.Object, java.lang.Object, java.lang.Object, java.lang.Object, java.lang.Object, java.lang.Object)'> (0x00000000d69c4a30) 
thrown [s\src\hotspot\share\interpreter\linkResolver.cpp, line 773]
Event: 3.400 Thread 0x000001428e8e1560 Exception <a 'java/lang/NoSuchMethodError'{0x00000000d6ace398}: 'int java.lang.invoke.DirectMethodHandle$Holder.invokeVirtual(java.lang.Object, java.lang.Object, java.lang.Object)'> (0x00000000d6ace398) 
thrown [s\src\hotspot\share\interpreter\linkResolver.cpp, line 773]
Event: 3.400 Thread 0x000001428e8e1560 Exception <a 'java/lang/NoSuchMethodError'{0x00000000d6ad2430}: 'int java.lang.invoke.DirectMethodHandle$Holder.invokeStaticInit(java.lang.Object, int, int)'> (0x00000000d6ad2430) 
thrown [s\src\hotspot\share\interpreter\linkResolver.cpp, line 773]
Event: 3.402 Thread 0x000001428e8e1560 Exception <a 'java/lang/NoSuchMethodError'{0x00000000d558af10}: 'int java.lang.invoke.DirectMethodHandle$Holder.invokeStaticInit(java.lang.Object, long, long)'> (0x00000000d558af10) 
thrown [s\src\hotspot\share\interpreter\linkResolver.cpp, line 773]
Event: 3.403 Thread 0x000001428e8e1560 Exception <a 'java/lang/NoSuchMethodError'{0x00000000d55919a8}: 'int java.lang.invoke.DirectMethodHandle$Holder.invokeStaticInit(java.lang.Object, float, float)'> (0x00000000d55919a8) 
thrown [s\src\hotspot\share\interpreter\linkResolver.cpp, line 773]
Event: 3.403 Thread 0x000001428e8e1560 Exception <a 'java/lang/NoSuchMethodError'{0x00000000d55d1870}: 'int java.lang.invoke.DirectMethodHandle$Holder.invokeStaticInit(java.lang.Object, double, double)'> (0x00000000d55d1870) 
thrown [s\src\hotspot\share\interpreter\linkResolver.cpp, line 773]
Event: 3.404 Thread 0x000001428e8e1560 Exception <a 'java/lang/NoSuchMethodError'{0x00000000d55d5dd8}: 'int java.lang.invoke.DirectMethodHandle$Holder.invokeStatic(java.lang.Object, long)'> (0x00000000d55d5dd8) 
thrown [s\src\hotspot\share\interpreter\linkResolver.cpp, line 773]
Event: 3.406 Thread 0x000001428e8e1560 Exception <a 'java/lang/NoSuchMethodError'{0x00000000d5675838}: 'int java.lang.invoke.Invokers$Holder.linkToTargetMethod(java.lang.Object, java.lang.Object)'> (0x00000000d5675838) 
thrown [s\src\hotspot\share\interpreter\linkResolver.cpp, line 773]

ZGC Phase Switch (0 events):
No events

VM Operations (20 events):
Event: 2.671 Executing VM operation: ParallelGCFailedAllocation (Allocation Failure)
Event: 2.672 Executing VM operation: ParallelGCFailedAllocation (Allocation Failure) done
Event: 2.814 Executing VM operation: ParallelGCFailedAllocation (Allocation Failure)
Event: 2.816 Executing VM operation: ParallelGCFailedAllocation (Allocation Failure) done
Event: 2.927 Executing VM operation: ParallelGCFailedAllocation (Allocation Failure)
Event: 2.929 Executing VM operation: ParallelGCFailedAllocation (Allocation Failure) done
Event: 3.053 Executing VM operation: HandshakeAllThreads (Deoptimize)
Event: 3.053 Executing VM operation: HandshakeAllThreads (Deoptimize) done
Event: 3.148 Executing VM operation: HandshakeAllThreads (Deoptimize)
Event: 3.148 Executing VM operation: HandshakeAllThreads (Deoptimize) done
Event: 3.160 Executing VM operation: ParallelGCFailedAllocation (Allocation Failure)
Event: 3.162 Executing VM operation: ParallelGCFailedAllocation (Allocation Failure) done
Event: 3.313 Executing VM operation: ParallelGCFailedAllocation (Allocation Failure)
Event: 3.315 Executing VM operation: ParallelGCFailedAllocation (Allocation Failure) done
Event: 3.333 Executing VM operation: HandshakeAllThreads (Deoptimize)
Event: 3.333 Executing VM operation: HandshakeAllThreads (Deoptimize) done
Event: 3.400 Executing VM operation: ParallelGCFailedAllocation (Allocation Failure)
Event: 3.402 Executing VM operation: ParallelGCFailedAllocation (Allocation Failure) done
Event: 3.412 Executing VM operation: HandshakeAllThreads (Deoptimize)
Event: 3.412 Executing VM operation: HandshakeAllThreads (Deoptimize) done

Memory protections (0 events):
No events

Nmethod flushes (0 events):
No events

Events (20 events):
Event: 2.231 Thread 0x000001428b0e8510 Thread added: 0x000001428c614990
Event: 2.432 Thread 0x000001428c614990 Thread added: 0x000001428c613c70
Event: 3.038 Thread 0x000001428b0e8510 Thread added: 0x000001428c611ba0
Event: 3.267 Thread 0x000001428c612f50 Thread added: 0x000001428c612230
Event: 3.321 Thread 0x000001428c612230 Thread added: 0x000001428e8e1560
Event: 3.342 Thread 0x000001422d2a7220 Thread added: 0x000001428e8e0ed0
Event: 3.343 Thread 0x000001422d2a7220 Thread added: 0x000001428e8dee00
Event: 3.343 Thread 0x000001422d2a7220 Thread added: 0x000001428e8de770
Event: 3.343 Thread 0x000001422d2a7220 Thread added: 0x000001428e8e01b0
Event: 3.343 Thread 0x000001422d2a7220 Thread added: 0x000001428e8df490
Event: 3.343 Thread 0x000001422d2a7220 Thread added: 0x000001428e8dfb20
Event: 3.343 Thread 0x000001422d2a7220 Thread added: 0x000001428e8e1bf0
Event: 3.344 Thread 0x000001422d2a7220 Thread added: 0x000001428e8e0840
Event: 3.344 Thread 0x000001422d2a7220 Thread added: 0x000001428ed764d0
Event: 3.344 Thread 0x000001422d2a7220 Thread added: 0x000001428ed73050
Event: 3.344 Thread 0x000001422d2a7220 Thread added: 0x000001428ed771f0
Event: 3.345 Thread 0x000001422d2a7220 Thread added: 0x000001428ed74a90
Event: 3.345 Thread 0x000001422d2a7220 Thread added: 0x000001428ed757b0
Event: 3.372 Thread 0x000001422d2a7220 Thread added: 0x000001428ed71610
Event: 3.378 Thread 0x000001428e8e1560 Thread added: 0x000001428ed76b60


Dynamic libraries:
0x00007ff6ccf90000 - 0x00007ff6ccf9e000 	c:\Users\ANKIT\.vscode\extensions\redhat.java-1.46.0-win32-x64\jre\21.0.8-win32-x86_64\bin\java.exe
0x00007fff0d5f0000 - 0x00007fff0d7e8000 	C:\Windows\SYSTEM32\ntdll.dll
0x00007fff0b7f0000 - 0x00007fff0b8b2000 	C:\Windows\System32\KERNEL32.DLL
0x00007fff0acb0000 - 0x00007fff0afa6000 	C:\Windows\System32\KERNELBASE.dll
0x00007fff0b3b0000 - 0x00007fff0b4b0000 	C:\Windows\System32\ucrtbase.dll
0x00007ffe75850000 - 0x00007ffe75868000 	c:\Users\ANKIT\.vscode\extensions\redhat.java-1.46.0-win32-x64\jre\21.0.8-win32-x86_64\bin\jli.dll
0x00007ffe75800000 - 0x00007ffe7581e000 	c:\Users\ANKIT\.vscode\extensions\redhat.java-1.46.0-win32-x64\jre\21.0.8-win32-x86_64\bin\VCRUNTIME140.dll
0x00007fff0c710000 - 0x00007fff0c8b1000 	C:\Windows\System32\USER32.dll
0x00007fff0b4b0000 - 0x00007fff0b4d2000 	C:\Windows\System32\win32u.dll
0x00007fff0c180000 - 0x00007fff0c1ab000 	C:\Windows\System32\GDI32.dll
0x00007fff0b000000 - 0x00007fff0b119000 	C:\Windows\System32\gdi32full.dll
0x00007fff0b310000 - 0x00007fff0b3ad000 	C:\Windows\System32\msvcp_win.dll
0x00007ffeee800000 - 0x00007ffeeea9b000 	C:\Windows\WinSxS\amd64_microsoft.windows.common-controls_6595b64144ccf1df_6.0.19041.6456_none_60b8a6cb71f64256\COMCTL32.dll
0x00007fff0b900000 - 0x00007fff0b99e000 	C:\Windows\System32\msvcrt.dll
0x00007fff0b8c0000 - 0x00007fff0b8ef000 	C:\Windows\System32\IMM32.DLL
0x00007ffe9dde0000 - 0x00007ffe9ddec000 	c:\Users\ANKIT\.vscode\extensions\redhat.java-1.46.0-win32-x64\jre\21.0.8-win32-x86_64\bin\vcruntime140_1.dll
0x00007ffe75a10000 - 0x00007ffe75a9d000 	c:\Users\ANKIT\.vscode\extensions\redhat.java-1.46.0-win32-x64\jre\21.0.8-win32-x86_64\bin\msvcp140.dll
0x00007ffe60940000 - 0x00007ffe616d7000 	c:\Users\ANKIT\.vscode\extensions\redhat.java-1.46.0-win32-x64\jre\21.0.8-win32-x86_64\bin\server\jvm.dll
0x00007fff0c1b0000 - 0x00007fff0c261000 	C:\Windows\System32\ADVAPI32.dll
0x00007fff0c270000 - 0x00007fff0c30f000 	C:\Windows\System32\sechost.dll
0x00007fff0b670000 - 0x00007fff0b790000 	C:\Windows\System32\RPCRT4.dll
0x00007fff0ac80000 - 0x00007fff0aca7000 	C:\Windows\System32\bcrypt.dll
0x00007fff0d540000 - 0x00007fff0d5ab000 	C:\Windows\System32\WS2_32.dll
0x00007fff0aae0000 - 0x00007fff0ab2b000 	C:\Windows\SYSTEM32\POWRPROF.dll
0x00007fff00410000 - 0x00007fff0041a000 	C:\Windows\SYSTEM32\VERSION.dll
0x00007fff003e0000 - 0x00007fff00407000 	C:\Windows\SYSTEM32\WINMM.dll
0x00007fff0aac0000 - 0x00007fff0aad2000 	C:\Windows\SYSTEM32\UMPDC.dll
0x00007fff09450000 - 0x00007fff09462000 	C:\Windows\SYSTEM32\kernel.appcore.dll
0x00007ffe9dda0000 - 0x00007ffe9ddaa000 	c:\Users\ANKIT\.vscode\extensions\redhat.java-1.46.0-win32-x64\jre\21.0.8-win32-x86_64\bin\jimage.dll
0x00007fff08a30000 - 0x00007fff08c31000 	C:\Windows\SYSTEM32\DBGHELP.DLL
0x00007ffef0330000 - 0x00007ffef0364000 	C:\Windows\SYSTEM32\dbgcore.DLL
0x00007fff0b120000 - 0x00007fff0b1a2000 	C:\Windows\System32\bcryptPrimitives.dll
0x00007fff07170000 - 0x00007fff0717f000 	c:\Users\ANKIT\.vscode\extensions\redhat.java-1.46.0-win32-x64\jre\21.0.8-win32-x86_64\bin\instrument.dll
0x00007ffe75880000 - 0x00007ffe7589f000 	c:\Users\ANKIT\.vscode\extensions\redhat.java-1.46.0-win32-x64\jre\21.0.8-win32-x86_64\bin\java.dll
0x00007fff0c8c0000 - 0x00007fff0d030000 	C:\Windows\System32\SHELL32.dll
0x00007fff08c90000 - 0x00007fff09435000 	C:\Windows\SYSTEM32\windows.storage.dll
0x00007fff0d050000 - 0x00007fff0d3a4000 	C:\Windows\System32\combase.dll
0x00007fff0a640000 - 0x00007fff0a66b000 	C:\Windows\SYSTEM32\Wldp.dll
0x00007fff0bf70000 - 0x00007fff0c03d000 	C:\Windows\System32\OLEAUT32.dll
0x00007fff0c0d0000 - 0x00007fff0c17d000 	C:\Windows\System32\SHCORE.dll
0x00007fff0b610000 - 0x00007fff0b66b000 	C:\Windows\System32\shlwapi.dll
0x00007fff0abb0000 - 0x00007fff0abd4000 	C:\Windows\SYSTEM32\profapi.dll
0x00007ffe759f0000 - 0x00007ffe75a08000 	c:\Users\ANKIT\.vscode\extensions\redhat.java-1.46.0-win32-x64\jre\21.0.8-win32-x86_64\bin\zip.dll
0x00007ffe79590000 - 0x00007ffe795a0000 	C:\Users\ANKIT\.vscode\extensions\redhat.java-1.46.0-win32-x64\jre\21.0.8-win32-x86_64\bin\net.dll
0x00007fff06e70000 - 0x00007fff06f7a000 	C:\Windows\SYSTEM32\WINHTTP.dll
0x00007fff0a330000 - 0x00007fff0a39a000 	C:\Windows\system32\mswsock.dll
0x00007ffe759d0000 - 0x00007ffe759e6000 	C:\Users\ANKIT\.vscode\extensions\redhat.java-1.46.0-win32-x64\jre\21.0.8-win32-x86_64\bin\nio.dll
0x00007fff07140000 - 0x00007fff07150000 	c:\Users\ANKIT\.vscode\extensions\redhat.java-1.46.0-win32-x64\jre\21.0.8-win32-x86_64\bin\verify.dll
0x00007fff02d10000 - 0x00007fff02d54000 	C:\Users\ANKIT\AppData\Roaming\Code\User\globalStorage\redhat.java\1.46.0\config_win\org.eclipse.equinox.launcher\org.eclipse.equinox.launcher.win32.win32.x86_64_1.2.1400.v20250801-0854\eclipse_11916.dll
0x00007fff0c320000 - 0x00007fff0c44b000 	C:\Windows\System32\ole32.dll
0x00007fff0a530000 - 0x00007fff0a548000 	C:\Windows\SYSTEM32\CRYPTSP.dll
0x00007fff09c50000 - 0x00007fff09c88000 	C:\Windows\system32\rsaenh.dll
0x00007fff0ab30000 - 0x00007fff0ab5e000 	C:\Windows\SYSTEM32\USERENV.dll
0x00007fff0a520000 - 0x00007fff0a52c000 	C:\Windows\SYSTEM32\CRYPTBASE.dll
0x00007fff0a010000 - 0x00007fff0a04b000 	C:\Windows\SYSTEM32\IPHLPAPI.DLL
0x00007fff0b8f0000 - 0x00007fff0b8f8000 	C:\Windows\System32\NSI.dll
0x00007ffee9650000 - 0x00007ffee9699000 	C:\Users\ANKIT\AppData\Local\Temp\jna-62426985\jna10705766387443505986.dll
0x00007fff0d4d0000 - 0x00007fff0d4d8000 	C:\Windows\System32\PSAPI.DLL
0x00007fff02ad0000 - 0x00007fff02ae7000 	C:\Windows\SYSTEM32\dhcpcsvc6.DLL
0x00007fff02ea0000 - 0x00007fff02ebd000 	C:\Windows\SYSTEM32\dhcpcsvc.DLL

JVMTI agents:
c:\Users\ANKIT\.vscode\extensions\redhat.java-1.46.0-win32-x64\lombok\lombok-1.18.39-4050.jar path:c:\Users\ANKIT\.vscode\extensions\redhat.java-1.46.0-win32-x64\jre\21.0.8-win32-x86_64\bin\instrument.dll, loaded, initialized, instrumentlib options:none

dbghelp: loaded successfully - version: 4.0.5 - missing functions: none
symbol engine: initialized successfully - sym options: 0x614 - pdb path: .;c:\Users\ANKIT\.vscode\extensions\redhat.java-1.46.0-win32-x64\jre\21.0.8-win32-x86_64\bin;C:\Windows\SYSTEM32;C:\Windows\WinSxS\amd64_microsoft.windows.common-controls_6595b64144ccf1df_6.0.19041.6456_none_60b8a6cb71f64256;c:\Users\ANKIT\.vscode\extensions\redhat.java-1.46.0-win32-x64\jre\21.0.8-win32-x86_64\bin\server;C:\Users\ANKIT\AppData\Roaming\Code\User\globalStorage\redhat.java\1.46.0\config_win\org.eclipse.equinox.launcher\org.eclipse.equinox.launcher.win32.win32.x86_64_1.2.1400.v20250801-0854;C:\Users\ANKIT\AppData\Local\Temp\jna-62426985

VM Arguments:
jvm_args: --add-modules=ALL-SYSTEM --add-opens=java.base/java.util=ALL-UNNAMED --add-opens=java.base/java.lang=ALL-UNNAMED --add-opens=java.base/sun.nio.fs=ALL-UNNAMED -Declipse.application=org.eclipse.jdt.ls.core.id1 -Dosgi.bundles.defaultStartLevel=4 -Declipse.product=org.eclipse.jdt.ls.core.product -Djava.import.generatesMetadataFilesAtProjectRoot=false -DDetectVMInstallationsJob.disabled=true -Dfile.encoding=utf8 -XX:+UseParallelGC -XX:GCTimeRatio=4 -XX:AdaptiveSizePolicyWeight=90 -Dsun.zip.disableMemoryMapping=true -Xmx2G -Xms100m -Xlog:disable -javaagent:c:\Users\ANKIT\.vscode\extensions\redhat.java-1.46.0-win32-x64\lombok\lombok-1.18.39-4050.jar -XX:+HeapDumpOnOutOfMemoryError -XX:HeapDumpPath=c:\Users\ANKIT\AppData\Roaming\Code\User\workspaceStorage\d4ce133bf22aadc5d977554e0ce369fd\redhat.java -Daether.dependencyCollector.impl=bf 
java_command: c:\Users\ANKIT\.vscode\extensions\redhat.java-1.46.0-win32-x64\server\plugins\org.eclipse.equinox.launcher_1.7.0.v20250519-0528.jar -configuration c:\Users\ANKIT\AppData\Roaming\Code\User\globalStorage\redhat.java\1.46.0\config_win -data c:\Users\ANKIT\AppData\Roaming\Code\User\workspaceStorage\d4ce133bf22aadc5d977554e0ce369fd\redhat.java\jdt_ws --pipe=\\.\pipe\lsp-0797c3468b22dbf42a972d23227806dd-sock
java_class_path (initial): c:\Users\ANKIT\.vscode\extensions\redhat.java-1.46.0-win32-x64\server\plugins\org.eclipse.equinox.launcher_1.7.0.v20250519-0528.jar
Launcher Type: SUN_STANDARD

[Global flags]
    uintx AdaptiveSizePolicyWeight                 = 90                                        {product} {command line}
     intx CICompilerCount                          = 4                                         {product} {ergonomic}
    uintx GCTimeRatio                              = 4                                         {product} {command line}
     bool HeapDumpOnOutOfMemoryError               = true                                   {manageable} {command line}
    ccstr HeapDumpPath                             = c:\Users\ANKIT\AppData\Roaming\Code\User\workspaceStorage\d4ce133bf22aadc5d977554e0ce369fd\redhat.java         {manageable} {command line}
   size_t InitialHeapSize                          = 104857600                                 {product} {command line}
   size_t MaxHeapSize                              = 2147483648                                {product} {command line}
   size_t MaxNewSize                               = 715653120                                 {product} {ergonomic}
   size_t MinHeapDeltaBytes                        = 524288                                    {product} {ergonomic}
   size_t MinHeapSize                              = 104857600                                 {product} {command line}
   size_t NewSize                                  = 34603008                                  {product} {ergonomic}
    uintx NonNMethodCodeHeapSize                   = 5839372                                {pd product} {ergonomic}
    uintx NonProfiledCodeHeapSize                  = 122909434                              {pd product} {ergonomic}
   size_t OldSize                                  = 70254592                                  {product} {ergonomic}
    uintx ProfiledCodeHeapSize                     = 122909434                              {pd product} {ergonomic}
    uintx ReservedCodeCacheSize                    = 251658240                              {pd product} {ergonomic}
     bool SegmentedCodeCache                       = true                                      {product} {ergonomic}
   size_t SoftMaxHeapSize                          = 2147483648                             {manageable} {ergonomic}
     bool UseCompressedOops                        = true                           {product lp64_product} {ergonomic}
     bool UseLargePagesIndividualAllocation        = false                                  {pd product} {ergonomic}
     bool UseParallelGC                            = true                                      {product} {command line}

Logging:
Log output configuration:
 #0: stdout all=off uptime,level,tags foldmultilines=false
 #1: stderr all=off uptime,level,tags foldmultilines=false

Environment Variables:
JAVA_HOME=C:\Program Files\OpenLogic\jdk-17.0.9.9-hotspot
PATH=C:\Python313\Scripts\;C:\Python313\;C:\Program Files\OpenLogic\jdk-17.0.9.9-hotspot\bin;C:\Program Files\Eclipse Adoptium\jdk-17.0.6.10-hotspot\bin;C:\Program Files\Common Files\Oracle\Java\javapath;C:\Windows\system32;C:\Windows;C:\Windows\System32\Wbem;C:\Windows\System32\WindowsPowerShell\v1.0\;C:\Windows\System32\OpenSSH\;C:\Program Files\Java\jdk-18.0.2.1\bin;C:\MinGW\bin;C:\Users\ANKIT\AppData\Local\Android\Sdk\platform-tools;C:\Users\ANKIT\AppData\Local\Android\Sdk\cmdline-tools\latest\bin;C:\Users\ANKIT\AppData\Local\Android\Sdk;C:\Users\ANKIT\AppData\Local\Android\Sdk\emulator;E:\Microsoft VS Code\bin;C:\Users\ANKIT\AppData\Local\Programs\Python\Python39;C:\Users\ANKIT\AppData\Local\Programs\Python\Python39\Scripts;C:\Program Files\MySQL\MySQL Server 8.0\bin;C:\Users\ANKIT\flutterdart\bin;C:\ProgramData\chocolatey\bin;C:\Program Files\Git\cmd;C:\Program Files\starship\bin\;C:\Program Files\nodejs\;C:\Program Files\MySQL\MySQL Shell 8.0\bin\;C:\Users\ANKIT\AppData\Local\Microsoft\WindowsApps;E:\Microsoft VS Code\bin;E:\IntelliJ IDEA Community Edition 2022.2.1\bin;;C:\Program Files\Android\Android Studio\dartsdk-windows-x64-release\dart-sdk\bin;C:\Users\ANKIT\AppData\Local\Android\Sdk\platform-tools;C:\Users\ANKIT\AppData\Local\Android\Sdk\cmdline-tools\latest\bin;C:\Users\ANKIT\AppData\Local\Android\Sdk;C:\Users\ANKIT\AppData\Local\Android\Sdk\tools;C:\Users\ANKIT\AppData\Local\Android\Sdk\tools\bin;C:\Users\ANKIT\flutterdart\bin;C:\Program Files\OpenLogic\jdk-17.0.9.9-hotspot\bin;C:\Users\ANKIT\.bun\bin;C:\Users\ANKIT\AppData\Local\Android\Sdk\emulator;C:\Users\ANKIT\AppData\Roaming\npm
USERNAME=ANKIT
OS=Windows_NT
PROCESSOR_IDENTIFIER=AMD64 Family 25 Model 80 Stepping 0, AuthenticAMD
TMP=C:\Users\ANKIT\AppData\Local\Temp
TEMP=C:\Users\ANKIT\AppData\Local\Temp




Periodic native trim disabled

---------------  S Y S T E M  ---------------

OS:
 Windows 10 , 64 bit Build 19041 (10.0.19041.5915)
OS uptime: 0 days 11:44 hours

CPU: total 12 (initial active 12) (12 cores per cpu, 2 threads per core) family 25 model 80 stepping 0 microcode 0x0, cx8, cmov, fxsr, ht, mmx, 3dnowpref, sse, sse2, sse3, ssse3, sse4a, sse4.1, sse4.2, popcnt, lzcnt, tsc, tscinvbit, avx, avx2, aes, erms, clmul, bmi1, bmi2, adx, sha, fma, vzeroupper, clflush, clflushopt, rdtscp, rdpid, fsrm, f16c, pku, cet_ss
Processor Information for the first 12 processors :
  Max Mhz: 2301, Current Mhz: 2301, Mhz Limit: 2301

Memory: 4k page, system-wide physical 15716M (601M free)
TotalPageFile size 39185M (AvailPageFile size 4M)
current process WorkingSet (physical memory assigned to process): 204M, peak: 206M
current process commit charge ("private bytes"): 331M, peak: 335M

vm_info: OpenJDK 64-Bit Server VM (21.0.8+9-LTS) for windows-amd64 JRE (21.0.8+9-LTS), built on 2025-07-15T00:00:00Z by "admin" with MS VC++ 17.7 (VS2022)

END.
